{"C:\\Users\\jerom\\laragon\\www\\chess\\src\\constants.ts": {"path":"C:\\Users\\jerom\\laragon\\www\\chess\\src\\constants.ts","statementMap":{"0":{"start":{"line":6,"column":13},"end":{"line":6,"column":34}},"1":{"start":{"line":19,"column":13},"end":{"line":19,"column":27}},"2":{"start":{"line":22,"column":13},"end":{"line":22,"column":26}},"3":{"start":{"line":4,"column":13},"end":{"line":4,"column":38}},"4":{"start":{"line":3,"column":13},"end":{"line":3,"column":29}},"5":{"start":{"line":63,"column":13},"end":{"line":63,"column":23}},"6":{"start":{"line":20,"column":13},"end":{"line":20,"column":29}},"7":{"start":{"line":1,"column":47},"end":{"line":1,"column":null}},"8":{"start":{"line":3,"column":32},"end":{"line":3,"column":null}},"9":{"start":{"line":4,"column":41},"end":{"line":4,"column":null}},"10":{"start":{"line":6,"column":73},"end":{"line":17,"column":null}},"11":{"start":{"line":19,"column":42},"end":{"line":19,"column":68}},"12":{"start":{"line":20,"column":44},"end":{"line":20,"column":66}},"13":{"start":{"line":25,"column":4},"end":{"line":61,"column":null}},"14":{"start":{"line":63,"column":26},"end":{"line":105,"column":null}}},"fnMap":{},"branchMap":{},"s":{"0":0,"1":0,"2":0,"3":0,"4":0,"5":0,"6":0,"7":0,"8":0,"9":0,"10":0,"11":0,"12":0,"13":0,"14":0},"f":{},"b":{}}
,"C:\\Users\\jerom\\laragon\\www\\chess\\src\\components\\LinearProgressBar.tsx": {"path":"C:\\Users\\jerom\\laragon\\www\\chess\\src\\components\\LinearProgressBar.tsx","statementMap":{"0":{"start":{"line":55,"column":0},"end":{"line":55,"column":15}},"1":{"start":{"line":1,"column":42},"end":{"line":1,"column":null}},"2":{"start":{"line":8,"column":7},"end":{"line":8,"column":null}},"3":{"start":{"line":10,"column":26},"end":{"line":53,"column":null}},"4":{"start":{"line":13,"column":2},"end":{"line":13,"column":null}},"5":{"start":{"line":13,"column":25},"end":{"line":13,"column":null}},"6":{"start":{"line":32,"column":26},"end":{"line":43,"column":null}},"7":{"start":{"line":55,"column":15},"end":{"line":55,"column":null}}},"fnMap":{"0":{"name":"(anonymous_1)","decl":{"start":{"line":10,"column":26},"end":{"line":10,"column":null}},"loc":{"start":{"line":11,"column":2},"end":{"line":53,"column":null}}},"1":{"name":"(anonymous_2)","decl":{"start":{"line":32,"column":14},"end":{"line":32,"column":15}},"loc":{"start":{"line":32,"column":26},"end":{"line":43,"column":null}}}},"branchMap":{"0":{"loc":{"start":{"line":13,"column":2},"end":{"line":13,"column":null}},"type":"if","locations":[{"start":{"line":13,"column":2},"end":{"line":13,"column":null}}]},"1":{"loc":{"start":{"line":37,"column":35},"end":{"line":37,"column":78}},"type":"cond-expr","locations":[{"start":{"line":37,"column":68},"end":{"line":37,"column":74}},{"start":{"line":37,"column":74},"end":{"line":37,"column":78}}]}},"s":{"0":0,"1":0,"2":0,"3":0,"4":0,"5":0,"6":0,"7":0},"f":{"0":0,"1":0},"b":{"0":[0],"1":[0,0]}}
,"C:\\Users\\jerom\\laragon\\www\\chess\\src\\components\\NavLink.tsx": {"path":"C:\\Users\\jerom\\laragon\\www\\chess\\src\\components\\NavLink.tsx","statementMap":{"0":{"start":{"line":5,"column":24},"end":{"line":5,"column":32}},"1":{"start":{"line":1,"column":32},"end":{"line":1,"column":null}},"2":{"start":{"line":2,"column":21},"end":{"line":2,"column":null}}},"fnMap":{"0":{"name":"NavLink","decl":{"start":{"line":5,"column":24},"end":{"line":5,"column":32}},"loc":{"start":{"line":11,"column":1},"end":{"line":23,"column":null}}}},"branchMap":{},"s":{"0":0,"1":0,"2":0},"f":{"0":0},"b":{}}
,"C:\\Users\\jerom\\laragon\\www\\chess\\src\\components\\pageTitle.tsx": {"path":"C:\\Users\\jerom\\laragon\\www\\chess\\src\\components\\pageTitle.tsx","statementMap":{"0":{"start":{"line":3,"column":13},"end":{"line":3,"column":25}},"1":{"start":{"line":1,"column":17},"end":{"line":1,"column":null}},"2":{"start":{"line":3,"column":25},"end":{"line":10,"column":null}}},"fnMap":{"0":{"name":"(anonymous_2)","decl":{"start":{"line":3,"column":25},"end":{"line":3,"column":26}},"loc":{"start":{"line":3,"column":54},"end":{"line":10,"column":null}}}},"branchMap":{},"s":{"0":0,"1":0,"2":0},"f":{"0":0},"b":{}}
,"C:\\Users\\jerom\\laragon\\www\\chess\\src\\components\\slider.tsx": {"path":"C:\\Users\\jerom\\laragon\\www\\chess\\src\\components\\slider.tsx","statementMap":{"0":{"start":{"line":27,"column":24},"end":{"line":27,"column":31}},"1":{"start":{"line":1,"column":21},"end":{"line":1,"column":null}},"2":{"start":{"line":12,"column":7},"end":{"line":12,"column":null}},"3":{"start":{"line":13,"column":37},"end":{"line":13,"column":null}},"4":{"start":{"line":38,"column":34},"end":{"line":38,"column":null}},"5":{"start":{"line":40,"column":28},"end":{"line":42,"column":null}},"6":{"start":{"line":41,"column":4},"end":{"line":41,"column":null}},"7":{"start":{"line":44,"column":29},"end":{"line":46,"column":null}},"8":{"start":{"line":45,"column":4},"end":{"line":45,"column":null}},"9":{"start":{"line":100,"column":63},"end":{"line":103,"column":18}},"10":{"start":{"line":103,"column":35},"end":{"line":103,"column":null}},"11":{"start":{"line":109,"column":32},"end":{"line":109,"column":null}},"12":{"start":{"line":116,"column":21},"end":{"line":126,"column":null}},"13":{"start":{"line":116,"column":46},"end":{"line":126,"column":null}}},"fnMap":{"0":{"name":"Slider","decl":{"start":{"line":27,"column":24},"end":{"line":27,"column":31}},"loc":{"start":{"line":37,"column":8},"end":{"line":114,"column":null}}},"1":{"name":"(anonymous_2)","decl":{"start":{"line":40,"column":28},"end":{"line":40,"column":29}},"loc":{"start":{"line":40,"column":29},"end":{"line":42,"column":null}}},"2":{"name":"(anonymous_3)","decl":{"start":{"line":44,"column":29},"end":{"line":44,"column":null}},"loc":{"start":{"line":44,"column":29},"end":{"line":46,"column":null}}},"3":{"name":"(anonymous_4)","decl":{"start":{"line":100,"column":52},"end":{"line":100,"column":53}},"loc":{"start":{"line":100,"column":63},"end":{"line":103,"column":18}}},"4":{"name":"(anonymous_5)","decl":{"start":{"line":103,"column":25},"end":{"line":103,"column":26}},"loc":{"start":{"line":103,"column":35},"end":{"line":103,"column":null}}},"5":{"name":"(anonymous_6)","decl":{"start":{"line":109,"column":18},"end":{"line":109,"column":19}},"loc":{"start":{"line":109,"column":32},"end":{"line":109,"column":null}}},"6":{"name":"(anonymous_7)","decl":{"start":{"line":116,"column":39},"end":{"line":116,"column":46}},"loc":{"start":{"line":116,"column":46},"end":{"line":126,"column":null}}}},"branchMap":{"0":{"loc":{"start":{"line":35,"column":2},"end":{"line":35,"column":10}},"type":"default-arg","locations":[{"start":{"line":35,"column":9},"end":{"line":35,"column":10}}]},"1":{"loc":{"start":{"line":53,"column":12},"end":{"line":53,"column":null}},"type":"binary-expr","locations":[{"start":{"line":53,"column":12},"end":{"line":53,"column":20}},{"start":{"line":53,"column":20},"end":{"line":53,"column":null}}]},"2":{"loc":{"start":{"line":57,"column":11},"end":{"line":57,"column":67}},"type":"cond-expr","locations":[{"start":{"line":57,"column":39},"end":{"line":57,"column":47}},{"start":{"line":57,"column":47},"end":{"line":57,"column":67}}]},"3":{"loc":{"start":{"line":57,"column":11},"end":{"line":57,"column":39}},"type":"binary-expr","locations":[{"start":{"line":57,"column":11},"end":{"line":57,"column":25}},{"start":{"line":57,"column":25},"end":{"line":57,"column":39}}]},"4":{"loc":{"start":{"line":60,"column":9},"end":{"line":60,"column":null}},"type":"binary-expr","locations":[{"start":{"line":60,"column":9},"end":{"line":60,"column":null}}]},"5":{"loc":{"start":{"line":65,"column":27},"end":{"line":65,"column":null}},"type":"cond-expr","locations":[{"start":{"line":65,"column":38},"end":{"line":65,"column":61}},{"start":{"line":65,"column":61},"end":{"line":65,"column":null}}]},"6":{"loc":{"start":{"line":99,"column":10},"end":{"line":104,"column":null}},"type":"cond-expr","locations":[{"start":{"line":100,"column":14},"end":{"line":103,"column":null}},{"start":{"line":104,"column":14},"end":{"line":104,"column":null}}]}},"s":{"0":0,"1":0,"2":0,"3":0,"4":0,"5":0,"6":0,"7":0,"8":0,"9":0,"10":0,"11":0,"12":0,"13":0},"f":{"0":0,"1":0,"2":0,"3":0,"4":0,"5":0,"6":0},"b":{"0":[0],"1":[0,0],"2":[0,0],"3":[0,0],"4":[0],"5":[0,0],"6":[0,0]}}
,"C:\\Users\\jerom\\laragon\\www\\chess\\src\\components\\board\\capturedPieces.tsx": {"path":"C:\\Users\\jerom\\laragon\\www\\chess\\src\\components\\board\\capturedPieces.tsx","statementMap":{"0":{"start":{"line":13,"column":24},"end":{"line":13,"column":39}},"1":{"start":{"line":1,"column":57},"end":{"line":1,"column":null}},"2":{"start":{"line":2,"column":22},"end":{"line":2,"column":null}},"3":{"start":{"line":3,"column":54},"end":{"line":3,"column":null}},"4":{"start":{"line":4,"column":38},"end":{"line":4,"column":null}},"5":{"start":{"line":11,"column":20},"end":{"line":11,"column":null}},"6":{"start":{"line":14,"column":27},"end":{"line":19,"column":null}},"7":{"start":{"line":15,"column":27},"end":{"line":15,"column":null}},"8":{"start":{"line":16,"column":4},"end":{"line":17,"column":null}},"9":{"start":{"line":17,"column":6},"end":{"line":17,"column":null}},"10":{"start":{"line":21,"column":23},"end":{"line":24,"column":null}},"11":{"start":{"line":22,"column":25},"end":{"line":22,"column":null}},"12":{"start":{"line":23,"column":4},"end":{"line":23,"column":null}},"13":{"start":{"line":51,"column":36},"end":{"line":76,"column":null}},"14":{"start":{"line":55,"column":2},"end":{"line":55,"column":null}},"15":{"start":{"line":55,"column":19},"end":{"line":55,"column":null}},"16":{"start":{"line":57,"column":2},"end":{"line":60,"column":null}},"17":{"start":{"line":64,"column":8},"end":{"line":65,"column":null}}},"fnMap":{"0":{"name":"CapturedPieces","decl":{"start":{"line":13,"column":24},"end":{"line":13,"column":39}},"loc":{"start":{"line":13,"column":60},"end":{"line":49,"column":null}}},"1":{"name":"(anonymous_2)","decl":{"start":{"line":14,"column":35},"end":{"line":14,"column":null}},"loc":{"start":{"line":14,"column":35},"end":{"line":19,"column":5}}},"2":{"name":"(anonymous_3)","decl":{"start":{"line":16,"column":30},"end":{"line":16,"column":31}},"loc":{"start":{"line":17,"column":6},"end":{"line":17,"column":null}}},"3":{"name":"(anonymous_4)","decl":{"start":{"line":21,"column":31},"end":{"line":21,"column":null}},"loc":{"start":{"line":21,"column":31},"end":{"line":24,"column":5}}},"4":{"name":"(anonymous_5)","decl":{"start":{"line":51,"column":36},"end":{"line":51,"column":null}},"loc":{"start":{"line":53,"column":2},"end":{"line":76,"column":null}}},"5":{"name":"(anonymous_6)","decl":{"start":{"line":63,"column":41},"end":{"line":63,"column":42}},"loc":{"start":{"line":64,"column":8},"end":{"line":65,"column":null}}}},"branchMap":{"0":{"loc":{"start":{"line":23,"column":11},"end":{"line":23,"column":null}},"type":"cond-expr","locations":[{"start":{"line":23,"column":35},"end":{"line":23,"column":50}},{"start":{"line":23,"column":50},"end":{"line":23,"column":null}}]},"1":{"loc":{"start":{"line":38,"column":7},"end":{"line":38,"column":null}},"type":"binary-expr","locations":[{"start":{"line":38,"column":7},"end":{"line":38,"column":null}}]},"2":{"loc":{"start":{"line":55,"column":2},"end":{"line":55,"column":null}},"type":"if","locations":[{"start":{"line":55,"column":2},"end":{"line":55,"column":null}}]}},"s":{"0":0,"1":0,"2":0,"3":0,"4":0,"5":0,"6":0,"7":0,"8":0,"9":0,"10":0,"11":0,"12":0,"13":0,"14":0,"15":0,"16":0,"17":0},"f":{"0":0,"1":0,"2":0,"3":0,"4":0,"5":0},"b":{"0":[0,0],"1":[0],"2":[0]}}
,"C:\\Users\\jerom\\laragon\\www\\chess\\src\\components\\board\\evaluationBar.tsx": {"path":"C:\\Users\\jerom\\laragon\\www\\chess\\src\\components\\board\\evaluationBar.tsx","statementMap":{"0":{"start":{"line":14,"column":24},"end":{"line":14,"column":38}},"1":{"start":{"line":1,"column":47},"end":{"line":1,"column":null}},"2":{"start":{"line":2,"column":50},"end":{"line":2,"column":null}},"3":{"start":{"line":3,"column":36},"end":{"line":3,"column":null}},"4":{"start":{"line":4,"column":38},"end":{"line":4,"column":null}},"5":{"start":{"line":5,"column":22},"end":{"line":5,"column":null}},"6":{"start":{"line":19,"column":32},"end":{"line":22,"column":null}},"7":{"start":{"line":23,"column":19},"end":{"line":23,"column":null}},"8":{"start":{"line":25,"column":2},"end":{"line":31,"column":null}},"9":{"start":{"line":26,"column":21},"end":{"line":26,"column":45}},"10":{"start":{"line":27,"column":4},"end":{"line":27,"column":null}},"11":{"start":{"line":27,"column":59},"end":{"line":27,"column":null}},"12":{"start":{"line":29,"column":20},"end":{"line":29,"column":null}},"13":{"start":{"line":30,"column":4},"end":{"line":30,"column":null}}},"fnMap":{"0":{"name":"EvaluationBar","decl":{"start":{"line":14,"column":24},"end":{"line":14,"column":38}},"loc":{"start":{"line":18,"column":8},"end":{"line":104,"column":null}}},"1":{"name":"(anonymous_2)","decl":{"start":{"line":25,"column":12},"end":{"line":25,"column":null}},"loc":{"start":{"line":25,"column":12},"end":{"line":31,"column":5}}}},"branchMap":{"0":{"loc":{"start":{"line":17,"column":2},"end":{"line":17,"column":32}},"type":"default-arg","locations":[{"start":{"line":17,"column":24},"end":{"line":17,"column":32}}]},"1":{"loc":{"start":{"line":27,"column":4},"end":{"line":27,"column":null}},"type":"if","locations":[{"start":{"line":27,"column":4},"end":{"line":27,"column":null}}]},"2":{"loc":{"start":{"line":27,"column":8},"end":{"line":27,"column":59}},"type":"binary-expr","locations":[{"start":{"line":27,"column":8},"end":{"line":27,"column":22}},{"start":{"line":27,"column":26},"end":{"line":27,"column":39}},{"start":{"line":27,"column":39},"end":{"line":27,"column":59}}]},"3":{"loc":{"start":{"line":46,"column":12},"end":{"line":46,"column":null}},"type":"cond-expr","locations":[{"start":{"line":46,"column":47},"end":{"line":46,"column":59}},{"start":{"line":46,"column":59},"end":{"line":46,"column":null}}]},"4":{"loc":{"start":{"line":50,"column":10},"end":{"line":52,"column":40}},"type":"cond-expr","locations":[{"start":{"line":51,"column":14},"end":{"line":51,"column":46}},{"start":{"line":52,"column":14},"end":{"line":52,"column":40}}]},"5":{"loc":{"start":{"line":56,"column":10},"end":{"line":56,"column":null}},"type":"cond-expr","locations":[{"start":{"line":56,"column":47},"end":{"line":56,"column":55}},{"start":{"line":56,"column":55},"end":{"line":56,"column":null}}]},"6":{"loc":{"start":{"line":60,"column":17},"end":{"line":60,"column":null}},"type":"cond-expr","locations":[{"start":{"line":60,"column":52},"end":{"line":60,"column":62}},{"start":{"line":60,"column":62},"end":{"line":60,"column":null}}]},"7":{"loc":{"start":{"line":64,"column":11},"end":{"line":68,"column":null}},"type":"cond-expr","locations":[{"start":{"line":67,"column":14},"end":{"line":67,"column":27}},{"start":{"line":68,"column":14},"end":{"line":68,"column":null}}]},"8":{"loc":{"start":{"line":64,"column":11},"end":{"line":66,"column":79}},"type":"binary-expr","locations":[{"start":{"line":64,"column":11},"end":{"line":64,"column":null}},{"start":{"line":65,"column":12},"end":{"line":65,"column":44}},{"start":{"line":66,"column":11},"end":{"line":66,"column":47}},{"start":{"line":66,"column":47},"end":{"line":66,"column":79}}]},"9":{"loc":{"start":{"line":75,"column":12},"end":{"line":75,"column":null}},"type":"cond-expr","locations":[{"start":{"line":75,"column":47},"end":{"line":75,"column":57}},{"start":{"line":75,"column":57},"end":{"line":75,"column":null}}]},"10":{"loc":{"start":{"line":79,"column":10},"end":{"line":81,"column":46}},"type":"cond-expr","locations":[{"start":{"line":80,"column":14},"end":{"line":80,"column":40}},{"start":{"line":81,"column":14},"end":{"line":81,"column":46}}]},"11":{"loc":{"start":{"line":87,"column":10},"end":{"line":87,"column":null}},"type":"cond-expr","locations":[{"start":{"line":87,"column":47},"end":{"line":87,"column":55}},{"start":{"line":87,"column":55},"end":{"line":87,"column":null}}]},"12":{"loc":{"start":{"line":91,"column":17},"end":{"line":91,"column":null}},"type":"cond-expr","locations":[{"start":{"line":91,"column":52},"end":{"line":91,"column":62}},{"start":{"line":91,"column":62},"end":{"line":91,"column":null}}]},"13":{"loc":{"start":{"line":95,"column":11},"end":{"line":99,"column":null}},"type":"cond-expr","locations":[{"start":{"line":98,"column":14},"end":{"line":98,"column":27}},{"start":{"line":99,"column":14},"end":{"line":99,"column":null}}]},"14":{"loc":{"start":{"line":95,"column":11},"end":{"line":97,"column":78}},"type":"binary-expr","locations":[{"start":{"line":95,"column":11},"end":{"line":95,"column":null}},{"start":{"line":96,"column":12},"end":{"line":96,"column":44}},{"start":{"line":97,"column":11},"end":{"line":97,"column":46}},{"start":{"line":97,"column":46},"end":{"line":97,"column":78}}]}},"s":{"0":0,"1":0,"2":0,"3":0,"4":0,"5":0,"6":0,"7":0,"8":0,"9":0,"10":0,"11":0,"12":0,"13":0},"f":{"0":0,"1":0},"b":{"0":[0],"1":[0],"2":[0,0,0],"3":[0,0],"4":[0,0],"5":[0,0],"6":[0,0],"7":[0,0],"8":[0,0,0,0],"9":[0,0],"10":[0,0],"11":[0,0],"12":[0,0],"13":[0,0],"14":[0,0,0,0]}}
,"C:\\Users\\jerom\\laragon\\www\\chess\\src\\components\\board\\index.tsx": {"path":"C:\\Users\\jerom\\laragon\\www\\chess\\src\\components\\board\\index.tsx","statementMap":{"0":{"start":{"line":355,"column":13},"end":{"line":355,"column":24}},"1":{"start":{"line":39,"column":24},"end":{"line":39,"column":30}},"2":{"start":{"line":1,"column":35},"end":{"line":1,"column":null}},"3":{"start":{"line":2,"column":27},"end":{"line":2,"column":null}},"4":{"start":{"line":3,"column":62},"end":{"line":3,"column":null}},"5":{"start":{"line":12,"column":32},"end":{"line":12,"column":null}},"6":{"start":{"line":13,"column":66},"end":{"line":13,"column":null}},"7":{"start":{"line":14,"column":42},"end":{"line":14,"column":null}},"8":{"start":{"line":16,"column":34},"end":{"line":16,"column":null}},"9":{"start":{"line":18,"column":26},"end":{"line":18,"column":null}},"10":{"start":{"line":19,"column":38},"end":{"line":19,"column":null}},"11":{"start":{"line":21,"column":25},"end":{"line":21,"column":null}},"12":{"start":{"line":22,"column":43},"end":{"line":22,"column":null}},"13":{"start":{"line":23,"column":22},"end":{"line":23,"column":null}},"14":{"start":{"line":52,"column":19},"end":{"line":52,"column":null}},"15":{"start":{"line":53,"column":15},"end":{"line":53,"column":null}},"16":{"start":{"line":54,"column":23},"end":{"line":54,"column":null}},"17":{"start":{"line":55,"column":29},"end":{"line":55,"column":null}},"18":{"start":{"line":55,"column":43},"end":{"line":55,"column":63}},"19":{"start":{"line":56,"column":28},"end":{"line":56,"column":null}},"20":{"start":{"line":57,"column":30},"end":{"line":57,"column":null}},"21":{"start":{"line":57,"column":44},"end":{"line":57,"column":64}},"22":{"start":{"line":58,"column":29},"end":{"line":58,"column":null}},"23":{"start":{"line":59,"column":19},"end":{"line":59,"column":null}},"24":{"start":{"line":60,"column":56},"end":{"line":60,"column":null}},"25":{"start":{"line":61,"column":44},"end":{"line":61,"column":null}},"26":{"start":{"line":62,"column":40},"end":{"line":62,"column":null}},"27":{"start":{"line":63,"column":19},"end":{"line":63,"column":null}},"28":{"start":{"line":64,"column":19},"end":{"line":64,"column":null}},"29":{"start":{"line":66,"column":18},"end":{"line":66,"column":null}},"30":{"start":{"line":68,"column":2},"end":{"line":70,"column":null}},"31":{"start":{"line":69,"column":4},"end":{"line":69,"column":null}},"32":{"start":{"line":72,"column":26},"end":{"line":78,"column":null}},"33":{"start":{"line":74,"column":6},"end":{"line":74,"column":null}},"34":{"start":{"line":74,"column":41},"end":{"line":74,"column":null}},"35":{"start":{"line":75,"column":6},"end":{"line":75,"column":null}},"36":{"start":{"line":75,"column":52},"end":{"line":75,"column":null}},"37":{"start":{"line":76,"column":6},"end":{"line":76,"column":null}},"38":{"start":{"line":81,"column":22},"end":{"line":93,"column":null}},"39":{"start":{"line":83,"column":6},"end":{"line":83,"column":null}},"40":{"start":{"line":83,"column":39},"end":{"line":83,"column":null}},"41":{"start":{"line":85,"column":21},"end":{"line":89,"column":null}},"42":{"start":{"line":91,"column":6},"end":{"line":91,"column":null}},"43":{"start":{"line":96,"column":25},"end":{"line":108,"column":null}},"44":{"start":{"line":98,"column":6},"end":{"line":98,"column":null}},"45":{"start":{"line":99,"column":6},"end":{"line":99,"column":null}},"46":{"start":{"line":100,"column":6},"end":{"line":100,"column":null}},"47":{"start":{"line":101,"column":6},"end":{"line":106,"column":null}},"48":{"start":{"line":102,"column":22},"end":{"line":102,"column":null}},"49":{"start":{"line":103,"column":8},"end":{"line":103,"column":null}},"50":{"start":{"line":103,"column":44},"end":{"line":103,"column":48}},"51":{"start":{"line":105,"column":8},"end":{"line":105,"column":null}},"52":{"start":{"line":111,"column":32},"end":{"line":154,"column":null}},"53":{"start":{"line":113,"column":6},"end":{"line":113,"column":null}},"54":{"start":{"line":115,"column":6},"end":{"line":119,"column":null}},"55":{"start":{"line":116,"column":8},"end":{"line":116,"column":null}},"56":{"start":{"line":116,"column":50},"end":{"line":116,"column":null}},"57":{"start":{"line":117,"column":8},"end":{"line":117,"column":null}},"58":{"start":{"line":118,"column":8},"end":{"line":118,"column":null}},"59":{"start":{"line":121,"column":25},"end":{"line":121,"column":null}},"60":{"start":{"line":122,"column":19},"end":{"line":122,"column":null}},"61":{"start":{"line":122,"column":42},"end":{"line":122,"column":null}},"62":{"start":{"line":124,"column":6},"end":{"line":127,"column":null}},"63":{"start":{"line":125,"column":8},"end":{"line":125,"column":null}},"64":{"start":{"line":126,"column":8},"end":{"line":126,"column":null}},"65":{"start":{"line":129,"column":6},"end":{"line":129,"column":null}},"66":{"start":{"line":131,"column":6},"end":{"line":138,"column":null}},"67":{"start":{"line":136,"column":8},"end":{"line":136,"column":null}},"68":{"start":{"line":137,"column":8},"end":{"line":137,"column":null}},"69":{"start":{"line":140,"column":21},"end":{"line":143,"column":null}},"70":{"start":{"line":145,"column":6},"end":{"line":145,"column":null}},"71":{"start":{"line":157,"column":33},"end":{"line":165,"column":null}},"72":{"start":{"line":159,"column":6},"end":{"line":162,"column":null}},"73":{"start":{"line":160,"column":8},"end":{"line":162,"column":null}},"74":{"start":{"line":161,"column":31},"end":{"line":161,"column":null}},"75":{"start":{"line":168,"column":31},"end":{"line":172,"column":null}},"76":{"start":{"line":170,"column":6},"end":{"line":170,"column":null}},"77":{"start":{"line":175,"column":29},"end":{"line":177,"column":null}},"78":{"start":{"line":176,"column":4},"end":{"line":176,"column":null}},"79":{"start":{"line":179,"column":33},"end":{"line":207,"column":null}},"80":{"start":{"line":181,"column":6},"end":{"line":181,"column":null}},"81":{"start":{"line":181,"column":18},"end":{"line":181,"column":null}},"82":{"start":{"line":182,"column":29},"end":{"line":182,"column":null}},"83":{"start":{"line":184,"column":6},"end":{"line":192,"column":null}},"84":{"start":{"line":185,"column":23},"end":{"line":189,"column":null}},"85":{"start":{"line":190,"column":8},"end":{"line":190,"column":null}},"86":{"start":{"line":191,"column":8},"end":{"line":191,"column":null}},"87":{"start":{"line":194,"column":6},"end":{"line":202,"column":null}},"88":{"start":{"line":195,"column":23},"end":{"line":199,"column":null}},"89":{"start":{"line":200,"column":8},"end":{"line":200,"column":null}},"90":{"start":{"line":201,"column":8},"end":{"line":201,"column":null}},"91":{"start":{"line":204,"column":6},"end":{"line":204,"column":null}},"92":{"start":{"line":205,"column":6},"end":{"line":205,"column":null}},"93":{"start":{"line":210,"column":32},"end":{"line":234,"column":null}},"94":{"start":{"line":211,"column":21},"end":{"line":211,"column":null}},"95":{"start":{"line":212,"column":31},"end":{"line":212,"column":null}},"96":{"start":{"line":214,"column":4},"end":{"line":231,"column":null}},"97":{"start":{"line":222,"column":28},"end":{"line":228,"column":null}},"98":{"start":{"line":230,"column":6},"end":{"line":230,"column":null}},"99":{"start":{"line":233,"column":4},"end":{"line":233,"column":null}},"100":{"start":{"line":236,"column":47},"end":{"line":248,"column":null}},"101":{"start":{"line":237,"column":4},"end":{"line":242,"column":null}},"102":{"start":{"line":250,"column":23},"end":{"line":266,"column":null}},"103":{"start":{"line":252,"column":6},"end":{"line":265,"column":null}},"104":{"start":{"line":264,"column":8},"end":{"line":264,"column":null}},"105":{"start":{"line":269,"column":27},"end":{"line":283,"column":null}},"106":{"start":{"line":270,"column":29},"end":{"line":273,"column":null}},"107":{"start":{"line":275,"column":4},"end":{"line":280,"column":null}},"108":{"start":{"line":276,"column":6},"end":{"line":279,"column":null}},"109":{"start":{"line":282,"column":4},"end":{"line":282,"column":null}},"110":{"start":{"line":355,"column":27},"end":{"line":368,"column":null}}},"fnMap":{"0":{"name":"Board","decl":{"start":{"line":39,"column":24},"end":{"line":39,"column":30}},"loc":{"start":{"line":51,"column":8},"end":{"line":353,"column":1}}},"1":{"name":"(anonymous_5)","decl":{"start":{"line":55,"column":37},"end":{"line":55,"column":43}},"loc":{"start":{"line":55,"column":43},"end":{"line":55,"column":63}}},"2":{"name":"(anonymous_6)","decl":{"start":{"line":57,"column":38},"end":{"line":57,"column":44}},"loc":{"start":{"line":57,"column":44},"end":{"line":57,"column":64}}},"3":{"name":"(anonymous_7)","decl":{"start":{"line":68,"column":12},"end":{"line":68,"column":null}},"loc":{"start":{"line":68,"column":12},"end":{"line":70,"column":5}}},"4":{"name":"(anonymous_8)","decl":{"start":{"line":73,"column":4},"end":{"line":73,"column":5}},"loc":{"start":{"line":73,"column":33},"end":{"line":77,"column":null}}},"5":{"name":"(anonymous_9)","decl":{"start":{"line":82,"column":4},"end":{"line":82,"column":5}},"loc":{"start":{"line":82,"column":37},"end":{"line":92,"column":null}}},"6":{"name":"(anonymous_10)","decl":{"start":{"line":97,"column":4},"end":{"line":97,"column":5}},"loc":{"start":{"line":97,"column":5},"end":{"line":107,"column":null}}},"7":{"name":"(anonymous_11)","decl":{"start":{"line":103,"column":37},"end":{"line":103,"column":38}},"loc":{"start":{"line":103,"column":44},"end":{"line":103,"column":48}}},"8":{"name":"(anonymous_12)","decl":{"start":{"line":112,"column":4},"end":{"line":112,"column":5}},"loc":{"start":{"line":112,"column":21},"end":{"line":146,"column":null}}},"9":{"name":"(anonymous_13)","decl":{"start":{"line":122,"column":35},"end":{"line":122,"column":36}},"loc":{"start":{"line":122,"column":42},"end":{"line":122,"column":null}}},"10":{"name":"(anonymous_14)","decl":{"start":{"line":158,"column":4},"end":{"line":158,"column":5}},"loc":{"start":{"line":158,"column":5},"end":{"line":164,"column":null}}},"11":{"name":"(anonymous_15)","decl":{"start":{"line":159,"column":24},"end":{"line":159,"column":25}},"loc":{"start":{"line":160,"column":8},"end":{"line":162,"column":null}}},"12":{"name":"(anonymous_16)","decl":{"start":{"line":161,"column":24},"end":{"line":161,"column":25}},"loc":{"start":{"line":161,"column":31},"end":{"line":161,"column":null}}},"13":{"name":"(anonymous_17)","decl":{"start":{"line":169,"column":4},"end":{"line":169,"column":5}},"loc":{"start":{"line":169,"column":16},"end":{"line":171,"column":null}}},"14":{"name":"(anonymous_18)","decl":{"start":{"line":175,"column":41},"end":{"line":175,"column":null}},"loc":{"start":{"line":175,"column":41},"end":{"line":177,"column":5}}},"15":{"name":"(anonymous_19)","decl":{"start":{"line":180,"column":4},"end":{"line":180,"column":5}},"loc":{"start":{"line":180,"column":50},"end":{"line":206,"column":null}}},"16":{"name":"(anonymous_20)","decl":{"start":{"line":210,"column":40},"end":{"line":210,"column":null}},"loc":{"start":{"line":210,"column":40},"end":{"line":234,"column":5}}},"17":{"name":"(anonymous_21)","decl":{"start":{"line":236,"column":55},"end":{"line":236,"column":null}},"loc":{"start":{"line":236,"column":55},"end":{"line":243,"column":5}}},"18":{"name":"(anonymous_22)","decl":{"start":{"line":251,"column":4},"end":{"line":251,"column":null}},"loc":{"start":{"line":252,"column":6},"end":{"line":265,"column":null}}},"19":{"name":"(anonymous_23)","decl":{"start":{"line":252,"column":39},"end":{"line":252,"column":40}},"loc":{"start":{"line":252,"column":45},"end":{"line":265,"column":9}}},"20":{"name":"(anonymous_25)","decl":{"start":{"line":269,"column":35},"end":{"line":269,"column":null}},"loc":{"start":{"line":269,"column":35},"end":{"line":283,"column":5}}}},"branchMap":{"0":{"loc":{"start":{"line":46,"column":2},"end":{"line":46,"column":32}},"type":"default-arg","locations":[{"start":{"line":46,"column":21},"end":{"line":46,"column":32}}]},"1":{"loc":{"start":{"line":47,"column":2},"end":{"line":47,"column":32}},"type":"default-arg","locations":[{"start":{"line":47,"column":24},"end":{"line":47,"column":32}}]},"2":{"loc":{"start":{"line":48,"column":2},"end":{"line":48,"column":27}},"type":"default-arg","locations":[{"start":{"line":48,"column":22},"end":{"line":48,"column":27}}]},"3":{"loc":{"start":{"line":50,"column":2},"end":{"line":50,"column":27}},"type":"default-arg","locations":[{"start":{"line":50,"column":22},"end":{"line":50,"column":27}}]},"4":{"loc":{"start":{"line":74,"column":6},"end":{"line":74,"column":null}},"type":"if","locations":[{"start":{"line":74,"column":6},"end":{"line":74,"column":null}}]},"5":{"loc":{"start":{"line":74,"column":10},"end":{"line":74,"column":41}},"type":"binary-expr","locations":[{"start":{"line":74,"column":10},"end":{"line":74,"column":31}},{"start":{"line":74,"column":31},"end":{"line":74,"column":41}}]},"6":{"loc":{"start":{"line":75,"column":6},"end":{"line":75,"column":null}},"type":"if","locations":[{"start":{"line":75,"column":6},"end":{"line":75,"column":null}}]},"7":{"loc":{"start":{"line":75,"column":10},"end":{"line":75,"column":50}},"type":"binary-expr","locations":[{"start":{"line":75,"column":10},"end":{"line":75,"column":30}},{"start":{"line":75,"column":30},"end":{"line":75,"column":50}}]},"8":{"loc":{"start":{"line":83,"column":6},"end":{"line":83,"column":null}},"type":"if","locations":[{"start":{"line":83,"column":6},"end":{"line":83,"column":null}}]},"9":{"loc":{"start":{"line":88,"column":19},"end":{"line":88,"column":null}},"type":"binary-expr","locations":[{"start":{"line":88,"column":19},"end":{"line":88,"column":46}},{"start":{"line":88,"column":46},"end":{"line":88,"column":null}}]},"10":{"loc":{"start":{"line":98,"column":23},"end":{"line":98,"column":null}},"type":"binary-expr","locations":[{"start":{"line":98,"column":23},"end":{"line":98,"column":33}},{"start":{"line":98,"column":33},"end":{"line":98,"column":null}}]},"11":{"loc":{"start":{"line":101,"column":6},"end":{"line":106,"column":null}},"type":"if","locations":[{"start":{"line":101,"column":6},"end":{"line":106,"column":null}},{"start":{"line":104,"column":13},"end":{"line":106,"column":null}}]},"12":{"loc":{"start":{"line":115,"column":6},"end":{"line":119,"column":null}},"type":"if","locations":[{"start":{"line":115,"column":6},"end":{"line":119,"column":null}}]},"13":{"loc":{"start":{"line":116,"column":8},"end":{"line":116,"column":null}},"type":"if","locations":[{"start":{"line":116,"column":8},"end":{"line":116,"column":null}}]},"14":{"loc":{"start":{"line":116,"column":12},"end":{"line":116,"column":50}},"type":"binary-expr","locations":[{"start":{"line":116,"column":12},"end":{"line":116,"column":21}},{"start":{"line":116,"column":21},"end":{"line":116,"column":50}}]},"15":{"loc":{"start":{"line":124,"column":6},"end":{"line":127,"column":null}},"type":"if","locations":[{"start":{"line":124,"column":6},"end":{"line":127,"column":null}}]},"16":{"loc":{"start":{"line":131,"column":6},"end":{"line":138,"column":null}},"type":"if","locations":[{"start":{"line":131,"column":6},"end":{"line":138,"column":null}}]},"17":{"loc":{"start":{"line":132,"column":8},"end":{"line":134,"column":null}},"type":"binary-expr","locations":[{"start":{"line":132,"column":8},"end":{"line":132,"column":null}},{"start":{"line":133,"column":9},"end":{"line":133,"column":32}},{"start":{"line":133,"column":32},"end":{"line":133,"column":null}},{"start":{"line":134,"column":11},"end":{"line":134,"column":33}},{"start":{"line":134,"column":33},"end":{"line":134,"column":50}}]},"18":{"loc":{"start":{"line":145,"column":21},"end":{"line":145,"column":null}},"type":"cond-expr","locations":[{"start":{"line":145,"column":30},"end":{"line":145,"column":42}},{"start":{"line":145,"column":42},"end":{"line":145,"column":null}}]},"19":{"loc":{"start":{"line":160,"column":8},"end":{"line":162,"column":null}},"type":"cond-expr","locations":[{"start":{"line":161,"column":12},"end":{"line":161,"column":null}},{"start":{"line":162,"column":12},"end":{"line":162,"column":null}}]},"20":{"loc":{"start":{"line":181,"column":6},"end":{"line":181,"column":null}},"type":"if","locations":[{"start":{"line":181,"column":6},"end":{"line":181,"column":null}}]},"21":{"loc":{"start":{"line":182,"column":29},"end":{"line":182,"column":null}},"type":"binary-expr","locations":[{"start":{"line":182,"column":29},"end":{"line":182,"column":56}},{"start":{"line":182,"column":56},"end":{"line":182,"column":null}}]},"22":{"loc":{"start":{"line":184,"column":6},"end":{"line":192,"column":null}},"type":"if","locations":[{"start":{"line":184,"column":6},"end":{"line":192,"column":null}}]},"23":{"loc":{"start":{"line":184,"column":10},"end":{"line":184,"column":40}},"type":"binary-expr","locations":[{"start":{"line":184,"column":10},"end":{"line":184,"column":27}},{"start":{"line":184,"column":27},"end":{"line":184,"column":40}}]},"24":{"loc":{"start":{"line":194,"column":6},"end":{"line":202,"column":null}},"type":"if","locations":[{"start":{"line":194,"column":6},"end":{"line":202,"column":null}}]},"25":{"loc":{"start":{"line":194,"column":10},"end":{"line":194,"column":22}},"type":"binary-expr","locations":[{"start":{"line":194,"column":10},"end":{"line":194,"column":18}},{"start":{"line":194,"column":18},"end":{"line":194,"column":22}}]},"26":{"loc":{"start":{"line":214,"column":4},"end":{"line":231,"column":null}},"type":"if","locations":[{"start":{"line":214,"column":4},"end":{"line":231,"column":null}}]},"27":{"loc":{"start":{"line":215,"column":6},"end":{"line":220,"column":55}},"type":"binary-expr","locations":[{"start":{"line":215,"column":6},"end":{"line":215,"column":null}},{"start":{"line":216,"column":6},"end":{"line":216,"column":null}},{"start":{"line":217,"column":6},"end":{"line":217,"column":52}},{"start":{"line":218,"column":6},"end":{"line":218,"column":55}},{"start":{"line":219,"column":6},"end":{"line":219,"column":54}},{"start":{"line":220,"column":6},"end":{"line":220,"column":55}}]},"28":{"loc":{"start":{"line":275,"column":4},"end":{"line":280,"column":null}},"type":"if","locations":[{"start":{"line":275,"column":4},"end":{"line":280,"column":null}}]},"29":{"loc":{"start":{"line":293,"column":7},"end":{"line":293,"column":null}},"type":"binary-expr","locations":[{"start":{"line":293,"column":7},"end":{"line":293,"column":null}}]},"30":{"loc":{"start":{"line":295,"column":18},"end":{"line":295,"column":null}},"type":"binary-expr","locations":[{"start":{"line":295,"column":18},"end":{"line":295,"column":53}},{"start":{"line":295,"column":53},"end":{"line":295,"column":66}},{"start":{"line":295,"column":66},"end":{"line":295,"column":null}}]},"31":{"loc":{"start":{"line":306,"column":21},"end":{"line":306,"column":null}},"type":"cond-expr","locations":[{"start":{"line":306,"column":41},"end":{"line":306,"column":45}},{"start":{"line":306,"column":45},"end":{"line":306,"column":null}}]},"32":{"loc":{"start":{"line":310,"column":17},"end":{"line":310,"column":77}},"type":"cond-expr","locations":[{"start":{"line":310,"column":52},"end":{"line":310,"column":63}},{"start":{"line":310,"column":66},"end":{"line":310,"column":77}}]},"33":{"loc":{"start":{"line":312,"column":18},"end":{"line":312,"column":null}},"type":"cond-expr","locations":[{"start":{"line":312,"column":53},"end":{"line":312,"column":67}},{"start":{"line":312,"column":67},"end":{"line":312,"column":null}}]},"34":{"loc":{"start":{"line":327,"column":14},"end":{"line":327,"column":null}},"type":"cond-expr","locations":[{"start":{"line":327,"column":49},"end":{"line":327,"column":59}},{"start":{"line":327,"column":59},"end":{"line":327,"column":null}}]},"35":{"loc":{"start":{"line":348,"column":18},"end":{"line":348,"column":null}},"type":"cond-expr","locations":[{"start":{"line":348,"column":53},"end":{"line":348,"column":67}},{"start":{"line":348,"column":67},"end":{"line":348,"column":null}}]}},"s":{"0":0,"1":0,"2":0,"3":0,"4":0,"5":0,"6":0,"7":0,"8":0,"9":0,"10":0,"11":0,"12":0,"13":0,"14":0,"15":0,"16":0,"17":0,"18":0,"19":0,"20":0,"21":0,"22":0,"23":0,"24":0,"25":0,"26":0,"27":0,"28":0,"29":0,"30":0,"31":0,"32":0,"33":0,"34":0,"35":0,"36":0,"37":0,"38":0,"39":0,"40":0,"41":0,"42":0,"43":0,"44":0,"45":0,"46":0,"47":0,"48":0,"49":0,"50":0,"51":0,"52":0,"53":0,"54":0,"55":0,"56":0,"57":0,"58":0,"59":0,"60":0,"61":0,"62":0,"63":0,"64":0,"65":0,"66":0,"67":0,"68":0,"69":0,"70":0,"71":0,"72":0,"73":0,"74":0,"75":0,"76":0,"77":0,"78":0,"79":0,"80":0,"81":0,"82":0,"83":0,"84":0,"85":0,"86":0,"87":0,"88":0,"89":0,"90":0,"91":0,"92":0,"93":0,"94":0,"95":0,"96":0,"97":0,"98":0,"99":0,"100":0,"101":0,"102":0,"103":0,"104":0,"105":0,"106":0,"107":0,"108":0,"109":0,"110":0},"f":{"0":0,"1":0,"2":0,"3":0,"4":0,"5":0,"6":0,"7":0,"8":0,"9":0,"10":0,"11":0,"12":0,"13":0,"14":0,"15":0,"16":0,"17":0,"18":0,"19":0,"20":0},"b":{"0":[0],"1":[0],"2":[0],"3":[0],"4":[0],"5":[0,0],"6":[0],"7":[0,0],"8":[0],"9":[0,0],"10":[0,0],"11":[0,0],"12":[0],"13":[0],"14":[0,0],"15":[0],"16":[0],"17":[0,0,0,0,0],"18":[0,0],"19":[0,0],"20":[0],"21":[0,0],"22":[0],"23":[0,0],"24":[0],"25":[0,0],"26":[0],"27":[0,0,0,0,0,0],"28":[0],"29":[0],"30":[0,0,0],"31":[0,0],"32":[0,0],"33":[0,0],"34":[0,0],"35":[0,0]}}
,"C:\\Users\\jerom\\laragon\\www\\chess\\src\\components\\board\\playerHeader.tsx": {"path":"C:\\Users\\jerom\\laragon\\www\\chess\\src\\components\\board\\playerHeader.tsx","statementMap":{"0":{"start":{"line":16,"column":24},"end":{"line":16,"column":37}},"1":{"start":{"line":1,"column":22},"end":{"line":1,"column":null}},"2":{"start":{"line":3,"column":57},"end":{"line":3,"column":null}},"3":{"start":{"line":4,"column":27},"end":{"line":4,"column":null}},"4":{"start":{"line":5,"column":44},"end":{"line":5,"column":null}},"5":{"start":{"line":7,"column":24},"end":{"line":7,"column":null}},"6":{"start":{"line":8,"column":32},"end":{"line":8,"column":null}},"7":{"start":{"line":17,"column":15},"end":{"line":17,"column":null}},"8":{"start":{"line":19,"column":18},"end":{"line":19,"column":null}},"9":{"start":{"line":21,"column":16},"end":{"line":37,"column":null}},"10":{"start":{"line":22,"column":17},"end":{"line":22,"column":null}},"11":{"start":{"line":24,"column":4},"end":{"line":33,"column":null}},"12":{"start":{"line":25,"column":22},"end":{"line":25,"column":null}},"13":{"start":{"line":26,"column":26},"end":{"line":26,"column":null}},"14":{"start":{"line":28,"column":22},"end":{"line":30,"column":null}},"15":{"start":{"line":30,"column":27},"end":{"line":30,"column":49}},"16":{"start":{"line":32,"column":6},"end":{"line":32,"column":null}},"17":{"start":{"line":35,"column":20},"end":{"line":35,"column":null}},"18":{"start":{"line":36,"column":4},"end":{"line":36,"column":null}},"19":{"start":{"line":101,"column":17},"end":{"line":113,"column":null}},"20":{"start":{"line":102,"column":2},"end":{"line":102,"column":null}},"21":{"start":{"line":102,"column":16},"end":{"line":102,"column":null}},"22":{"start":{"line":104,"column":16},"end":{"line":104,"column":null}},"23":{"start":{"line":105,"column":2},"end":{"line":105,"column":null}},"24":{"start":{"line":105,"column":14},"end":{"line":105,"column":null}},"25":{"start":{"line":107,"column":2},"end":{"line":112,"column":null}}},"fnMap":{"0":{"name":"PlayerHeader","decl":{"start":{"line":16,"column":24},"end":{"line":16,"column":37}},"loc":{"start":{"line":16,"column":71},"end":{"line":99,"column":null}}},"1":{"name":"(anonymous_3)","decl":{"start":{"line":21,"column":24},"end":{"line":21,"column":null}},"loc":{"start":{"line":21,"column":24},"end":{"line":37,"column":5}}},"2":{"name":"(anonymous_4)","decl":{"start":{"line":30,"column":14},"end":{"line":30,"column":15}},"loc":{"start":{"line":30,"column":27},"end":{"line":30,"column":49}}},"3":{"name":"(anonymous_5)","decl":{"start":{"line":101,"column":17},"end":{"line":101,"column":18}},"loc":{"start":{"line":101,"column":18},"end":{"line":113,"column":null}}}},"branchMap":{"0":{"loc":{"start":{"line":24,"column":4},"end":{"line":33,"column":null}},"type":"if","locations":[{"start":{"line":24,"column":4},"end":{"line":33,"column":null}}]},"1":{"loc":{"start":{"line":54,"column":29},"end":{"line":54,"column":null}},"type":"cond-expr","locations":[{"start":{"line":54,"column":53},"end":{"line":54,"column":63}},{"start":{"line":54,"column":63},"end":{"line":54,"column":null}}]},"2":{"loc":{"start":{"line":55,"column":19},"end":{"line":55,"column":null}},"type":"cond-expr","locations":[{"start":{"line":55,"column":43},"end":{"line":55,"column":53}},{"start":{"line":55,"column":53},"end":{"line":55,"column":null}}]},"3":{"loc":{"start":{"line":66,"column":13},"end":{"line":66,"column":26}},"type":"binary-expr","locations":[{"start":{"line":66,"column":13},"end":{"line":66,"column":26}}]},"4":{"loc":{"start":{"line":77,"column":7},"end":{"line":77,"column":null}},"type":"binary-expr","locations":[{"start":{"line":77,"column":7},"end":{"line":77,"column":null}}]},"5":{"loc":{"start":{"line":81,"column":29},"end":{"line":81,"column":null}},"type":"cond-expr","locations":[{"start":{"line":81,"column":53},"end":{"line":81,"column":63}},{"start":{"line":81,"column":63},"end":{"line":81,"column":null}}]},"6":{"loc":{"start":{"line":82,"column":19},"end":{"line":82,"column":null}},"type":"cond-expr","locations":[{"start":{"line":82,"column":43},"end":{"line":82,"column":53}},{"start":{"line":82,"column":53},"end":{"line":82,"column":null}}]},"7":{"loc":{"start":{"line":90,"column":11},"end":{"line":90,"column":null}},"type":"cond-expr","locations":[{"start":{"line":90,"column":25},"end":{"line":90,"column":42}},{"start":{"line":90,"column":45},"end":{"line":90,"column":null}}]},"8":{"loc":{"start":{"line":92,"column":11},"end":{"line":94,"column":32}},"type":"cond-expr","locations":[{"start":{"line":93,"column":14},"end":{"line":93,"column":null}},{"start":{"line":94,"column":14},"end":{"line":94,"column":32}}]},"9":{"loc":{"start":{"line":92,"column":11},"end":{"line":92,"column":null}},"type":"binary-expr","locations":[{"start":{"line":92,"column":11},"end":{"line":92,"column":22}},{"start":{"line":92,"column":26},"end":{"line":92,"column":39}},{"start":{"line":92,"column":43},"end":{"line":92,"column":null}}]},"10":{"loc":{"start":{"line":102,"column":2},"end":{"line":102,"column":null}},"type":"if","locations":[{"start":{"line":102,"column":2},"end":{"line":102,"column":null}}]},"11":{"loc":{"start":{"line":105,"column":2},"end":{"line":105,"column":null}},"type":"if","locations":[{"start":{"line":105,"column":2},"end":{"line":105,"column":null}}]},"12":{"loc":{"start":{"line":111,"column":12},"end":{"line":111,"column":null}},"type":"cond-expr","locations":[{"start":{"line":111,"column":23},"end":{"line":111,"column":44}},{"start":{"line":111,"column":44},"end":{"line":111,"column":null}}]}},"s":{"0":0,"1":0,"2":0,"3":0,"4":0,"5":0,"6":0,"7":0,"8":0,"9":0,"10":0,"11":0,"12":0,"13":0,"14":0,"15":0,"16":0,"17":0,"18":0,"19":0,"20":0,"21":0,"22":0,"23":0,"24":0,"25":0},"f":{"0":0,"1":0,"2":0,"3":0},"b":{"0":[0],"1":[0,0],"2":[0,0],"3":[0],"4":[0],"5":[0,0],"6":[0,0],"7":[0,0],"8":[0,0],"9":[0,0,0],"10":[0],"11":[0],"12":[0,0]}}
,"C:\\Users\\jerom\\laragon\\www\\chess\\src\\components\\board\\squareRenderer.tsx": {"path":"C:\\Users\\jerom\\laragon\\www\\chess\\src\\components\\board\\squareRenderer.tsx","statementMap":{"0":{"start":{"line":20,"column":16},"end":{"line":20,"column":34}},"1":{"start":{"line":3,"column":50},"end":{"line":3,"column":null}},"2":{"start":{"line":4,"column":18},"end":{"line":4,"column":null}},"3":{"start":{"line":5,"column":51},"end":{"line":5,"column":null}},"4":{"start":{"line":10,"column":38},"end":{"line":10,"column":null}},"5":{"start":{"line":11,"column":29},"end":{"line":11,"column":null}},"6":{"start":{"line":26,"column":25},"end":{"line":85,"column":null}},"7":{"start":{"line":28,"column":42},"end":{"line":28,"column":null}},"8":{"start":{"line":29,"column":33},"end":{"line":29,"column":null}},"9":{"start":{"line":30,"column":23},"end":{"line":30,"column":null}},"10":{"start":{"line":31,"column":29},"end":{"line":31,"column":null}},"11":{"start":{"line":32,"column":30},"end":{"line":32,"column":null}},"12":{"start":{"line":33,"column":23},"end":{"line":33,"column":null}},"13":{"start":{"line":35,"column":25},"end":{"line":35,"column":null}},"14":{"start":{"line":36,"column":23},"end":{"line":36,"column":null}},"15":{"start":{"line":37,"column":33},"end":{"line":37,"column":null}},"16":{"start":{"line":39,"column":62},"end":{"line":46,"column":null}},"17":{"start":{"line":41,"column":10},"end":{"line":45,"column":null}},"18":{"start":{"line":49,"column":61},"end":{"line":52,"column":null}},"19":{"start":{"line":51,"column":10},"end":{"line":51,"column":null}},"20":{"start":{"line":88,"column":2},"end":{"line":88,"column":null}},"21":{"start":{"line":90,"column":2},"end":{"line":90,"column":null}},"22":{"start":{"line":93,"column":45},"end":{"line":99,"column":null}},"23":{"start":{"line":101,"column":44},"end":{"line":110,"column":null}},"24":{"start":{"line":112,"column":32},"end":{"line":122,"column":null}},"25":{"start":{"line":114,"column":21},"end":{"line":122,"column":null}}},"fnMap":{"0":{"name":"getSquareRenderer","decl":{"start":{"line":20,"column":16},"end":{"line":20,"column":34}},"loc":{"start":{"line":25,"column":8},"end":{"line":91,"column":null}}},"1":{"name":"(anonymous_3)","decl":{"start":{"line":27,"column":4},"end":{"line":27,"column":5}},"loc":{"start":{"line":27,"column":12},"end":{"line":85,"column":null}}},"2":{"name":"(anonymous_4)","decl":{"start":{"line":40,"column":8},"end":{"line":40,"column":null}},"loc":{"start":{"line":41,"column":10},"end":{"line":45,"column":null}}},"3":{"name":"(anonymous_5)","decl":{"start":{"line":50,"column":8},"end":{"line":50,"column":null}},"loc":{"start":{"line":51,"column":10},"end":{"line":51,"column":null}}},"4":{"name":"(anonymous_6)","decl":{"start":{"line":112,"column":32},"end":{"line":112,"column":null}},"loc":{"start":{"line":114,"column":21},"end":{"line":122,"column":null}}}},"branchMap":{"0":{"loc":{"start":{"line":24,"column":2},"end":{"line":24,"column":38}},"type":"default-arg","locations":[{"start":{"line":24,"column":27},"end":{"line":24,"column":38}}]},"1":{"loc":{"start":{"line":41,"column":10},"end":{"line":45,"column":null}},"type":"cond-expr","locations":[{"start":{"line":42,"column":14},"end":{"line":42,"column":null}},{"start":{"line":43,"column":14},"end":{"line":45,"column":null}}]},"2":{"loc":{"start":{"line":43,"column":14},"end":{"line":45,"column":null}},"type":"cond-expr","locations":[{"start":{"line":44,"column":16},"end":{"line":44,"column":null}},{"start":{"line":45,"column":16},"end":{"line":45,"column":null}}]},"3":{"loc":{"start":{"line":43,"column":14},"end":{"line":43,"column":null}},"type":"binary-expr","locations":[{"start":{"line":43,"column":14},"end":{"line":43,"column":39}},{"start":{"line":43,"column":39},"end":{"line":43,"column":null}}]},"4":{"loc":{"start":{"line":51,"column":10},"end":{"line":51,"column":null}},"type":"cond-expr","locations":[{"start":{"line":51,"column":45},"end":{"line":51,"column":68}},{"start":{"line":51,"column":68},"end":{"line":51,"column":null}}]},"5":{"loc":{"start":{"line":61,"column":20},"end":{"line":61,"column":null}},"type":"cond-expr","locations":[{"start":{"line":61,"column":31},"end":{"line":61,"column":60}},{"start":{"line":61,"column":63},"end":{"line":61,"column":null}}]},"6":{"loc":{"start":{"line":65,"column":11},"end":{"line":65,"column":35}},"type":"binary-expr","locations":[{"start":{"line":65,"column":11},"end":{"line":65,"column":35}}]},"7":{"loc":{"start":{"line":66,"column":11},"end":{"line":66,"column":34}},"type":"binary-expr","locations":[{"start":{"line":66,"column":11},"end":{"line":66,"column":34}}]},"8":{"loc":{"start":{"line":67,"column":11},"end":{"line":67,"column":33}},"type":"binary-expr","locations":[{"start":{"line":67,"column":11},"end":{"line":67,"column":33}},{"start":{"line":67,"column":33},"end":{"line":67,"column":55}},{"start":{"line":67,"column":55},"end":{"line":67,"column":null}}]},"9":{"loc":{"start":{"line":118,"column":19},"end":{"line":120,"column":null}},"type":"cond-expr","locations":[{"start":{"line":119,"column":6},"end":{"line":119,"column":47}},{"start":{"line":120,"column":6},"end":{"line":120,"column":null}}]}},"s":{"0":0,"1":0,"2":0,"3":0,"4":0,"5":0,"6":0,"7":0,"8":0,"9":0,"10":0,"11":0,"12":0,"13":0,"14":0,"15":0,"16":0,"17":0,"18":0,"19":0,"20":0,"21":0,"22":0,"23":0,"24":0,"25":0},"f":{"0":0,"1":0,"2":0,"3":0,"4":0},"b":{"0":[0],"1":[0,0],"2":[0,0],"3":[0,0],"4":[0,0],"5":[0,0],"6":[0],"7":[0],"8":[0,0,0],"9":[0,0]}}
,"C:\\Users\\jerom\\laragon\\www\\chess\\src\\components\\board\\states.ts": {"path":"C:\\Users\\jerom\\laragon\\www\\chess\\src\\components\\board\\states.ts","statementMap":{"0":{"start":{"line":8,"column":13},"end":{"line":8,"column":25}},"1":{"start":{"line":4,"column":13},"end":{"line":4,"column":25}},"2":{"start":{"line":2,"column":32},"end":{"line":2,"column":null}},"3":{"start":{"line":4,"column":28},"end":{"line":6,"column":null}},"4":{"start":{"line":8,"column":28},"end":{"line":8,"column":null}}},"fnMap":{},"branchMap":{},"s":{"0":0,"1":0,"2":0,"3":0,"4":0},"f":{},"b":{}}
,"C:\\Users\\jerom\\laragon\\www\\chess\\src\\components\\prettyMoveSan\\index.tsx": {"path":"C:\\Users\\jerom\\laragon\\www\\chess\\src\\components\\prettyMoveSan\\index.tsx","statementMap":{"0":{"start":{"line":23,"column":24},"end":{"line":23,"column":38}},"1":{"start":{"line":7,"column":7},"end":{"line":7,"column":null}},"2":{"start":{"line":8,"column":22},"end":{"line":8,"column":null}},"3":{"start":{"line":9,"column":24},"end":{"line":9,"column":null}},"4":{"start":{"line":11,"column":18},"end":{"line":13,"column":null}},"5":{"start":{"line":30,"column":16},"end":{"line":30,"column":null}},"6":{"start":{"line":31,"column":21},"end":{"line":31,"column":null}},"7":{"start":{"line":33,"column":25},"end":{"line":43,"column":null}},"8":{"start":{"line":34,"column":22},"end":{"line":34,"column":null}},"9":{"start":{"line":36,"column":20},"end":{"line":36,"column":null}},"10":{"start":{"line":37,"column":4},"end":{"line":37,"column":null}},"11":{"start":{"line":37,"column":18},"end":{"line":37,"column":null}},"12":{"start":{"line":39,"column":23},"end":{"line":39,"column":null}},"13":{"start":{"line":40,"column":17},"end":{"line":40,"column":50}},"14":{"start":{"line":42,"column":4},"end":{"line":42,"column":null}},"15":{"start":{"line":65,"column":62},"end":{"line":71,"column":null}}},"fnMap":{"0":{"name":"PrettyMoveSan","decl":{"start":{"line":23,"column":24},"end":{"line":23,"column":38}},"loc":{"start":{"line":29,"column":8},"end":{"line":63,"column":null}}},"1":{"name":"(anonymous_3)","decl":{"start":{"line":33,"column":33},"end":{"line":33,"column":null}},"loc":{"start":{"line":33,"column":33},"end":{"line":43,"column":5}}}},"branchMap":{"0":{"loc":{"start":{"line":37,"column":4},"end":{"line":37,"column":null}},"type":"if","locations":[{"start":{"line":37,"column":4},"end":{"line":37,"column":null}}]},"1":{"loc":{"start":{"line":39,"column":23},"end":{"line":39,"column":null}},"type":"cond-expr","locations":[{"start":{"line":39,"column":36},"end":{"line":39,"column":44}},{"start":{"line":39,"column":44},"end":{"line":39,"column":null}}]},"2":{"loc":{"start":{"line":39,"column":44},"end":{"line":39,"column":null}},"type":"cond-expr","locations":[{"start":{"line":39,"column":60},"end":{"line":39,"column":66}},{"start":{"line":39,"column":66},"end":{"line":39,"column":null}}]},"3":{"loc":{"start":{"line":47,"column":7},"end":{"line":47,"column":null}},"type":"binary-expr","locations":[{"start":{"line":47,"column":7},"end":{"line":47,"column":null}}]}},"s":{"0":0,"1":0,"2":0,"3":0,"4":0,"5":0,"6":0,"7":0,"8":0,"9":0,"10":0,"11":0,"12":0,"13":0,"14":0,"15":0},"f":{"0":0,"1":0},"b":{"0":[0],"1":[0,0],"2":[0,0],"3":[0]}}
,"C:\\Users\\jerom\\laragon\\www\\chess\\src\\data\\openings.ts": {"path":"C:\\Users\\jerom\\laragon\\www\\chess\\src\\data\\openings.ts","statementMap":{"0":{"start":{"line":1,"column":13},"end":{"line":1,"column":57}},"1":{"start":{"line":1,"column":57},"end":{"line":13606,"column":null}}},"fnMap":{},"branchMap":{},"s":{"0":0,"1":0},"f":{},"b":{}}
,"C:\\Users\\jerom\\laragon\\www\\chess\\src\\hooks\\useAtomLocalStorage.ts": {"path":"C:\\Users\\jerom\\laragon\\www\\chess\\src\\hooks\\useAtomLocalStorage.ts","statementMap":{"0":{"start":{"line":4,"column":16},"end":{"line":4,"column":null}},"1":{"start":{"line":1,"column":55},"end":{"line":1,"column":null}},"2":{"start":{"line":2,"column":36},"end":{"line":2,"column":null}},"3":{"start":{"line":8,"column":32},"end":{"line":8,"column":null}},"4":{"start":{"line":9,"column":40},"end":{"line":9,"column":null}},"5":{"start":{"line":11,"column":2},"end":{"line":17,"column":null}},"6":{"start":{"line":12,"column":4},"end":{"line":12,"column":null}},"7":{"start":{"line":13,"column":17},"end":{"line":13,"column":null}},"8":{"start":{"line":14,"column":4},"end":{"line":14,"column":null}},"9":{"start":{"line":14,"column":15},"end":{"line":14,"column":null}},"10":{"start":{"line":15,"column":18},"end":{"line":15,"column":null}},"11":{"start":{"line":16,"column":4},"end":{"line":16,"column":null}},"12":{"start":{"line":16,"column":15},"end":{"line":16,"column":null}},"13":{"start":{"line":19,"column":2},"end":{"line":22,"column":null}},"14":{"start":{"line":20,"column":4},"end":{"line":20,"column":null}},"15":{"start":{"line":20,"column":25},"end":{"line":20,"column":null}},"16":{"start":{"line":21,"column":4},"end":{"line":21,"column":null}},"17":{"start":{"line":24,"column":2},"end":{"line":24,"column":null}},"18":{"start":{"line":28,"column":2},"end":{"line":28,"column":null}}},"fnMap":{"0":{"name":"useAtomLocalStorage","decl":{"start":{"line":4,"column":16},"end":{"line":4,"column":null}},"loc":{"start":{"line":6,"column":24},"end":{"line":25,"column":null}}},"1":{"name":"(anonymous_2)","decl":{"start":{"line":11,"column":12},"end":{"line":11,"column":null}},"loc":{"start":{"line":11,"column":12},"end":{"line":17,"column":5}}},"2":{"name":"(anonymous_3)","decl":{"start":{"line":19,"column":12},"end":{"line":19,"column":null}},"loc":{"start":{"line":19,"column":12},"end":{"line":22,"column":5}}},"3":{"name":"parseJSON","decl":{"start":{"line":27,"column":9},"end":{"line":27,"column":22}},"loc":{"start":{"line":27,"column":35},"end":{"line":29,"column":null}}}},"branchMap":{"0":{"loc":{"start":{"line":14,"column":4},"end":{"line":14,"column":null}},"type":"if","locations":[{"start":{"line":14,"column":4},"end":{"line":14,"column":null}}]},"1":{"loc":{"start":{"line":16,"column":4},"end":{"line":16,"column":null}},"type":"if","locations":[{"start":{"line":16,"column":4},"end":{"line":16,"column":null}}]},"2":{"loc":{"start":{"line":20,"column":4},"end":{"line":20,"column":null}},"type":"if","locations":[{"start":{"line":20,"column":4},"end":{"line":20,"column":null}}]},"3":{"loc":{"start":{"line":28,"column":9},"end":{"line":28,"column":null}},"type":"cond-expr","locations":[{"start":{"line":28,"column":33},"end":{"line":28,"column":45}},{"start":{"line":28,"column":45},"end":{"line":28,"column":null}}]}},"s":{"0":0,"1":0,"2":0,"3":0,"4":0,"5":0,"6":0,"7":0,"8":0,"9":0,"10":0,"11":0,"12":0,"13":0,"14":0,"15":0,"16":0,"17":0,"18":0},"f":{"0":0,"1":0,"2":0,"3":0},"b":{"0":[0],"1":[0],"2":[0],"3":[0,0]}}
,"C:\\Users\\jerom\\laragon\\www\\chess\\src\\hooks\\useChessActions.ts": {"path":"C:\\Users\\jerom\\laragon\\www\\chess\\src\\hooks\\useChessActions.ts","statementMap":{"0":{"start":{"line":15,"column":13},"end":{"line":15,"column":31}},"1":{"start":{"line":1,"column":47},"end":{"line":1,"column":null}},"2":{"start":{"line":2,"column":56},"end":{"line":2,"column":null}},"3":{"start":{"line":4,"column":46},"end":{"line":4,"column":null}},"4":{"start":{"line":5,"column":39},"end":{"line":5,"column":null}},"5":{"start":{"line":6,"column":28},"end":{"line":6,"column":null}},"6":{"start":{"line":15,"column":31},"end":{"line":142,"column":null}},"7":{"start":{"line":16,"column":26},"end":{"line":16,"column":null}},"8":{"start":{"line":18,"column":17},"end":{"line":24,"column":null}},"9":{"start":{"line":20,"column":22},"end":{"line":20,"column":null}},"10":{"start":{"line":21,"column":6},"end":{"line":21,"column":null}},"11":{"start":{"line":22,"column":6},"end":{"line":22,"column":null}},"12":{"start":{"line":27,"column":16},"end":{"line":33,"column":null}},"13":{"start":{"line":29,"column":22},"end":{"line":29,"column":null}},"14":{"start":{"line":30,"column":6},"end":{"line":30,"column":null}},"15":{"start":{"line":30,"column":30},"end":{"line":30,"column":null}},"16":{"start":{"line":31,"column":6},"end":{"line":31,"column":null}},"17":{"start":{"line":36,"column":19},"end":{"line":53,"column":null}},"18":{"start":{"line":37,"column":20},"end":{"line":37,"column":null}},"19":{"start":{"line":39,"column":4},"end":{"line":49,"column":null}},"20":{"start":{"line":40,"column":26},"end":{"line":40,"column":null}},"21":{"start":{"line":41,"column":6},"end":{"line":48,"column":null}},"22":{"start":{"line":46,"column":8},"end":{"line":46,"column":null}},"23":{"start":{"line":47,"column":8},"end":{"line":47,"column":null}},"24":{"start":{"line":51,"column":4},"end":{"line":51,"column":null}},"25":{"start":{"line":52,"column":4},"end":{"line":52,"column":null}},"26":{"start":{"line":55,"column":34},"end":{"line":63,"column":null}},"27":{"start":{"line":57,"column":22},"end":{"line":57,"column":null}},"28":{"start":{"line":58,"column":6},"end":{"line":60,"column":null}},"29":{"start":{"line":61,"column":6},"end":{"line":61,"column":null}},"30":{"start":{"line":66,"column":19},"end":{"line":88,"column":null}},"31":{"start":{"line":73,"column":22},"end":{"line":73,"column":null}},"32":{"start":{"line":75,"column":6},"end":{"line":86,"column":null}},"33":{"start":{"line":76,"column":37},"end":{"line":76,"column":null}},"34":{"start":{"line":77,"column":23},"end":{"line":77,"column":null}},"35":{"start":{"line":78,"column":8},"end":{"line":78,"column":null}},"36":{"start":{"line":78,"column":21},"end":{"line":78,"column":null}},"37":{"start":{"line":80,"column":8},"end":{"line":80,"column":null}},"38":{"start":{"line":81,"column":8},"end":{"line":81,"column":null}},"39":{"start":{"line":82,"column":8},"end":{"line":82,"column":null}},"40":{"start":{"line":84,"column":8},"end":{"line":84,"column":null}},"41":{"start":{"line":85,"column":8},"end":{"line":85,"column":null}},"42":{"start":{"line":91,"column":19},"end":{"line":102,"column":null}},"43":{"start":{"line":93,"column":22},"end":{"line":93,"column":null}},"44":{"start":{"line":95,"column":34},"end":{"line":95,"column":null}},"45":{"start":{"line":96,"column":6},"end":{"line":98,"column":null}},"46":{"start":{"line":97,"column":8},"end":{"line":97,"column":null}},"47":{"start":{"line":99,"column":6},"end":{"line":99,"column":null}},"48":{"start":{"line":100,"column":6},"end":{"line":100,"column":null}},"49":{"start":{"line":100,"column":20},"end":{"line":100,"column":null}},"50":{"start":{"line":105,"column":19},"end":{"line":110,"column":null}},"51":{"start":{"line":106,"column":20},"end":{"line":106,"column":null}},"52":{"start":{"line":107,"column":17},"end":{"line":107,"column":null}},"53":{"start":{"line":108,"column":4},"end":{"line":108,"column":null}},"54":{"start":{"line":108,"column":14},"end":{"line":108,"column":null}},"55":{"start":{"line":109,"column":4},"end":{"line":109,"column":null}},"56":{"start":{"line":112,"column":19},"end":{"line":130,"column":null}},"57":{"start":{"line":114,"column":6},"end":{"line":114,"column":null}},"58":{"start":{"line":114,"column":23},"end":{"line":114,"column":null}},"59":{"start":{"line":116,"column":22},"end":{"line":116,"column":null}},"60":{"start":{"line":117,"column":6},"end":{"line":117,"column":null}},"61":{"start":{"line":119,"column":22},"end":{"line":119,"column":47}},"62":{"start":{"line":120,"column":6},"end":{"line":120,"column":null}},"63":{"start":{"line":120,"column":29},"end":{"line":120,"column":null}},"64":{"start":{"line":122,"column":34},"end":{"line":122,"column":null}},"65":{"start":{"line":123,"column":6},"end":{"line":125,"column":null}},"66":{"start":{"line":123,"column":19},"end":{"line":123,"column":28}},"67":{"start":{"line":124,"column":8},"end":{"line":124,"column":null}},"68":{"start":{"line":127,"column":6},"end":{"line":127,"column":null}},"69":{"start":{"line":128,"column":6},"end":{"line":128,"column":null}},"70":{"start":{"line":133,"column":2},"end":{"line":141,"column":null}}},"fnMap":{"0":{"name":"(anonymous_1)","decl":{"start":{"line":15,"column":31},"end":{"line":15,"column":32}},"loc":{"start":{"line":15,"column":32},"end":{"line":142,"column":null}}},"1":{"name":"(anonymous_2)","decl":{"start":{"line":19,"column":4},"end":{"line":19,"column":5}},"loc":{"start":{"line":19,"column":5},"end":{"line":23,"column":null}}},"2":{"name":"(anonymous_3)","decl":{"start":{"line":28,"column":4},"end":{"line":28,"column":5}},"loc":{"start":{"line":28,"column":5},"end":{"line":32,"column":null}}},"3":{"name":"(anonymous_4)","decl":{"start":{"line":36,"column":31},"end":{"line":36,"column":null}},"loc":{"start":{"line":36,"column":31},"end":{"line":53,"column":5}}},"4":{"name":"(anonymous_5)","decl":{"start":{"line":56,"column":4},"end":{"line":56,"column":5}},"loc":{"start":{"line":56,"column":5},"end":{"line":62,"column":null}}},"5":{"name":"(anonymous_6)","decl":{"start":{"line":67,"column":4},"end":{"line":67,"column":5}},"loc":{"start":{"line":67,"column":5},"end":{"line":87,"column":null}}},"6":{"name":"(anonymous_7)","decl":{"start":{"line":92,"column":4},"end":{"line":92,"column":5}},"loc":{"start":{"line":92,"column":5},"end":{"line":101,"column":null}}},"7":{"name":"(anonymous_8)","decl":{"start":{"line":105,"column":31},"end":{"line":105,"column":null}},"loc":{"start":{"line":105,"column":31},"end":{"line":110,"column":5}}},"8":{"name":"(anonymous_9)","decl":{"start":{"line":113,"column":4},"end":{"line":113,"column":5}},"loc":{"start":{"line":113,"column":22},"end":{"line":129,"column":null}}}},"branchMap":{"0":{"loc":{"start":{"line":30,"column":6},"end":{"line":30,"column":null}},"type":"if","locations":[{"start":{"line":30,"column":6},"end":{"line":30,"column":null}}]},"1":{"loc":{"start":{"line":39,"column":4},"end":{"line":49,"column":null}},"type":"if","locations":[{"start":{"line":39,"column":4},"end":{"line":49,"column":null}}]},"2":{"loc":{"start":{"line":41,"column":6},"end":{"line":48,"column":null}},"type":"if","locations":[{"start":{"line":41,"column":6},"end":{"line":48,"column":null}}]},"3":{"loc":{"start":{"line":43,"column":10},"end":{"line":43,"column":null}},"type":"binary-expr","locations":[{"start":{"line":43,"column":10},"end":{"line":43,"column":40}},{"start":{"line":43,"column":40},"end":{"line":43,"column":null}}]},"4":{"loc":{"start":{"line":57,"column":22},"end":{"line":57,"column":null}},"type":"cond-expr","locations":[{"start":{"line":57,"column":28},"end":{"line":57,"column":50}},{"start":{"line":57,"column":50},"end":{"line":57,"column":null}}]},"5":{"loc":{"start":{"line":58,"column":19},"end":{"line":58,"column":63}},"type":"binary-expr","locations":[{"start":{"line":58,"column":19},"end":{"line":58,"column":43}},{"start":{"line":58,"column":47},"end":{"line":58,"column":63}}]},"6":{"loc":{"start":{"line":78,"column":8},"end":{"line":78,"column":null}},"type":"if","locations":[{"start":{"line":78,"column":8},"end":{"line":78,"column":null}}]},"7":{"loc":{"start":{"line":100,"column":6},"end":{"line":100,"column":null}},"type":"if","locations":[{"start":{"line":100,"column":6},"end":{"line":100,"column":null}}]},"8":{"loc":{"start":{"line":108,"column":4},"end":{"line":108,"column":null}},"type":"if","locations":[{"start":{"line":108,"column":4},"end":{"line":108,"column":null}}]},"9":{"loc":{"start":{"line":114,"column":6},"end":{"line":114,"column":null}},"type":"if","locations":[{"start":{"line":114,"column":6},"end":{"line":114,"column":null}}]},"10":{"loc":{"start":{"line":120,"column":6},"end":{"line":120,"column":null}},"type":"if","locations":[{"start":{"line":120,"column":6},"end":{"line":120,"column":null}}]}},"s":{"0":0,"1":0,"2":0,"3":0,"4":0,"5":0,"6":0,"7":0,"8":0,"9":0,"10":0,"11":0,"12":0,"13":0,"14":0,"15":0,"16":0,"17":0,"18":0,"19":0,"20":0,"21":0,"22":0,"23":0,"24":0,"25":0,"26":0,"27":0,"28":0,"29":0,"30":0,"31":0,"32":0,"33":0,"34":0,"35":0,"36":0,"37":0,"38":0,"39":0,"40":0,"41":0,"42":0,"43":0,"44":0,"45":0,"46":0,"47":0,"48":0,"49":0,"50":0,"51":0,"52":0,"53":0,"54":0,"55":0,"56":0,"57":0,"58":0,"59":0,"60":0,"61":0,"62":0,"63":0,"64":0,"65":0,"66":0,"67":0,"68":0,"69":0,"70":0},"f":{"0":0,"1":0,"2":0,"3":0,"4":0,"5":0,"6":0,"7":0,"8":0},"b":{"0":[0],"1":[0],"2":[0],"3":[0,0],"4":[0,0],"5":[0,0],"6":[0],"7":[0],"8":[0],"9":[0],"10":[0]}}
,"C:\\Users\\jerom\\laragon\\www\\chess\\src\\hooks\\useDebounce.ts": {"path":"C:\\Users\\jerom\\laragon\\www\\chess\\src\\hooks\\useDebounce.ts","statementMap":{"0":{"start":{"line":3,"column":16},"end":{"line":3,"column":31}},"1":{"start":{"line":1,"column":36},"end":{"line":1,"column":null}},"2":{"start":{"line":4,"column":46},"end":{"line":4,"column":null}},"3":{"start":{"line":6,"column":2},"end":{"line":21,"column":null}},"4":{"start":{"line":7,"column":4},"end":{"line":7,"column":null}},"5":{"start":{"line":7,"column":34},"end":{"line":7,"column":null}},"6":{"start":{"line":9,"column":4},"end":{"line":12,"column":null}},"7":{"start":{"line":10,"column":6},"end":{"line":10,"column":null}},"8":{"start":{"line":11,"column":6},"end":{"line":11,"column":null}},"9":{"start":{"line":14,"column":20},"end":{"line":16,"column":null}},"10":{"start":{"line":15,"column":6},"end":{"line":15,"column":null}},"11":{"start":{"line":18,"column":4},"end":{"line":20,"column":null}},"12":{"start":{"line":19,"column":6},"end":{"line":19,"column":null}},"13":{"start":{"line":23,"column":2},"end":{"line":23,"column":null}}},"fnMap":{"0":{"name":"useDebounce","decl":{"start":{"line":3,"column":16},"end":{"line":3,"column":31}},"loc":{"start":{"line":3,"column":56},"end":{"line":24,"column":null}}},"1":{"name":"(anonymous_2)","decl":{"start":{"line":6,"column":12},"end":{"line":6,"column":null}},"loc":{"start":{"line":6,"column":12},"end":{"line":21,"column":5}}},"2":{"name":"(anonymous_3)","decl":{"start":{"line":14,"column":31},"end":{"line":14,"column":null}},"loc":{"start":{"line":14,"column":31},"end":{"line":16,"column":7}}},"3":{"name":"(anonymous_4)","decl":{"start":{"line":18,"column":11},"end":{"line":18,"column":null}},"loc":{"start":{"line":18,"column":11},"end":{"line":20,"column":null}}}},"branchMap":{"0":{"loc":{"start":{"line":7,"column":4},"end":{"line":7,"column":null}},"type":"if","locations":[{"start":{"line":7,"column":4},"end":{"line":7,"column":null}}]},"1":{"loc":{"start":{"line":9,"column":4},"end":{"line":12,"column":null}},"type":"if","locations":[{"start":{"line":9,"column":4},"end":{"line":12,"column":null}}]}},"s":{"0":0,"1":0,"2":0,"3":0,"4":0,"5":0,"6":0,"7":0,"8":0,"9":0,"10":0,"11":0,"12":0,"13":0},"f":{"0":0,"1":0,"2":0,"3":0},"b":{"0":[0],"1":[0]}}
,"C:\\Users\\jerom\\laragon\\www\\chess\\src\\hooks\\useEngine.ts": {"path":"C:\\Users\\jerom\\laragon\\www\\chess\\src\\hooks\\useEngine.ts","statementMap":{"0":{"start":{"line":10,"column":13},"end":{"line":10,"column":25}},"1":{"start":{"line":1,"column":32},"end":{"line":1,"column":null}},"2":{"start":{"line":2,"column":28},"end":{"line":2,"column":null}},"3":{"start":{"line":3,"column":28},"end":{"line":3,"column":null}},"4":{"start":{"line":4,"column":30},"end":{"line":4,"column":null}},"5":{"start":{"line":5,"column":28},"end":{"line":5,"column":null}},"6":{"start":{"line":7,"column":27},"end":{"line":7,"column":null}},"7":{"start":{"line":8,"column":36},"end":{"line":8,"column":null}},"8":{"start":{"line":10,"column":25},"end":{"line":29,"column":null}},"9":{"start":{"line":11,"column":30},"end":{"line":11,"column":null}},"10":{"start":{"line":13,"column":2},"end":{"line":26,"column":null}},"11":{"start":{"line":14,"column":4},"end":{"line":14,"column":null}},"12":{"start":{"line":14,"column":21},"end":{"line":14,"column":null}},"13":{"start":{"line":16,"column":4},"end":{"line":18,"column":null}},"14":{"start":{"line":17,"column":6},"end":{"line":17,"column":null}},"15":{"start":{"line":20,"column":4},"end":{"line":25,"column":null}},"16":{"start":{"line":21,"column":6},"end":{"line":24,"column":null}},"17":{"start":{"line":22,"column":8},"end":{"line":22,"column":null}},"18":{"start":{"line":23,"column":8},"end":{"line":23,"column":null}},"19":{"start":{"line":28,"column":2},"end":{"line":28,"column":null}},"20":{"start":{"line":31,"column":19},"end":{"line":48,"column":null}},"21":{"start":{"line":32,"column":2},"end":{"line":47,"column":null}},"22":{"start":{"line":34,"column":6},"end":{"line":34,"column":null}},"23":{"start":{"line":36,"column":6},"end":{"line":36,"column":null}},"24":{"start":{"line":38,"column":6},"end":{"line":38,"column":null}},"25":{"start":{"line":40,"column":6},"end":{"line":40,"column":null}},"26":{"start":{"line":42,"column":6},"end":{"line":42,"column":null}},"27":{"start":{"line":44,"column":6},"end":{"line":44,"column":null}},"28":{"start":{"line":46,"column":6},"end":{"line":46,"column":null}}},"fnMap":{"0":{"name":"(anonymous_1)","decl":{"start":{"line":10,"column":25},"end":{"line":10,"column":26}},"loc":{"start":{"line":10,"column":26},"end":{"line":29,"column":null}}},"1":{"name":"(anonymous_2)","decl":{"start":{"line":13,"column":12},"end":{"line":13,"column":null}},"loc":{"start":{"line":13,"column":12},"end":{"line":26,"column":5}}},"2":{"name":"(anonymous_3)","decl":{"start":{"line":20,"column":32},"end":{"line":20,"column":33}},"loc":{"start":{"line":20,"column":33},"end":{"line":25,"column":null}}},"3":{"name":"(anonymous_4)","decl":{"start":{"line":21,"column":16},"end":{"line":21,"column":17}},"loc":{"start":{"line":21,"column":17},"end":{"line":24,"column":null}}},"4":{"name":"(anonymous_5)","decl":{"start":{"line":31,"column":19},"end":{"line":31,"column":20}},"loc":{"start":{"line":31,"column":20},"end":{"line":48,"column":null}}}},"branchMap":{"0":{"loc":{"start":{"line":14,"column":4},"end":{"line":14,"column":null}},"type":"if","locations":[{"start":{"line":14,"column":4},"end":{"line":14,"column":null}}]},"1":{"loc":{"start":{"line":16,"column":4},"end":{"line":18,"column":null}},"type":"if","locations":[{"start":{"line":16,"column":4},"end":{"line":18,"column":null}}]},"2":{"loc":{"start":{"line":16,"column":8},"end":{"line":16,"column":69}},"type":"binary-expr","locations":[{"start":{"line":16,"column":8},"end":{"line":16,"column":45}},{"start":{"line":16,"column":49},"end":{"line":16,"column":69}}]},"3":{"loc":{"start":{"line":32,"column":2},"end":{"line":47,"column":null}},"type":"switch","locations":[{"start":{"line":33,"column":4},"end":{"line":34,"column":null}},{"start":{"line":35,"column":4},"end":{"line":36,"column":null}},{"start":{"line":37,"column":4},"end":{"line":38,"column":null}},{"start":{"line":39,"column":4},"end":{"line":40,"column":null}},{"start":{"line":41,"column":4},"end":{"line":42,"column":null}},{"start":{"line":43,"column":4},"end":{"line":44,"column":null}},{"start":{"line":45,"column":4},"end":{"line":46,"column":null}}]}},"s":{"0":0,"1":0,"2":0,"3":0,"4":0,"5":0,"6":0,"7":0,"8":0,"9":0,"10":0,"11":0,"12":0,"13":0,"14":0,"15":0,"16":0,"17":0,"18":0,"19":0,"20":0,"21":0,"22":0,"23":0,"24":0,"25":0,"26":0,"27":0,"28":0},"f":{"0":0,"1":0,"2":0,"3":0,"4":0},"b":{"0":[0],"1":[0],"2":[0,0],"3":[0,0,0,0,0,0,0]}}
,"C:\\Users\\jerom\\laragon\\www\\chess\\src\\hooks\\useGameData.ts": {"path":"C:\\Users\\jerom\\laragon\\www\\chess\\src\\hooks\\useGameData.ts","statementMap":{"0":{"start":{"line":6,"column":13},"end":{"line":6,"column":27}},"1":{"start":{"line":3,"column":53},"end":{"line":3,"column":null}},"2":{"start":{"line":4,"column":26},"end":{"line":4,"column":null}},"3":{"start":{"line":6,"column":27},"end":{"line":20,"column":null}},"4":{"start":{"line":10,"column":15},"end":{"line":10,"column":null}},"5":{"start":{"line":11,"column":34},"end":{"line":11,"column":null}},"6":{"start":{"line":13,"column":2},"end":{"line":17,"column":14}},"7":{"start":{"line":14,"column":20},"end":{"line":14,"column":null}},"8":{"start":{"line":15,"column":21},"end":{"line":15,"column":null}},"9":{"start":{"line":16,"column":4},"end":{"line":16,"column":null}},"10":{"start":{"line":19,"column":2},"end":{"line":19,"column":null}}},"fnMap":{"0":{"name":"(anonymous_1)","decl":{"start":{"line":6,"column":27},"end":{"line":6,"column":null}},"loc":{"start":{"line":8,"column":2},"end":{"line":20,"column":null}}},"1":{"name":"(anonymous_2)","decl":{"start":{"line":13,"column":12},"end":{"line":13,"column":null}},"loc":{"start":{"line":13,"column":12},"end":{"line":17,"column":5}}}},"branchMap":{},"s":{"0":0,"1":0,"2":0,"3":0,"4":0,"5":0,"6":0,"7":0,"8":0,"9":0,"10":0},"f":{"0":0,"1":0},"b":{}}
,"C:\\Users\\jerom\\laragon\\www\\chess\\src\\hooks\\useGameDatabase.ts": {"path":"C:\\Users\\jerom\\laragon\\www\\chess\\src\\hooks\\useGameDatabase.ts","statementMap":{"0":{"start":{"line":20,"column":13},"end":{"line":20,"column":31}},"1":{"start":{"line":1,"column":37},"end":{"line":1,"column":null}},"2":{"start":{"line":5,"column":47},"end":{"line":5,"column":null}},"3":{"start":{"line":6,"column":30},"end":{"line":6,"column":null}},"4":{"start":{"line":7,"column":26},"end":{"line":7,"column":null}},"5":{"start":{"line":8,"column":49},"end":{"line":8,"column":null}},"6":{"start":{"line":17,"column":18},"end":{"line":17,"column":null}},"7":{"start":{"line":18,"column":23},"end":{"line":18,"column":null}},"8":{"start":{"line":20,"column":31},"end":{"line":130,"column":null}},"9":{"start":{"line":21,"column":22},"end":{"line":21,"column":null}},"10":{"start":{"line":22,"column":28},"end":{"line":22,"column":null}},"11":{"start":{"line":23,"column":38},"end":{"line":23,"column":null}},"12":{"start":{"line":24,"column":40},"end":{"line":24,"column":null}},"13":{"start":{"line":26,"column":2},"end":{"line":30,"column":null}},"14":{"start":{"line":27,"column":4},"end":{"line":29,"column":null}},"15":{"start":{"line":28,"column":6},"end":{"line":28,"column":null}},"16":{"start":{"line":32,"column":2},"end":{"line":43,"column":null}},"17":{"start":{"line":33,"column":25},"end":{"line":40,"column":null}},"18":{"start":{"line":34,"column":17},"end":{"line":38,"column":null}},"19":{"start":{"line":36,"column":10},"end":{"line":36,"column":null}},"20":{"start":{"line":39,"column":6},"end":{"line":39,"column":null}},"21":{"start":{"line":42,"column":4},"end":{"line":42,"column":null}},"22":{"start":{"line":45,"column":20},"end":{"line":50,"column":null}},"23":{"start":{"line":46,"column":4},"end":{"line":49,"column":null}},"24":{"start":{"line":47,"column":20},"end":{"line":47,"column":null}},"25":{"start":{"line":48,"column":6},"end":{"line":48,"column":null}},"26":{"start":{"line":52,"column":2},"end":{"line":54,"column":null}},"27":{"start":{"line":53,"column":4},"end":{"line":53,"column":null}},"28":{"start":{"line":56,"column":18},"end":{"line":67,"column":null}},"29":{"start":{"line":58,"column":6},"end":{"line":58,"column":null}},"30":{"start":{"line":58,"column":15},"end":{"line":58,"column":null}},"31":{"start":{"line":60,"column":24},"end":{"line":60,"column":null}},"32":{"start":{"line":61,"column":21},"end":{"line":61,"column":null}},"33":{"start":{"line":63,"column":6},"end":{"line":63,"column":null}},"34":{"start":{"line":65,"column":6},"end":{"line":65,"column":null}},"35":{"start":{"line":70,"column":22},"end":{"line":81,"column":null}},"36":{"start":{"line":72,"column":6},"end":{"line":72,"column":null}},"37":{"start":{"line":72,"column":15},"end":{"line":72,"column":null}},"38":{"start":{"line":74,"column":19},"end":{"line":74,"column":null}},"39":{"start":{"line":75,"column":6},"end":{"line":75,"column":null}},"40":{"start":{"line":75,"column":17},"end":{"line":75,"column":null}},"41":{"start":{"line":77,"column":6},"end":{"line":77,"column":null}},"42":{"start":{"line":79,"column":6},"end":{"line":79,"column":null}},"43":{"start":{"line":84,"column":18},"end":{"line":90,"column":null}},"44":{"start":{"line":86,"column":6},"end":{"line":86,"column":null}},"45":{"start":{"line":86,"column":15},"end":{"line":86,"column":null}},"46":{"start":{"line":88,"column":6},"end":{"line":88,"column":null}},"47":{"start":{"line":93,"column":21},"end":{"line":101,"column":null}},"48":{"start":{"line":95,"column":6},"end":{"line":95,"column":null}},"49":{"start":{"line":95,"column":15},"end":{"line":95,"column":null}},"50":{"start":{"line":97,"column":6},"end":{"line":97,"column":null}},"51":{"start":{"line":99,"column":6},"end":{"line":99,"column":null}},"52":{"start":{"line":104,"column":17},"end":{"line":104,"column":null}},"53":{"start":{"line":105,"column":21},"end":{"line":105,"column":33}},"54":{"start":{"line":107,"column":2},"end":{"line":117,"column":null}},"55":{"start":{"line":108,"column":4},"end":{"line":116,"column":null}},"56":{"start":{"line":110,"column":8},"end":{"line":112,"column":null}},"57":{"start":{"line":111,"column":10},"end":{"line":111,"column":null}},"58":{"start":{"line":113,"column":8},"end":{"line":113,"column":null}},"59":{"start":{"line":115,"column":8},"end":{"line":115,"column":null}},"60":{"start":{"line":119,"column":18},"end":{"line":119,"column":null}},"61":{"start":{"line":121,"column":2},"end":{"line":129,"column":null}}},"fnMap":{"0":{"name":"(anonymous_1)","decl":{"start":{"line":20,"column":31},"end":{"line":20,"column":32}},"loc":{"start":{"line":20,"column":32},"end":{"line":130,"column":null}}},"1":{"name":"(anonymous_2)","decl":{"start":{"line":26,"column":12},"end":{"line":26,"column":null}},"loc":{"start":{"line":26,"column":12},"end":{"line":30,"column":5}}},"2":{"name":"(anonymous_3)","decl":{"start":{"line":32,"column":12},"end":{"line":32,"column":null}},"loc":{"start":{"line":32,"column":12},"end":{"line":43,"column":5}}},"3":{"name":"(anonymous_4)","decl":{"start":{"line":33,"column":25},"end":{"line":33,"column":null}},"loc":{"start":{"line":33,"column":25},"end":{"line":40,"column":null}}},"4":{"name":"(anonymous_5)","decl":{"start":{"line":35,"column":8},"end":{"line":35,"column":16}},"loc":{"start":{"line":35,"column":18},"end":{"line":37,"column":null}}},"5":{"name":"(anonymous_6)","decl":{"start":{"line":45,"column":32},"end":{"line":45,"column":null}},"loc":{"start":{"line":45,"column":32},"end":{"line":50,"column":5}}},"6":{"name":"(anonymous_7)","decl":{"start":{"line":52,"column":12},"end":{"line":52,"column":null}},"loc":
[...]
ll}},"5":{"start":{"line":5,"column":31},"end":{"line":5,"column":null}},"6":{"start":{"line":6,"column":32},"end":{"line":6,"column":null}},"7":{"start":{"line":7,"column":26},"end":{"line":7,"column":null}},"8":{"start":{"line":10,"column":15},"end":{"line":10,"column":null}},"9":{"start":{"line":11,"column":22},"end":{"line":11,"column":null}},"10":{"start":{"line":12,"column":27},"end":{"line":12,"column":null}},"11":{"start":{"line":13,"column":22},"end":{"line":13,"column":null}},"12":{"start":{"line":14,"column":17},"end":{"line":14,"column":null}},"13":{"start":{"line":16,"column":2},"end":{"line":16,"column":null}},"14":{"start":{"line":16,"column":50},"end":{"line":16,"column":null}},"15":{"start":{"line":18,"column":25},"end":{"line":30,"column":null}},"16":{"start":{"line":19,"column":4},"end":{"line":23,"column":null}},"17":{"start":{"line":20,"column":26},"end":{"line":20,"column":73}},"18":{"start":{"line":21,"column":26},"end":{"line":21,"column":null}},"19":{"start":{"line":22,"column":6},"end":{"line":22,"column":null}},"20":{"start":{"line":24,"column":4},"end":{"line":24,"column":null}},"21":{"start":{"line":24,"column":39},"end":{"line":24,"column":null}},"22":{"start":{"line":25,"column":4},"end":{"line":25,"column":null}},"23":{"start":{"line":25,"column":28},"end":{"line":25,"column":null}},"24":{"start":{"line":26,"column":4},"end":{"line":26,"column":null}},"25":{"start":{"line":26,"column":38},"end":{"line":26,"column":null}},"26":{"start":{"line":27,"column":4},"end":{"line":27,"column":null}},"27":{"start":{"line":27,"column":23},"end":{"line":27,"column":null}},"28":{"start":{"line":29,"column":4},"end":{"line":29,"column":null}},"29":{"start":{"line":32,"column":33},"end":{"line":39,"column":null}},"30":{"start":{"line":33,"column":27},"end":{"line":35,"column":null}},"31":{"start":{"line":36,"column":19},"end":{"line":36,"column":null}},"32":{"start":{"line":38,"column":4},"end":{"line":38,"column":null}}},"fnMap":{"0":{"name":"GameRecap","decl":{"start":{"line":9,"column":24},"end":{"line":9,"column":null}},"loc":{"start":{"line":9,"column":24},"end":{"line":58,"column":null}}},"1":{"name":"(anonymous_2)","decl":{"start":{"line":18,"column":25},"end":{"line":18,"column":null}},"loc":{"start":{"line":18,"column":25},"end":{"line":30,"column":null}}},"2":{"name":"(anonymous_3)","decl":{"start":{"line":32,"column":33},"end":{"line":32,"column":null}},"loc":{"start":{"line":32,"column":33},"end":{"line":39,"column":null}}}},"branchMap":{"0":{"loc":{"start":{"line":16,"column":2},"end":{"line":16,"column":null}},"type":"if","locations":[{"start":{"line":16,"column":2},"end":{"line":16,"column":null}}]},"1":{"loc":{"start":{"line":16,"column":6},"end":{"line":16,"column":48}},"type":"binary-expr","locations":[{"start":{"line":16,"column":6},"end":{"line":16,"column":26}},{"start":{"line":16,"column":26},"end":{"line":16,"column":48}}]},"2":{"loc":{"start":{"line":19,"column":4},"end":{"line":23,"column":null}},"type":"if","locations":[{"start":{"line":19,"column":4},"end":{"line":23,"column":null}}]},"3":{"loc":{"start":{"line":20,"column":26},"end":{"line":20,"column":73}},"type":"cond-expr","locations":[{"start":{"line":20,"column":48},"end":{"line":20,"column":59}},{"start":{"line":20,"column":62},"end":{"line":20,"column":73}}]},"4":{"loc":{"start":{"line":21,"column":26},"end":{"line":21,"column":null}},"type":"cond-expr","locations":[{"start":{"line":21,"column":56},"end":{"line":21,"column":64}},{"start":{"line":21,"column":64},"end":{"line":21,"column":null}}]},"5":{"loc":{"start":{"line":24,"column":4},"end":{"line":24,"column":null}},"type":"if","locations":[{"start":{"line":24,"column":4},"end":{"line":24,"column":null}}]},"6":{"loc":{"start":{"line":25,"column":4},"end":{"line":25,"column":null}},"type":"if","locations":[{"start":{"line":25,"column":4},"end":{"line":25,"column":null}}]},"7":{"loc":{"start":{"line":26,"column":4},"end":{"line":26,"column":null}},"type":"if","locations":[{"start":{"line":26,"column":4},"end":{"line":26,"column":null}}]},"8":{"loc":{"start":{"line":27,"column":4},"end":{"line":27,"column":null}},"type":"if","locations":[{"start":{"line":27,"column":4},"end":{"line":27,"column":null}}]},"9":{"loc":{"start":{"line":34,"column":16},"end":{"line":34,"column":null}},"type":"cond-expr","locations":[{"start":{"line":34,"column":37},"end":{"line":34,"column":51}},{"start":{"line":34,"column":51},"end":{"line":34,"column":null}}]}},"s":{"0":0,"1":0,"2":0,"3":0,"4":0,"5":0,"6":0,"7":0,"8":0,"9":0,"10":0,"11":0,"12":0,"13":0,"14":0,"15":0,"16":0,"17":0,"18":0,"19":0,"20":0,"21":0,"22":0,"23":0,"24":0,"25":0,"26":0,"27":0,"28":0,"29":0,"30":0,"31":0,"32":0},"f":{"0":0,"1":0,"2":0},"b":{"0":[0],"1":[0,0],"2":[0],"3":[0,0],"4":[0,0],"5":[0],"6":[0],"7":[0],"8":[0],"9":[0,0]}}
,"C:\\Users\\jerom\\laragon\\www\\chess\\src\\sections\\play\\states.ts": {"path":"C:\\Users\\jerom\\laragon\\www\\chess\\src\\sections\\play\\states.ts","statementMap":{"0":{"start":{"line":11,"column":13},"end":{"line":11,"column":26}},"1":{"start":{"line":10,"column":13},"end":{"line":10,"column":31}},"2":{"start":{"line":7,"column":13},"end":{"line":7,"column":21}},"3":{"start":{"line":8,"column":13},"end":{"line":8,"column":25}},"4":{"start":{"line":12,"column":13},"end":{"line":12,"column":33}},"5":{"start":{"line":9,"column":13},"end":{"line":9,"column":28}},"6":{"start":{"line":1,"column":31},"end":{"line":1,"column":null}},"7":{"start":{"line":2,"column":34},"end":{"line":2,"column":null}},"8":{"start":{"line":4,"column":22},"end":{"line":4,"column":null}},"9":{"start":{"line":5,"column":21},"end":{"line":5,"column":null}},"10":{"start":{"line":7,"column":24},"end":{"line":7,"column":null}},"11":{"start":{"line":8,"column":28},"end":{"line":8,"column":null}},"12":{"start":{"line":9,"column":31},"end":{"line":9,"column":null}},"13":{"start":{"line":10,"column":34},"end":{"line":10,"column":null}},"14":{"start":{"line":11,"column":29},"end":{"line":11,"column":null}},"15":{"start":{"line":12,"column":36},"end":{"line":12,"column":null}}},"fnMap":{},"branchMap":{},"s":{"0":0,"1":0,"2":0,"3":0,"4":0,"5":0,"6":0,"7":0,"8":0,"9":0,"10":0,"11":0,"12":0,"13":0,"14":0,"15":0},"f":{},"b":{}}
,"C:\\Users\\jerom\\laragon\\www\\chess\\src\\sections\\play\\undoMoveButton.tsx": {"path":"C:\\Users\\jerom\\laragon\\www\\chess\\src\\sections\\play\\undoMoveButton.tsx","statementMap":{"0":{"start":{"line":7,"column":24},"end":{"line":7,"column":null}},"1":{"start":{"line":1,"column":23},"end":{"line":1,"column":null}},"2":{"start":{"line":2,"column":42},"end":{"line":2,"column":null}},"3":{"start":{"line":3,"column":29},"end":{"line":3,"column":null}},"4":{"start":{"line":4,"column":32},"end":{"line":4,"column":null}},"5":{"start":{"line":5,"column":22},"end":{"line":5,"column":null}},"6":{"start":{"line":8,"column":15},"end":{"line":8,"column":null}},"7":{"start":{"line":9,"column":33},"end":{"line":9,"column":null}},"8":{"start":{"line":10,"column":22},"end":{"line":10,"column":null}},"9":{"start":{"line":12,"column":22},"end":{"line":25,"column":null}},"10":{"start":{"line":13,"column":24},"end":{"line":13,"column":null}},"11":{"start":{"line":14,"column":22},"end":{"line":14,"column":null}},"12":{"start":{"line":15,"column":4},"end":{"line":24,"column":null}},"13":{"start":{"line":19,"column":6},"end":{"line":19,"column":null}},"14":{"start":{"line":19,"column":34},"end":{"line":19,"column":null}},"15":{"start":{"line":20,"column":6},"end":{"line":20,"column":null}},"16":{"start":{"line":22,"column":6},"end":{"line":22,"column":null}},"17":{"start":{"line":22,"column":31},"end":{"line":22,"column":null}},"18":{"start":{"line":23,"column":6},"end":{"line":23,"column":null}}},"fnMap":{"0":{"name":"UndoMoveButton","decl":{"start":{"line":7,"column":24},"end":{"line":7,"column":null}},"loc":{"start":{"line":7,"column":24},"end":{"line":32,"column":null}}},"1":{"name":"(anonymous_2)","decl":{"start":{"line":12,"column":22},"end":{"line":12,"column":null}},"loc":{"start":{"line":12,"column":22},"end":{"line":25,"column":null}}}},"branchMap":{"0":{"loc":{"start":{"line":15,"column":4},"end":{"line":24,"column":null}},"type":"if","locations":[{"start":{"line":15,"column":4},"end":{"line":24,"column":null}},{"start":{"line":21,"column":11},"end":{"line":24,"column":null}}]},"1":{"loc":{"start":{"line":16,"column":6},"end":{"line":17,"column":55}},"type":"binary-expr","locations":[{"start":{"line":16,"column":6},"end":{"line":16,"column":28}},{"start":{"line":16,"column":28},"end":{"line":16,"column":55}},{"start":{"line":17,"column":7},"end":{"line":17,"column":28}},{"start":{"line":17,"column":28},"end":{"line":17,"column":55}}]},"2":{"loc":{"start":{"line":19,"column":6},"end":{"line":19,"column":null}},"type":"if","locations":[{"start":{"line":19,"column":6},"end":{"line":19,"column":null}}]},"3":{"loc":{"start":{"line":22,"column":6},"end":{"line":22,"column":null}},"type":"if","locations":[{"start":{"line":22,"column":6},"end":{"line":22,"column":null}}]}},"s":{"0":0,"1":0,"2":0,"3":0,"4":0,"5":0,"6":0,"7":0,"8":0,"9":0,"10":0,"11":0,"12":0,"13":0,"14":0,"15":0,"16":0,"17":0,"18":0},"f":{"0":0,"1":0},"b":{"0":[0,0],"1":[0,0,0,0],"2":[0],"3":[0]}}
,"C:\\Users\\jerom\\laragon\\www\\chess\\src\\sections\\play\\gameSettings\\gameSettingsButton.tsx": {"path":"C:\\Users\\jerom\\laragon\\www\\chess\\src\\sections\\play\\gameSettings\\gameSettingsButton.tsx","statementMap":{"0":{"start":{"line":7,"column":24},"end":{"line":7,"column":null}},"1":{"start":{"line":1,"column":23},"end":{"line":1,"column":null}},"2":{"start":{"line":2,"column":25},"end":{"line":2,"column":null}},"3":{"start":{"line":3,"column":31},"end":{"line":3,"column":null}},"4":{"start":{"line":4,"column":25},"end":{"line":4,"column":null}},"5":{"start":{"line":5,"column":29},"end":{"line":5,"column":null}},"6":{"start":{"line":8,"column":38},"end":{"line":8,"column":null}},"7":{"start":{"line":9,"column":15},"end":{"line":9,"column":null}},"8":{"start":{"line":13,"column":49},"end":{"line":13,"column":null}},"9":{"start":{"line":19,"column":23},"end":{"line":19,"column":null}}},"fnMap":{"0":{"name":"GameSettingsButton","decl":{"start":{"line":7,"column":24},"end":{"line":7,"column":null}},"loc":{"start":{"line":7,"column":24},"end":{"line":23,"column":null}}},"1":{"name":"(anonymous_3)","decl":{"start":{"line":13,"column":43},"end":{"line":13,"column":49}},"loc":{"start":{"line":13,"column":49},"end":{"line":13,"column":null}}},"2":{"name":"(anonymous_4)","decl":{"start":{"line":19,"column":17},"end":{"line":19,"column":23}},"loc":{"start":{"line":19,"column":23},"end":{"line":19,"column":null}}}},"branchMap":{"0":{"loc":{"start":{"line":14,"column":9},"end":{"line":14,"column":null}},"type":"cond-expr","locations":[{"start":{"line":14,"column":33},"end":{"line":14,"column":52}},{"start":{"line":14,"column":52},"end":{"line":14,"column":null}}]}},"s":{"0":0,"1":0,"2":0,"3":0,"4":0,"5":0,"6":0,"7":0,"8":0,"9":0},"f":{"0":0,"1":0,"2":0},"b":{"0":[0,0]}}
,"C:\\Users\\jerom\\laragon\\www\\chess\\src\\sections\\play\\gameSettings\\gameSettingsDialog.tsx": {"path":"C:\\Users\\jerom\\laragon\\www\\chess\\src\\sections\\play\\gameSettings\\gameSettingsDialog.tsx","statementMap":{"0":{"start":{"line":43,"column":24},"end":{"line":43,"column":43}},"1":{"start":{"line":1,"column":19},"end":{"line":1,"column":null}},"2":{"start":{"line":2,"column":34},"end":{"line":2,"column":null}},"3":{"start":{"line":20,"column":7},"end":{"line":20,"column":null}},"4":{"start":{"line":21,"column":36},"end":{"line":21,"column":null}},"5":{"start":{"line":22,"column":36},"end":{"line":22,"column":null}},"6":{"start":{"line":29,"column":7},"end":{"line":29,"column":null}},"7":{"start":{"line":30,"column":32},"end":{"line":30,"column":null}},"8":{"start":{"line":31,"column":34},"end":{"line":31,"column":null}},"9":{"start":{"line":32,"column":36},"end":{"line":32,"column":null}},"10":{"start":{"line":33,"column":34},"end":{"line":33,"column":null}},"11":{"start":{"line":34,"column":30},"end":{"line":34,"column":null}},"12":{"start":{"line":35,"column":64},"end":{"line":35,"column":null}},"13":{"start":{"line":36,"column":31},"end":{"line":36,"column":null}},"14":{"start":{"line":44,"column":36},"end":{"line":46,"column":null}},"15":{"start":{"line":48,"column":38},"end":{"line":50,"column":null}},"16":{"start":{"line":52,"column":40},"end":{"line":52,"column":null}},"17":{"start":{"line":53,"column":30},"end":{"line":53,"column":null}},"18":{"start":{"line":54,"column":31},"end":{"line":54,"column":null}},"19":{"start":{"line":55,"column":60},"end":{"line":55,"column":null}},"20":{"start":{"line":56,"column":42},"end":{"line":56,"column":null}},"21":{"start":{"line":58,"column":26},"end":{"line":102,"column":null}},"22":{"start":{"line":59,"column":4},"end":{"line":59,"column":null}},"23":{"start":{"line":61,"column":4},"end":{"line":92,"column":null}},"24":{"start":{"line":62,"column":20},"end":{"line":62,"column":null}},"25":{"start":{"line":63,"column":26},"end":{"line":65,"column":null}},"26":{"start":{"line":67,"column":6},"end":{"line":83,"column":null}},"27":{"start":{"line":85,"column":6},"end":{"line":85,"column":null}},"28":{"start":{"line":86,"column":6},"end":{"line":89,"column":null}},"29":{"start":{"line":91,"column":6},"end":{"line":91,"column":null}},"30":{"start":{"line":94,"column":4},"end":{"line":94,"column":null}},"31":{"start":{"line":95,"column":4},"end":{"line":95,"column":null}},"32":{"start":{"line":97,"column":4},"end":{"line":101,"column":null}},"33":{"start":{"line":104,"column":2},"end":{"line":112,"column":null}},"34":{"start":{"line":105,"column":4},"end":{"line":111,"column":null}},"35":{"start":{"line":106,"column":6},"end":{"line":110,"column":null}},"36":{"start":{"line":107,"column":8},"end":{"line":107,"column":null}},"37":{"start":{"line":109,"column":8},"end":{"line":109,"column":null}},"38":{"start":{"line":114,"column":22},"end":{"line":118,"column":null}},"39":{"start":{"line":115,"column":4},"end":{"line":115,"column":null}},"40":{"start":{"line":116,"column":4},"end":{"line":116,"column":null}},"41":{"start":{"line":117,"column":4},"end":{"line":117,"column":null}},"42":{"start":{"line":150,"column":33},"end":{"line":150,"column":null}},"43":{"start":{"line":154,"column":18},"end":{"line":155,"column":null}},"44":{"start":{"line":183,"column":20},"end":{"line":184,"column":null}},"45":{"start":{"line":203,"column":31},"end":{"line":203,"column":null}}},"fnMap":{"0":{"name":"GameSettingsDialog","decl":{"start":{"line":43,"column":24},"end":{"line":43,"column":43}},"loc":{"start":{"line":43,"column":67},"end":{"line":230,"column":null}}},"1":{"name":"(anonymous_3)","decl":{"start":{"line":58,"column":26},"end":{"line":58,"column":null}},"loc":{"start":{"line":58,"column":26},"end":{"line":102,"column":null}}},"2":{"name":"(anonymous_4)","decl":{"start":{"line":104,"column":12},"end":{"line":104,"column":null}},"loc":{"start":{"line":104,"column":12},"end":{"line":112,"column":5}}},"3":{"name":"(anonymous_5)","decl":{"start":{"line":114,"column":22},"end":{"line":114,"column":null}},"loc":{"start":{"line":114,"column":22},"end":{"line":118,"column":null}}},"4":{"name":"(anonymous_6)","decl":{"start":{"line":150,"column":26},"end":{"line":150,"column":27}},"loc":{"start":{"line":150,"column":33},"end":{"line":150,"column":null}}},"5":{"name":"(anonymous_7)","decl":{"start":{"line":153,"column":47},"end":{"line":153,"column":48}},"loc":{"start":{"line":154,"column":18},"end":{"line":155,"column":null}}},"6":{"name":"(anonymous_8)","decl":{"start":{"line":182,"column":28},"end":{"line":182,"column":29}},"loc":{"start":{"line":182,"column":29},"end":{"line":186,"column":null}}},"7":{"name":"(anonymous_9)","decl":{"start":{"line":203,"column":24},"end":{"line":203,"column":25}},"loc":{"start":{"line":203,"column":31},"end":{"line":203,"column":null}}}},"branchMap":{"0":{"loc":{"start":{"line":63,"column":26},"end":{"line":65,"column":null}},"type":"cond-expr","locations":[{"start":{"line":64,"column":10},"end":{"line":64,"column":null}},{"start":{"line":65,"column":10},"end":{"line":65,"column":null}}]},"1":{"loc":{"start":{"line":65,"column":10},"end":{"line":65,"column":null}},"type":"binary-expr","locations":[{"start":{"line":65,"column":10},"end":{"line":65,"column":19}},{"start":{"line":65,"column":19},"end":{"line":65,"column":null}}]},"2":{"loc":{"start":{"line":70,"column":12},"end":{"line":72,"column":47}},"type":"cond-expr","locations":[{"start":{"line":71,"column":16},"end":{"line":71,"column":null}},{"start":{"line":72,"column":16},"end":{"line":72,"column":47}}]},"3":{"loc":{"start":{"line":73,"column":18},"end":{"line":73,"column":null}},"type":"cond-expr","locations":[{"start":{"line":73,"column":48},"end":{"line":73,"column":60}},{"start":{"line":73,"column":60},"end":{"line":73,"column":null}}]},"4":{"loc":{"start":{"line":77,"column":12},"end":{"line":79,"column":47}},"type":"cond-expr","locations":[{"start":{"line":78,"column":16},"end":{"line":78,"column":null}},{"start":{"line":79,"column":16},"end":{"line":79,"column":47}}]},"5":{"loc":{"start":{"line":80,"column":18},"end":{"line":80,"column":null}},"type":"cond-expr","locations":[{"start":{"line":80,"column":48},"end":{"line":80,"column":60}},{"start":{"line":80,"column":60},"end":{"line":80,"column":null}}]},"6":{"loc":{"start":{"line":87,"column":8},"end":{"line":89,"column":null}},"type":"cond-expr","locations":[{"start":{"line":88,"column":12},"end":{"line":88,"column":32}},{"start":{"line":89,"column":12},"end":{"line":89,"column":null}}]},"7":{"loc":{"start":{"line":105,"column":4},"end":{"line":111,"column":null}},"type":"if","locations":[{"start":{"line":105,"column":4},"end":{"line":111,"column":null}}]},"8":{"loc":{"start":{"line":106,"column":6},"end":{"line":110,"column":null}},"type":"if","locations":[{"start":{"line":106,"column":6},"end":{"line":110,"column":null}},{"start":{"line":108,"column":13},"end":{"line":110,"column":null}}]},"9":{"loc":{"start":{"line":184,"column":22},"end":{"line":184,"column":66}},"type":"cond-expr","locations":[{"start":{"line":184,"column":41},"end":{"line":184,"column":52}},{"start":{"line":184,"column":55},"end":{"line":184,"column":66}}]},"10":{"loc":{"start":{"line":190,"column":16},"end":{"line":192,"column":null}},"type":"cond-expr","locations":[{"start":{"line":191,"column":20},"end":{"line":191,"column":null}},{"start":{"line":192,"column":20},"end":{"line":192,"column":null}}]},"11":{"loc":{"start":{"line":207,"column":11},"end":{"line":207,"column":null}},"type":"binary-expr","locations":[{"start":{"line":207,"column":11},"end":{"line":207,"column":null}}]}},"s":{"0":0,"1":0,"2":0,"3":0,"4":0,"5":0,"6":0,"7":0,"8":0,"9":0,"10":0,"11":0,"12":0,"13":0,"14":0,"15":0,"16":0,"17":0,"18":0,"19":0,"20":0,"21":0,"22":0,"23":0,"24":0,"25":0,"26":0,"27":0,"28":0,"29":0,"30":0,"31":0,"32":0,"33":0,"34":0,"35":0,"36":0,"37":0,"38":0,"39":0,"40":0,"41":0,"42":0,"43":0,"44":0,"45":0},"f":{"0":0,"1":0,"2":0,"3":0,"4":0,"5":0,"6":0,"7":0},"b":{"0":[0,0],"1":[0,0],"2":[0,0],"3":[0,0],"4":[0,0],"5":[0,0],"6":[0,0],"7":[0],"8":[0,0],"9":[0,0],"10":[0,0],"11":[0]}}
,"C:\\Users\\jerom\\laragon\\www\\chess\\src\\types\\enums.ts": {"path":"C:\\Users\\jerom\\laragon\\www\\chess\\src\\types\\enums.ts","statementMap":{"0":{"start":{"line":30,"column":12},"end":{"line":30,"column":17}},"1":{"start":{"line":7,"column":12},"end":{"line":7,"column":22}},"2":{"start":{"line":1,"column":12},"end":{"line":1,"column":22}},"3":{"start":{"line":17,"column":12},"end":{"line":17,"column":30}}},"fnMap":{},"branchMap":{},"s":{"0":7,"1":1,"2":1,"3":1},"f":{},"b":{}}
,"C:\\Users\\jerom\\laragon\\www\\chess\\src\\types\\lichess.ts": {"path":"C:\\Users\\jerom\\laragon\\www\\chess\\src\\types\\lichess.ts","statementMap":{"0":{"start":{"line":16,"column":12},"end":{"line":16,"column":null}}},"fnMap":{},"branchMap":{},"s":{"0":0},"f":{},"b":{}}
}
