TN:
SF:src\constants.ts
FNF:0
FNH:0
DA:1,0
DA:3,0
DA:4,0
DA:6,0
DA:19,0
DA:20,0
DA:22,0
DA:25,0
DA:63,0
LF:9
LH:0
BRF:0
BRH:0
end_of_record
TN:
SF:src\components\LinearProgressBar.tsx
FN:10,(anonymous_1)
FN:32,(anonymous_2)
FNF:2
FNH:0
FNDA:0,(anonymous_1)
FNDA:0,(anonymous_2)
DA:1,0
DA:8,0
DA:10,0
DA:13,0
DA:32,0
DA:55,0
LF:6
LH:0
BRDA:13,0,0,0
BRDA:37,1,0,0
BRDA:37,1,1,0
BRF:3
BRH:0
end_of_record
TN:
SF:src\components\NavLink.tsx
FN:5,NavLink
FNF:1
FNH:0
FNDA:0,NavLink
DA:1,0
DA:2,0
DA:5,0
LF:3
LH:0
BRF:0
BRH:0
end_of_record
TN:
SF:src\components\pageTitle.tsx
FN:3,(anonymous_2)
FNF:1
FNH:0
FNDA:0,(anonymous_2)
DA:1,0
DA:3,0
LF:2
LH:0
BRF:0
BRH:0
end_of_record
TN:
SF:src\components\slider.tsx
FN:27,Slider
FN:40,(anonymous_2)
FN:44,(anonymous_3)
FN:100,(anonymous_4)
FN:103,(anonymous_5)
FN:109,(anonymous_6)
FN:116,(anonymous_7)
FNF:7
FNH:0
FNDA:0,Slider
FNDA:0,(anonymous_2)
FNDA:0,(anonymous_3)
FNDA:0,(anonymous_4)
FNDA:0,(anonymous_5)
FNDA:0,(anonymous_6)
FNDA:0,(anonymous_7)
DA:1,0
DA:12,0
DA:13,0
DA:27,0
DA:38,0
DA:40,0
DA:41,0
DA:44,0
DA:45,0
DA:100,0
DA:103,0
DA:109,0
DA:116,0
LF:13
LH:0
BRDA:35,0,0,0
BRDA:53,1,0,0
BRDA:53,1,1,0
BRDA:57,2,0,0
BRDA:57,2,1,0
BRDA:57,3,0,0
BRDA:57,3,1,0
BRDA:60,4,0,0
BRDA:65,5,0,0
BRDA:65,5,1,0
BRDA:99,6,0,0
BRDA:99,6,1,0
BRF:12
BRH:0
end_of_record
TN:
SF:src\components\board\capturedPieces.tsx
FN:13,CapturedPieces
FN:14,(anonymous_2)
FN:16,(anonymous_3)
FN:21,(anonymous_4)
FN:51,(anonymous_5)
FN:63,(anonymous_6)
FNF:6
FNH:0
FNDA:0,CapturedPieces
FNDA:0,(anonymous_2)
FNDA:0,(anonymous_3)
FNDA:0,(anonymous_4)
FNDA:0,(anonymous_5)
FNDA:0,(anonymous_6)
DA:1,0
DA:2,0
DA:3,0
DA:4,0
DA:11,0
DA:13,0
DA:14,0
DA:15,0
DA:16,0
DA:17,0
DA:21,0
DA:22,0
DA:23,0
DA:51,0
DA:55,0
DA:57,0
DA:64,0
LF:17
LH:0
BRDA:23,0,0,0
BRDA:23,0,1,0
BRDA:38,1,0,0
BRDA:55,2,0,0
BRF:4
BRH:0
end_of_record
TN:
SF:src\components\board\evaluationBar.tsx
FN:14,EvaluationBar
FN:25,(anonymous_2)
FNF:2
FNH:0
FNDA:0,EvaluationBar
FNDA:0,(anonymous_2)
DA:1,0
DA:2,0
DA:3,0
DA:4,0
DA:5,0
DA:14,0
DA:19,0
DA:23,0
DA:25,0
DA:26,0
DA:27,0
DA:29,0
DA:30,0
LF:13
LH:0
BRDA:17,0,0,0
BRDA:27,1,0,0
BRDA:27,2,0,0
BRDA:27,2,1,0
BRDA:27,2,2,0
BRDA:46,3,0,0
BRDA:46,3,1,0
BRDA:50,4,0,0
BRDA:50,4,1,0
BRDA:56,5,0,0
BRDA:56,5,1,0
BRDA:60,6,0,0
BRDA:60,6,1,0
BRDA:64,7,0,0
BRDA:64,7,1,0
BRDA:64,8,0,0
BRDA:64,8,1,0
BRDA:64,8,2,0
BRDA:64,8,3,0
BRDA:75,9,0,0
BRDA:75,9,1,0
BRDA:79,10,0,0
BRDA:79,10,1,0
BRDA:87,11,0,0
BRDA:87,11,1,0
BRDA:91,12,0,0
BRDA:91,12,1,0
BRDA:95,13,0,0
BRDA:95,13,1,0
BRDA:95,14,0,0
BRDA:95,14,1,0
BRDA:95,14,2,0
BRDA:95,14,3,0
BRF:33
BRH:0
end_of_record
TN:
SF:src\components\board\index.tsx
FN:39,Board
FN:55,(anonymous_5)
FN:57,(anonymous_6)
FN:68,(anonymous_7)
FN:73,(anonymous_8)
FN:82,(anonymous_9)
FN:97,(anonymous_10)
FN:103,(anonymous_11)
FN:112,(anonymous_12)
FN:122,(anonymous_13)
FN:158,(anonymous_14)
FN:159,(anonymous_15)
FN:161,(anonymous_16)
FN:169,(anonymous_17)
FN:175,(anonymous_18)
FN:180,(anonymous_19)
FN:210,(anonymous_20)
FN:236,(anonymous_21)
FN:251,(anonymous_22)
FN:252,(anonymous_23)
FN:269,(anonymous_25)
FNF:21
FNH:0
FNDA:0,Board
FNDA:0,(anonymous_5)
FNDA:0,(anonymous_6)
FNDA:0,(anonymous_7)
FNDA:0,(anonymous_8)
FNDA:0,(anonymous_9)
FNDA:0,(anonymous_10)
FNDA:0,(anonymous_11)
FNDA:0,(anonymous_12)
FNDA:0,(anonymous_13)
FNDA:0,(anonymous_14)
FNDA:0,(anonymous_15)
FNDA:0,(anonymous_16)
FNDA:0,(anonymous_17)
FNDA:0,(anonymous_18)
FNDA:0,(anonymous_19)
FNDA:0,(anonymous_20)
FNDA:0,(anonymous_21)
FNDA:0,(anonymous_22)
FNDA:0,(anonymous_23)
FNDA:0,(anonymous_25)
DA:1,0
DA:2,0
DA:3,0
DA:12,0
DA:13,0
DA:14,0
DA:16,0
DA:18,0
DA:19,0
DA:21,0
DA:22,0
DA:23,0
DA:39,0
DA:52,0
DA:53,0
DA:54,0
DA:55,0
DA:56,0
DA:57,0
DA:58,0
DA:59,0
DA:60,0
DA:61,0
DA:62,0
DA:63,0
DA:64,0
DA:66,0
DA:68,0
DA:69,0
DA:72,0
DA:74,0
DA:75,0
DA:76,0
DA:81,0
DA:83,0
DA:85,0
DA:91,0
DA:96,0
DA:98,0
DA:99,0
DA:100,0
DA:101,0
DA:102,0
DA:103,0
DA:105,0
DA:111,0
DA:113,0
DA:115,0
DA:116,0
DA:117,0
DA:118,0
DA:121,0
DA:122,0
DA:124,0
DA:125,0
DA:126,0
DA:129,0
DA:131,0
DA:136,0
DA:137,0
DA:140,0
DA:145,0
DA:157,0
DA:159,0
DA:160,0
DA:161,0
DA:168,0
DA:170,0
DA:175,0
DA:176,0
DA:179,0
DA:181,0
DA:182,0
DA:184,0
DA:185,0
DA:190,0
DA:191,0
DA:194,0
DA:195,0
DA:200,0
DA:201,0
DA:204,0
DA:205,0
DA:210,0
DA:211,0
DA:212,0
DA:214,0
DA:222,0
DA:230,0
DA:233,0
DA:236,0
DA:237,0
DA:250,0
DA:252,0
DA:264,0
DA:269,0
DA:270,0
DA:275,0
DA:276,0
DA:282,0
DA:355,0
LF:101
LH:0
BRDA:46,0,0,0
BRDA:47,1,0,0
BRDA:48,2,0,0
BRDA:50,3,0,0
BRDA:74,4,0,0
BRDA:74,5,0,0
BRDA:74,5,1,0
BRDA:75,6,0,0
BRDA:75,7,0,0
BRDA:75,7,1,0
BRDA:83,8,0,0
BRDA:88,9,0,0
BRDA:88,9,1,0
BRDA:98,10,0,0
BRDA:98,10,1,0
BRDA:101,11,0,0
BRDA:101,11,1,0
BRDA:115,12,0,0
BRDA:116,13,0,0
BRDA:116,14,0,0
BRDA:116,14,1,0
BRDA:124,15,0,0
BRDA:131,16,0,0
BRDA:132,17,0,0
BRDA:132,17,1,0
BRDA:132,17,2,0
BRDA:132,17,3,0
BRDA:132,17,4,0
BRDA:145,18,0,0
BRDA:145,18,1,0
BRDA:160,19,0,0
BRDA:160,19,1,0
BRDA:181,20,0,0
BRDA:182,21,0,0
BRDA:182,21,1,0
BRDA:184,22,0,0
BRDA:184,23,0,0
BRDA:184,23,1,0
BRDA:194,24,0,0
BRDA:194,25,0,0
BRDA:194,25,1,0
BRDA:214,26,0,0
BRDA:215,27,0,0
BRDA:215,27,1,0
BRDA:215,27,2,0
BRDA:215,27,3,0
BRDA:215,27,4,0
BRDA:215,27,5,0
BRDA:275,28,0,0
BRDA:293,29,0,0
BRDA:295,30,0,0
BRDA:295,30,1,0
BRDA:295,30,2,0
BRDA:306,31,0,0
BRDA:306,31,1,0
BRDA:310,32,0,0
BRDA:310,32,1,0
BRDA:312,33,0,0
BRDA:312,33,1,0
BRDA:327,34,0,0
BRDA:327,34,1,0
BRDA:348,35,0,0
BRDA:348,35,1,0
BRF:63
BRH:0
end_of_record
TN:
SF:src\components\board\playerHeader.tsx
FN:16,PlayerHeader
FN:21,(anonymous_3)
FN:30,(anonymous_4)
FN:101,(anonymous_5)
FNF:4
FNH:0
FNDA:0,PlayerHeader
FNDA:0,(anonymous_3)
FNDA:0,(anonymous_4)
FNDA:0,(anonymous_5)
DA:1,0
DA:3,0
DA:4,0
DA:5,0
DA:7,0
DA:8,0
DA:16,0
DA:17,0
DA:19,0
DA:21,0
DA:22,0
DA:24,0
DA:25,0
DA:26,0
DA:28,0
DA:30,0
DA:32,0
DA:35,0
DA:36,0
DA:101,0
DA:102,0
DA:104,0
DA:105,0
DA:107,0
LF:24
LH:0
BRDA:24,0,0,0
BRDA:54,1,0,0
BRDA:54,1,1,0
BRDA:55,2,0,0
BRDA:55,2,1,0
BRDA:66,3,0,0
BRDA:77,4,0,0
BRDA:81,5,0,0
BRDA:81,5,1,0
BRDA:82,6,0,0
BRDA:82,6,1,0
BRDA:90,7,0,0
BRDA:90,7,1,0
BRDA:92,8,0,0
BRDA:92,8,1,0
BRDA:92,9,0,0
BRDA:92,9,1,0
BRDA:92,9,2,0
BRDA:102,10,0,0
BRDA:105,11,0,0
BRDA:111,12,0,0
BRDA:111,12,1,0
BRF:22
BRH:0
end_of_record
TN:
SF:src\components\board\squareRenderer.tsx
FN:20,getSquareRenderer
FN:27,(anonymous_3)
FN:40,(anonymous_4)
FN:50,(anonymous_5)
FN:112,(anonymous_6)
FNF:5
FNH:0
FNDA:0,getSquareRenderer
FNDA:0,(anonymous_3)
FNDA:0,(anonymous_4)
FNDA:0,(anonymous_5)
FNDA:0,(anonymous_6)
DA:3,0
DA:4,0
DA:5,0
DA:10,0
DA:11,0
DA:20,0
DA:26,0
DA:28,0
DA:29,0
DA:30,0
DA:31,0
DA:32,0
DA:33,0
DA:35,0
DA:36,0
DA:37,0
DA:39,0
DA:41,0
DA:49,0
DA:51,0
DA:88,0
DA:90,0
DA:93,0
DA:101,0
DA:112,0
DA:114,0
LF:26
LH:0
BRDA:24,0,0,0
BRDA:41,1,0,0
BRDA:41,1,1,0
BRDA:43,2,0,0
BRDA:43,2,1,0
BRDA:43,3,0,0
BRDA:43,3,1,0
BRDA:51,4,0,0
BRDA:51,4,1,0
BRDA:61,5,0,0
BRDA:61,5,1,0
BRDA:65,6,0,0
BRDA:66,7,0,0
BRDA:67,8,0,0
BRDA:67,8,1,0
BRDA:67,8,2,0
BRDA:118,9,0,0
BRDA:118,9,1,0
BRF:18
BRH:0
end_of_record
TN:
SF:src\components\board\states.ts
FNF:0
FNH:0
DA:2,0
DA:4,0
DA:8,0
LF:3
LH:0
BRF:0
BRH:0
end_of_record
TN:
SF:src\components\prettyMoveSan\index.tsx
FN:23,PrettyMoveSan
FN:33,(anonymous_3)
FNF:2
FNH:0
FNDA:0,PrettyMoveSan
FNDA:0,(anonymous_3)
DA:7,0
DA:8,0
DA:9,0
DA:11,0
DA:23,0
DA:30,0
DA:31,0
DA:33,0
DA:34,0
DA:36,0
DA:37,0
DA:39,0
DA:40,0
DA:42,0
DA:65,0
LF:15
LH:0
BRDA:37,0,0,0
BRDA:39,1,0,0
BRDA:39,1,1,0
BRDA:39,2,0,0
BRDA:39,2,1,0
BRDA:47,3,0,0
BRF:6
BRH:0
end_of_record
TN:
SF:src\data\openings.ts
FNF:0
FNH:0
DA:1,0
LF:1
LH:0
BRF:0
BRH:0
end_of_record
TN:
SF:src\hooks\useAtomLocalStorage.ts
FN:4,useAtomLocalStorage
FN:11,(anonymous_2)
FN:19,(anonymous_3)
FN:27,parseJSON
FNF:4
FNH:0
FNDA:0,useAtomLocalStorage
FNDA:0,(anonymous_2)
FNDA:0,(anonymous_3)
FNDA:0,parseJSON
DA:1,0
DA:2,0
DA:4,0
DA:8,0
DA:9,0
DA:11,0
DA:12,0
DA:13,0
DA:14,0
DA:15,0
DA:16,0
DA:19,0
DA:20,0
DA:21,0
DA:24,0
DA:28,0
LF:16
LH:0
BRDA:14,0,0,0
BRDA:16,1,0,0
BRDA:20,2,0,0
BRDA:28,3,0,0
BRDA:28,3,1,0
BRF:5
BRH:0
end_of_record
TN:
SF:src\hooks\useChessActions.ts
FN:15,(anonymous_1)
FN:19,(anonymous_2)
FN:28,(anonymous_3)
FN:36,(anonymous_4)
FN:56,(anonymous_5)
FN:67,(anonymous_6)
FN:92,(anonymous_7)
FN:105,(anonymous_8)
FN:113,(anonymous_9)
FNF:9
FNH:0
FNDA:0,(anonymous_1)
FNDA:0,(anonymous_2)
FNDA:0,(anonymous_3)
FNDA:0,(anonymous_4)
FNDA:0,(anonymous_5)
FNDA:0,(anonymous_6)
FNDA:0,(anonymous_7)
FNDA:0,(anonymous_8)
FNDA:0,(anonymous_9)
DA:1,0
DA:2,0
DA:4,0
DA:5,0
DA:6,0
DA:15,0
DA:16,0
DA:18,0
DA:20,0
DA:21,0
DA:22,0
DA:27,0
DA:29,0
DA:30,0
DA:31,0
DA:36,0
DA:37,0
DA:39,0
DA:40,0
DA:41,0
DA:46,0
DA:47,0
DA:51,0
DA:52,0
DA:55,0
DA:57,0
DA:58,0
DA:61,0
DA:66,0
DA:73,0
DA:75,0
DA:76,0
DA:77,0
DA:78,0
DA:80,0
DA:81,0
DA:82,0
DA:84,0
DA:85,0
DA:91,0
DA:93,0
DA:95,0
DA:96,0
DA:97,0
DA:99,0
DA:100,0
DA:105,0
DA:106,0
DA:107,0
DA:108,0
DA:109,0
DA:112,0
DA:114,0
DA:116,0
DA:117,0
DA:119,0
DA:120,0
DA:122,0
DA:123,0
DA:124,0
DA:127,0
DA:128,0
DA:133,0
LF:63
LH:0
BRDA:30,0,0,0
BRDA:39,1,0,0
BRDA:41,2,0,0
BRDA:43,3,0,0
BRDA:43,3,1,0
BRDA:57,4,0,0
BRDA:57,4,1,0
BRDA:58,5,0,0
BRDA:58,5,1,0
BRDA:78,6,0,0
BRDA:100,7,0,0
BRDA:108,8,0,0
BRDA:114,9,0,0
BRDA:120,10,0,0
BRF:14
BRH:0
end_of_record
TN:
SF:src\hooks\useDebounce.ts
FN:3,useDebounce
FN:6,(anonymous_2)
FN:14,(anonymous_3)
FN:18,(anonymous_4)
FNF:4
FNH:0
FNDA:0,useDebounce
FNDA:0,(anonymous_2)
FNDA:0,(anonymous_3)
FNDA:0,(anonymous_4)
DA:1,0
DA:3,0
DA:4,0
DA:6,0
DA:7,0
DA:9,0
DA:10,0
DA:11,0
DA:14,0
DA:15,0
DA:18,0
DA:19,0
DA:23,0
LF:13
LH:0
BRDA:7,0,0,0
BRDA:9,1,0,0
BRF:2
BRH:0
end_of_record
TN:
SF:src\hooks\useEngine.ts
FN:10,(anonymous_1)
FN:13,(anonymous_2)
FN:20,(anonymous_3)
FN:21,(anonymous_4)
FN:31,(anonymous_5)
FNF:5
FNH:0
FNDA:0,(anonymous_1)
FNDA:0,(anonymous_2)
FNDA:0,(anonymous_3)
FNDA:0,(anonymous_4)
FNDA:0,(anonymous_5)
DA:1,0
DA:2,0
DA:3,0
DA:4,0
DA:5,0
DA:7,0
DA:8,0
DA:10,0
DA:11,0
DA:13,0
DA:14,0
DA:16,0
DA:17,0
DA:20,0
DA:21,0
DA:22,0
DA:23,0
DA:28,0
DA:31,0
DA:32,0
DA:34,0
DA:36,0
DA:38,0
DA:40,0
DA:42,0
DA:44,0
DA:46,0
LF:27
LH:0
BRDA:14,0,0,0
BRDA:16,1,0,0
BRDA:16,2,0,0
BRDA:16,2,1,0
BRDA:32,3,0,0
BRDA:32,3,1,0
BRDA:32,3,2,0
BRDA:32,3,3,0
BRDA:32,3,4,0
BRDA:32,3,5,0
BRDA:32,3,6,0
BRF:11
BRH:0
end_of_record
TN:
SF:src\hooks\useGameData.ts
FN:6,(anonymous_1)
FN:13,(anonymous_2)
FNF:2
FNH:0
FNDA:0,(anonymous_1)
FNDA:0,(anonymous_2)
DA:3,0
DA:4,0
DA:6,0
DA:10,0
DA:11,0
DA:13,0
DA:14,0
DA:15,0
DA:16,0
DA:19,0
LF:10
LH:0
BRF:0
BRH:0
end_of_record
TN:
SF:src\hooks\useGameDatabase.ts
FN:20,(anonymous_1)
FN:26,(anonymous_2)
FN:32,(anonymous_3)
FN:33,(anonymous_4)
FN:35,(anonymous_5)
FN:45,(anonymous_6)
FN:52,(anonymous_7)
FN:57,(anonymous_8)
FN:71,(anonymous_9)
FN:85,(anonymous_10)
FN:94,(anonymous_11)
FN:107,(anonymous_12)
FN:110,(anonymous_13)
FNF:13
FNH:0
FNDA:0,(anonymous_1)
FNDA:0,(anonymous_2)
FNDA:0,(anonymous_3)
FNDA:0,(anonymous_4)
FNDA:0,(anonymous_5)
FNDA:0,(anonymous_6)
FNDA:0,(anonymous_7)
FNDA:0,(anonymous_8)
FNDA:0,(anonymous_9)
FNDA:0,(anonymous_10)
FNDA:0,(anonymous_11)
FNDA:0,(anonymous_12)
FNDA:0,(anonymous_13)
DA:1,0
DA:5,0
DA:6,0
DA:7,0
DA:8,0
DA:17,0
DA:18,0
DA:20,0
DA:21,0
DA:22,0
DA:23,0
DA:24,0
DA:26,0
DA:27,0
DA:28,0
DA:32,0
DA:33,0
DA:34,0
DA:36,0
DA:39,0
DA:42,0
DA:45,0
DA:46,0
DA:47,0
DA:48,0
DA:52,0
DA:53,0
DA:56,0
DA:58,0
DA:60,0
DA:61,0
DA:63,0
DA:65,0
DA:70,0
DA:72,0
DA:74,0
DA:75,0
DA:77,0
DA:79,0
DA:84,0
DA:86,0
DA:88,0
DA:93,0
DA:95,0
DA:97,0
DA:99,0
DA:104,0
DA:105,0
DA:107,0
DA:108,0
DA:110,0
DA:111,0
DA:113,0
DA:115,0
DA:119,0
DA:121,0
LF:56
LH:0
BRDA:27,0,0,0
BRDA:46,1,0,0
BRDA:46,2,0,0
BRDA:46,2,1,0
BRDA:58,3,0,0
BRDA:72,4,0,0
BRDA:75,5,0,0
BRDA:86,6,0,0
BRDA:95,7,0,0
BRDA:108,8,0,0
BRDA:108,8,1,0
BRF:11
BRH:0
end_of_record
TN:
SF:src\hooks\useLocalStorage.ts
FN:5,useLocalStorage
FN:11,(anonymous_2)
FN:23,(anonymous_3)
FN:34,parseJSON
FNF:4
FNH:0
FNDA:0,useLocalStorage
FNDA:0,(anonymous_2)
FNDA:0,(anonymous_3)
FNDA:0,parseJSON
DA:1,0
DA:5,0
DA:9,0
DA:11,0
DA:12,0
DA:13,0
DA:14,0
DA:15,0
DA:16,0
DA:17,0
DA:20,0
DA:23,0
DA:24,0
DA:25,0
DA:26,0
DA:27,0
DA:28,0
DA:31,0
DA:35,0
LF:19
LH:0
BRDA:13,0,0,0
BRDA:15,1,0,0
BRDA:24,2,0,0
BRDA:26,3,0,0
BRDA:26,3,1,0
BRDA:35,4,0,0
BRDA:35,4,1,0
BRF:7
BRH:0
end_of_record
TN:
SF:src\hooks\usePlayersData.ts
FN:8,(anonymous_1)
FN:55,(anonymous_2)
FN:62,(anonymous_3)
FNF:3
FNH:0
FNDA:0,(anonymous_1)
FNDA:0,(anonymous_2)
FNDA:0,(anonymous_3)
DA:2,0
DA:3,0
DA:4,0
DA:5,0
DA:8,0
DA:11,0
DA:12,0
DA:13,0
DA:16,0
DA:18,0
DA:20,0
DA:21,0
DA:24,0
DA:26,0
DA:28,0
DA:29,0
DA:31,0
DA:36,0
DA:41,0
DA:55,0
DA:59,0
DA:62,0
DA:67,0
LF:23
LH:0
BRDA:16,0,0,0
BRDA:16,0,1,0
BRDA:16,1,0,0
BRDA:16,1,1,0
BRDA:18,2,0,0
BRDA:18,2,1,0
BRDA:18,3,0,0
BRDA:18,3,1,0
BRDA:20,4,0,0
BRDA:20,4,1,0
BRDA:20,4,2,0
BRDA:21,5,0,0
BRDA:21,5,1,0
BRDA:21,5,2,0
BRDA:24,6,0,0
BRDA:24,6,1,0
BRDA:24,6,2,0
BRDA:26,7,0,0
BRDA:26,7,1,0
BRDA:26,7,2,0
BRDA:28,8,0,0
BRDA:28,8,1,0
BRDA:28,8,2,0
BRDA:33,9,0,0
BRDA:33,9,1,0
BRDA:33,9,2,0
BRDA:38,10,0,0
BRDA:38,10,1,0
BRDA:38,10,2,0
BRDA:45,11,0,0
BRDA:45,11,1,0
BRDA:50,12,0,0
BRDA:50,12,1,0
BRF:33
BRH:0
end_of_record
TN:
SF:src\hooks\useScreenSize.ts
FN:3,(anonymous_1)
FN:9,(anonymous_2)
FN:13,(anonymous_3)
FN:14,(anonymous_4)
FN:18,(anonymous_5)
FN:23,(anonymous_6)
FN:24,(anonymous_7)
FN:25,(anonymous_8)
FN:33,(anonymous_9)
FNF:9
FNH:0
FNDA:0,(anonymous_1)
FNDA:0,(anonymous_2)
FNDA:0,(anonymous_3)
FNDA:0,(anonymous_4)
FNDA:0,(anonymous_5)
FNDA:0,(anonymous_6)
FNDA:0,(anonymous_7)
FNDA:0,(anonymous_8)
FNDA:0,(anonymous_9)
DA:1,0
DA:3,0
DA:4,0
DA:9,0
DA:10,0
DA:11,0
DA:13,0
DA:14,0
DA:16,0
DA:18,0
DA:19,0
DA:23,0
DA:24,0
DA:25,0
DA:31,0
DA:33,0
DA:34,0
DA:38,0
LF:18
LH:0
BRDA:5,0,0,0
BRDA:5,0,1,0
BRDA:6,1,0,0
BRDA:6,1,1,0
BRDA:11,2,0,0
BRF:5
BRH:0
end_of_record
TN:
SF:src\lib\chess.ts
FN:8,(anonymous_18)
FN:11,(anonymous_19)
FN:20,(anonymous_20)
FN:26,(anonymous_21)
FN:33,(anonymous_22)
FN:56,(anonymous_23)
FN:61,(anonymous_24)
FN:123,(anonymous_25)
FN:128,(anonymous_26)
FN:138,(anonymous_27)
FN:161,(anonymous_28)
FN:166,(anonymous_29)
FN:172,(anonymous_30)
FN:184,(anonymous_31)
FN:189,(anonymous_32)
FN:199,(anonymous_33)
FN:245,(anonymous_34)
FN:258,(anonymous_35)
FN:262,(anonymous_36)
FN:274,(anonymous_37)
FN:291,(anonymous_38)
FN:296,(anonymous_39)
FN:322,(anonymous_40)
FN:350,(anonymous_41)
FN:364,(anonymous_42)
FN:372,(anonymous_43)
FNF:26
FNH:23
FNDA:2,(anonymous_18)
FNDA:3,(anonymous_19)
FNDA:3,(anonymous_20)
FNDA:2,(anonymous_21)
FNDA:2,(anonymous_22)
FNDA:0,(anonymous_23)
FNDA:4,(anonymous_24)
FNDA:2,(anonymous_25)
FNDA:4,(anonymous_26)
FNDA:2,(anonymous_27)
FNDA:2,(anonymous_28)
FNDA:2,(anonymous_29)
FNDA:8,(anonymous_30)
FNDA:1,(anonymous_31)
FNDA:2,(anonymous_32)
FNDA:0,(anonymous_33)
FNDA:0,(anonymous_34)
FNDA:2,(anonymous_35)
FNDA:128,(anonymous_36)
FNDA:63,(anonymous_37)
FNDA:2,(anonymous_38)
FNDA:3,(anonymous_39)
FNDA:15,(anonymous_40)
FNDA:6,(anonymous_41)
FNDA:2,(anonymous_42)
FNDA:4,(anonymous_43)
DA:3,1
DA:4,1
DA:5,1
DA:8,2
DA:9,2
DA:11,3
DA:12,2
DA:13,1
DA:16,1
DA:19,2
DA:20,3
DA:23,2
DA:26,2
DA:27,2
DA:28,2
DA:30,2
DA:33,2
DA:34,2
DA:36,2
DA:56,1
DA:57,0
DA:58,0
DA:61,4
DA:65,4
DA:66,4
DA:67,4
DA:72,4
DA:74,4
DA:75,4
DA:77,4
DA:79,4
DA:81,4
DA:82,4
DA:84,4
DA:85,4
DA:87,4
DA:88,0
DA:89,0
DA:95,4
DA:97,2
DA:98,1
DA:99,1
DA:105,2
DA:106,0
DA:107,0
DA:110,2
DA:111,1
DA:112,1
DA:115,2
DA:116,0
DA:117,0
DA:120,2
DA:123,2
DA:126,2
DA:128,2
DA:129,4
DA:130,4
DA:131,3
DA:133,1
DA:138,2
DA:141,2
DA:142,2
DA:144,2
DA:145,1
DA:148,1
DA:149,1
DA:151,1
DA:152,1
DA:154,1
DA:155,0
DA:158,1
DA:161,2
DA:162,2
DA:163,2
DA:166,2
DA:167,2
DA:168,2
DA:169,1
DA:172,2
DA:178,8
DA:184,1
DA:188,1
DA:189,2
DA:191,1
DA:193,0
DA:194,0
DA:196,0
DA:199,1
DA:204,0
DA:206,0
DA:207,0
DA:208,0
DA:210,0
DA:211,0
DA:212,0
DA:214,0
DA:216,0
DA:220,0
DA:221,0
DA:222,0
DA:223,0
DA:224,0
DA:225,0
DA:227,0
DA:228,0
DA:231,0
DA:232,0
DA:236,0
DA:237,0
DA:238,0
DA:239,0
DA:243,0
DA:245,0
DA:247,0
DA:250,0
DA:252,0
DA:253,0
DA:255,0
DA:258,2
DA:259,2
DA:260,2
DA:262,2
DA:263,128
DA:264,63
DA:266,63
DA:267,32
DA:270,31
DA:274,1
DA:275,63
DA:277,31
DA:279,8
DA:281,8
DA:283,8
DA:285,4
DA:287,4
DA:291,2
DA:292,2
DA:293,2
DA:296,3
DA:304,3
DA:320,3
DA:322,3
DA:323,15
DA:326,15
DA:328,15
DA:335,1
DA:350,6
DA:353,6
DA:354,3
DA:357,3
DA:358,2
DA:361,1
DA:364,2
DA:365,2
DA:367,2
DA:368,2
DA:369,2
DA:370,2
DA:372,2
DA:373,4
DA:374,1
DA:375,1
DA:377,3
DA:378,0
DA:379,0
DA:382,3
DA:383,1
DA:384,1
DA:386,2
DA:387,0
DA:388,0
DA:391,2
LF:172
LH:126
BRDA:12,0,0,1
BRDA:12,0,1,1
BRDA:20,1,0,3
BRDA:20,1,1,3
BRDA:41,2,0,2
BRDA:41,2,1,0
BRDA:43,3,0,1
BRDA:43,3,1,1
BRDA:43,4,0,2
BRDA:43,4,1,2
BRDA:44,5,0,1
BRDA:44,5,1,1
BRDA:47,6,0,1
BRDA:47,6,1,1
BRDA:47,7,0,2
BRDA:47,7,1,2
BRDA:48,8,0,1
BRDA:48,8,1,1
BRDA:57,9,0,0
BRDA:63,10,0,3
BRDA:77,11,0,4
BRDA:77,11,1,3
BRDA:77,12,0,0
BRDA:77,12,1,3
BRDA:79,13,0,4
BRDA:79,13,1,3
BRDA:79,14,0,0
BRDA:79,14,1,3
BRDA:84,15,0,1
BRDA:85,16,0,1
BRDA:87,17,0,0
BRDA:88,18,0,0
BRDA:88,18,1,0
BRDA:91,19,0,0
BRDA:91,19,1,0
BRDA:95,20,0,2
BRDA:97,21,0,1
BRDA:98,22,0,1
BRDA:98,22,1,0
BRDA:101,23,0,1
BRDA:101,23,1,0
BRDA:105,24,0,0
BRDA:110,25,0,1
BRDA:115,26,0,0
BRDA:144,27,0,1
BRDA:149,28,0,0
BRDA:154,29,0,0
BRDA:168,30,0,1
BRDA:181,31,0,8
BRDA:181,31,1,6
BRDA:191,32,0,1
BRDA:194,33,0,0
BRDA:204,34,0,0
BRDA:211,35,0,0
BRDA:223,36,0,0
BRDA:223,36,1,0
BRDA:228,37,0,0
BRDA:237,38,0,0
BRDA:243,39,0,0
BRDA:244,40,0,0
BRDA:244,40,1,0
BRDA:253,41,0,0
BRDA:253,41,1,0
BRDA:263,42,0,65
BRDA:266,43,0,32
BRDA:275,44,0,31
BRDA:275,44,1,8
BRDA:275,44,2,8
BRDA:275,44,3,8
BRDA:275,44,4,4
BRDA:275,44,5,4
BRDA:304,45,0,1
BRDA:304,45,1,2
BRDA:326,46,0,15
BRDA:326,46,1,0
BRDA:330,47,0,15
BRDA:330,47,1,0
BRDA:353,48,0,3
BRDA:354,49,0,1
BRDA:354,49,1,2
BRDA:357,50,0,2
BRDA:358,51,0,1
BRDA:358,51,1,1
BRDA:373,52,0,1
BRDA:373,53,0,4
BRDA:373,53,1,1
BRDA:377,54,0,0
BRDA:377,55,0,3
BRDA:377,55,1,0
BRDA:382,56,0,1
BRDA:382,57,0,3
BRDA:382,57,1,1
BRDA:386,58,0,0
BRDA:386,59,0,2
BRDA:386,59,1,0
BRF:95
BRH:62
end_of_record
TN:
SF:src\lib\chessCom.ts
FN:5,(anonymous_3)
FN:45,(anonymous_4)
FN:46,(anonymous_5)
FN:53,(anonymous_6)
FN:65,(anonymous_7)
FN:92,(anonymous_8)
FNF:6
FNH:0
FNDA:0,(anonymous_3)
FNDA:0,(anonymous_4)
FNDA:0,(anonymous_5)
FNDA:0,(anonymous_6)
FNDA:0,(anonymous_7)
FNDA:0,(anonymous_8)
DA:2,0
DA:5,0
DA:9,0
DA:10,0
DA:11,0
DA:12,0
DA:14,0
DA:19,0
DA:21,0
DA:25,0
DA:28,0
DA:30,0
DA:31,0
DA:32,0
DA:33,0
DA:35,0
DA:39,0
DA:41,0
DA:44,0
DA:45,0
DA:46,0
DA:50,0
DA:53,0
DA:56,0
DA:58,0
DA:59,0
DA:60,0
DA:62,0
DA:65,0
DA:66,0
DA:67,0
DA:69,0
DA:92,0
DA:93,0
DA:94,0
DA:96,0
DA:97,0
DA:99,0
DA:100,0
DA:101,0
DA:103,0
DA:104,0
DA:105,0
DA:107,0
DA:112,0
DA:113,0
DA:114,0
LF:47
LH:0
BRDA:21,0,0,0
BRDA:22,1,0,0
BRDA:22,1,1,0
BRDA:28,2,0,0
BRDA:28,2,1,0
BRDA:30,3,0,0
BRDA:31,4,0,0
BRDA:31,4,1,0
BRDA:33,5,0,0
BRDA:33,5,1,0
BRDA:41,6,0,0
BRDA:41,6,1,0
BRDA:45,7,0,0
BRDA:45,7,1,0
BRDA:62,8,0,0
BRDA:62,8,1,0
BRDA:70,9,0,0
BRDA:70,9,1,0
BRDA:70,9,2,0
BRDA:71,10,0,0
BRDA:71,10,1,0
BRDA:73,11,0,0
BRDA:73,11,1,0
BRDA:74,12,0,0
BRDA:74,12,1,0
BRDA:78,13,0,0
BRDA:78,13,1,0
BRDA:79,14,0,0
BRDA:79,14,1,0
BRDA:84,15,0,0
BRDA:84,15,1,0
BRDA:87,16,0,0
BRDA:87,16,1,0
BRDA:94,17,0,0
BRDA:97,18,0,0
BRDA:100,19,0,0
BRDA:100,19,1,0
BRDA:101,20,0,0
BRDA:103,21,0,0
BRDA:107,22,0,0
BRDA:107,22,1,0
BRDA:114,23,0,0
BRDA:114,23,1,0
BRF:43
BRH:0
end_of_record
TN:
SF:src\lib\firebase.ts
FN:19,(anonymous_1)
FN:25,(anonymous_2)
FNF:2
FNH:0
FNDA:0,(anonymous_1)
FNDA:0,(anonymous_2)
DA:1,0
DA:2,0
DA:4,0
DA:17,0
DA:19,0
DA:20,0
DA:21,0
DA:25,0
DA:29,0
DA:31,0
DA:32,0
DA:34,0
DA:35,0
LF:13
LH:0
BRDA:4,0,0,0
BRDA:4,0,1,0
BRDA:17,1,0,0
BRDA:17,1,1,0
BRDA:20,2,0,0
BRDA:20,3,0,0
BRDA:20,3,1,0
BRDA:29,4,0,0
BRDA:32,5,0,0
BRDA:32,6,0,0
BRDA:32,6,1,0
BRF:11
BRH:0
end_of_record
TN:
SF:src\lib\helpers.ts
FN:1,(anonymous_5)
FN:5,(anonymous_6)
FN:9,(anonymous_7)
FN:17,(anonymous_8)
FN:18,(anonymous_9)
FNF:5
FNH:0
FNDA:0,(anonymous_5)
FNDA:0,(anonymous_6)
FNDA:0,(anonymous_7)
FNDA:0,(anonymous_8)
FNDA:0,(anonymous_9)
DA:1,0
DA:2,0
DA:5,0
DA:6,0
DA:9,0
DA:10,0
DA:11,0
DA:17,0
DA:18,0
LF:9
LH:0
BRDA:2,0,0,0
BRDA:2,0,1,0
BRDA:12,1,0,0
BRDA:12,1,1,0
BRDA:13,2,0,0
BRDA:13,2,1,0
BRF:6
BRH:0
end_of_record
TN:
SF:src\lib\lichess.ts
FN:13,(anonymous_4)
FN:30,(anonymous_5)
FN:59,(anonymous_6)
FN:75,(anonymous_7)
FN:76,(anonymous_8)
FN:81,(anonymous_9)
FN:99,(anonymous_10)
FN:122,(anonymous_11)
FN:144,(anonymous_12)
FNF:9
FNH:0
FNDA:0,(anonymous_4)
FNDA:0,(anonymous_5)
FNDA:0,(anonymous_6)
FNDA:0,(anonymous_7)
FNDA:0,(anonymous_8)
FNDA:0,(anonymous_9)
FNDA:0,(anonymous_10)
FNDA:0,(anonymous_11)
FNDA:0,(anonymous_12)
DA:2,0
DA:8,0
DA:9,0
DA:10,0
DA:13,0
DA:17,0
DA:18,0
DA:20,0
DA:21,0
DA:22,0
DA:27,0
DA:30,0
DA:38,0
DA:39,0
DA:40,0
DA:42,0
DA:43,0
DA:45,0
DA:50,0
DA:52,0
DA:59,0
DA:63,0
DA:68,0
DA:69,0
DA:72,0
DA:73,0
DA:75,0
DA:76,0
DA:78,0
DA:81,0
DA:85,0
DA:86,0
DA:91,0
DA:93,0
DA:95,0
DA:99,0
DA:103,0
DA:104,0
DA:109,0
DA:110,0
DA:113,0
DA:114,0
DA:116,0
DA:118,0
DA:122,0
DA:123,0
DA:144,0
DA:145,0
DA:147,0
DA:149,0
LF:50
LH:0
BRDA:15,0,0,0
BRDA:20,1,0,0
BRDA:21,2,0,0
BRDA:40,3,0,0
BRDA:68,4,0,0
BRDA:109,5,0,0
BRDA:118,6,0,0
BRDA:118,6,1,0
BRDA:125,7,0,0
BRDA:125,7,1,0
BRDA:127,8,0,0
BRDA:127,8,1,0
BRDA:132,9,0,0
BRDA:132,9,1,0
BRDA:137,10,0,0
BRDA:137,10,1,0
BRDA:137,11,0,0
BRDA:137,11,1,0
BRDA:138,12,0,0
BRDA:138,12,1,0
BRDA:139,13,0,0
BRDA:139,13,1,0
BRDA:145,14,0,0
BRDA:147,15,0,0
BRDA:147,16,0,0
BRDA:147,16,1,0
BRF:26
BRH:0
end_of_record
TN:
SF:src\lib\math.ts
FN:1,(anonymous_5)
FN:7,(anonymous_6)
FN:8,(anonymous_7)
FN:12,(anonymous_8)
FN:14,(anonymous_9)
FN:16,(anonymous_10)
FN:16,(anonymous_11)
FN:20,(anonymous_12)
FN:25,(anonymous_13)
FN:30,(anonymous_14)
FNF:10
FNH:1
FNDA:1,(anonymous_5)
FNDA:0,(anonymous_6)
FNDA:0,(anonymous_7)
FNDA:0,(anonymous_8)
FNDA:0,(anonymous_9)
FNDA:0,(anonymous_10)
FNDA:0,(anonymous_11)
FNDA:0,(anonymous_12)
FNDA:0,(anonymous_13)
FNDA:0,(anonymous_14)
DA:1,1
DA:2,1
DA:3,1
DA:4,1
DA:7,1
DA:8,0
DA:9,0
DA:12,1
DA:13,0
DA:14,0
DA:15,0
DA:16,0
DA:20,1
DA:21,0
DA:22,0
DA:24,0
DA:25,0
DA:28,0
DA:30,0
DA:32,0
LF:20
LH:7
BRDA:2,0,0,0
BRDA:3,1,0,0
BRDA:21,2,0,0
BRF:3
BRH:0
end_of_record
TN:
SF:src\lib\sentry.ts
FN:3,(anonymous_6)
FN:6,(anonymous_7)
FNF:2
FNH:0
FNDA:0,(anonymous_6)
FNDA:0,(anonymous_7)
DA:1,0
DA:3,0
DA:4,0
DA:6,0
DA:10,0
DA:11,0
DA:15,0
LF:7
LH:0
BRDA:4,0,0,0
BRDA:4,0,1,0
BRDA:10,1,0,0
BRDA:10,1,1,0
BRF:4
BRH:0
end_of_record
TN:
SF:src\lib\sounds.ts
FN:13,(anonymous_6)
FN:16,(anonymous_7)
FN:40,(anonymous_8)
FN:41,(anonymous_9)
FN:42,(anonymous_10)
FN:44,(anonymous_11)
FNF:6
FNH:0
FNDA:0,(anonymous_6)
FNDA:0,(anonymous_7)
FNDA:0,(anonymous_8)
FNDA:0,(anonymous_9)
FNDA:0,(anonymous_10)
FNDA:0,(anonymous_11)
DA:3,0
DA:4,0
DA:5,0
DA:8,0
DA:13,0
DA:14,0
DA:16,0
DA:17,0
DA:18,0
DA:20,0
DA:21,0
DA:22,0
DA:23,0
DA:26,0
DA:27,0
DA:30,0
DA:31,0
DA:32,0
DA:33,0
DA:34,0
DA:35,0
DA:36,0
DA:40,0
DA:41,0
DA:42,0
DA:44,0
DA:45,0
DA:46,0
DA:47,0
LF:29
LH:0
BRDA:14,0,0,0
BRDA:17,1,0,0
BRDA:18,2,0,0
BRDA:21,3,0,0
BRDA:45,4,0,0
BRDA:46,5,0,0
BRF:6
BRH:0
end_of_record
TN:
SF:src\lib\engine\shared.ts
FN:7,(anonymous_6)
FN:13,(anonymous_7)
FN:21,(anonymous_8)
FN:23,(anonymous_9)
FN:26,(anonymous_10)
FNF:5
FNH:0
FNDA:0,(anonymous_6)
FNDA:0,(anonymous_7)
FNDA:0,(anonymous_8)
FNDA:0,(anonymous_9)
FNDA:0,(anonymous_10)
DA:1,0
DA:2,0
DA:3,0
DA:4,0
DA:5,0
DA:7,0
DA:8,0
DA:13,0
DA:14,0
DA:15,0
DA:17,0
DA:21,0
DA:23,0
DA:24,0
DA:26,0
DA:27,0
DA:30,0
DA:33,0
DA:36,0
DA:38,0
LF:20
LH:0
BRDA:8,0,0,0
BRDA:8,0,1,0
BRDA:15,1,0,0
BRDA:15,1,1,0
BRDA:24,2,0,0
BRDA:24,2,1,0
BRDA:27,3,0,0
BRDA:27,3,1,0
BRDA:27,3,2,0
BRDA:27,3,3,0
BRDA:27,3,4,0
BRDA:27,3,5,0
BRDA:27,3,6,0
BRF:13
BRH:0
end_of_record
TN:
SF:src\lib\engine\stockfish11.ts
FN:5,(anonymous_1)
FN:11,(anonymous_2)
FNF:2
FNH:0
FNDA:0,(anonymous_1)
FNDA:0,(anonymous_2)
DA:1,0
DA:2,0
DA:4,0
DA:6,0
DA:8,0
DA:12,0
LF:6
LH:0
BRF:0
BRH:0
end_of_record
TN:
SF:src\lib\engine\stockfish16.ts
FN:8,(anonymous_1)
FN:20,(anonymous_2)
FN:35,(anonymous_3)
FNF:3
FNH:0
FNDA:0,(anonymous_1)
FNDA:0,(anonymous_2)
FNDA:0,(anonymous_3)
DA:1,0
DA:2,0
DA:3,0
DA:4,0
DA:7,0
DA:9,0
DA:10,0
DA:13,0
DA:14,0
DA:16,0
DA:20,0
DA:21,0
DA:28,0
DA:32,0
DA:36,0
LF:15
LH:0
BRDA:9,0,0,0
BRDA:14,1,0,0
BRDA:16,2,0,0
BRDA:16,2,1,0
BRDA:28,3,0,0
BRDA:28,3,1,0
BRF:6
BRH:0
end_of_record
TN:
SF:src\lib\engine\stockfish16_1.ts
FN:6,(anonymous_1)
FN:25,(anonymous_2)
FNF:2
FNH:0
FNDA:0,(anonymous_1)
FNDA:0,(anonymous_2)
DA:1,0
DA:2,0
DA:3,0
DA:5,0
DA:7,0
DA:8,0
DA:11,0
DA:12,0
DA:14,0
DA:18,0
DA:22,0
DA:26,0
LF:12
LH:0
BRDA:7,0,0,0
BRDA:12,1,0,0
BRDA:15,2,0,0
BRDA:15,2,1,0
BRDA:16,3,0,0
BRDA:16,3,1,0
BRDA:18,4,0,0
BRDA:18,4,1,0
BRF:8
BRH:0
end_of_record
TN:
SF:src\lib\engine\stockfish17.ts
FN:6,(anonymous_1)
FN:25,(anonymous_2)
FNF:2
FNH:0
FNDA:0,(anonymous_1)
FNDA:0,(anonymous_2)
DA:1,0
DA:2,0
DA:3,0
DA:5,0
DA:7,0
DA:8,0
DA:11,0
DA:12,0
DA:14,0
DA:18,0
DA:22,0
DA:26,0
LF:12
LH:0
BRDA:7,0,0,0
BRDA:12,1,0,0
BRDA:15,2,0,0
BRDA:15,2,1,0
BRDA:16,3,0,0
BRDA:16,3,1,0
BRDA:18,4,0,0
BRDA:18,4,1,0
BRF:8
BRH:0
end_of_record
TN:
SF:src\lib\engine\uciEngine.ts
FN:32,(anonymous_1)
FN:42,(anonymous_2)
FN:55,(anonymous_3)
FN:66,(anonymous_4)
FN:84,(anonymous_5)
FN:99,(anonymous_6)
FN:119,(anonymous_7)
FN:123,(anonymous_8)
FN:129,(anonymous_9)
FN:139,(anonymous_10)
FN:146,(anonymous_11)
FN:155,(anonymous_12)
FN:163,(anonymous_13)
FN:184,(anonymous_14)
FN:190,(anonymous_15)
FN:202,(anonymous_16)
FN:218,(anonymous_17)
FN:240,(anonymous_18)
FN:244,(anonymous_19)
FN:264,(anonymous_20)
FN:272,(anonymous_21)
FN:336,(anonymous_22)
FN:359,(anonymous_23)
FN:372,(anonymous_24)
FN:398,(anonymous_25)
FN:415,(anonymous_26)
FNF:26
FNH:0
FNDA:0,(anonymous_1)
FNDA:0,(anonymous_2)
FNDA:0,(anonymous_3)
FNDA:0,(anonymous_4)
FNDA:0,(anonymous_5)
FNDA:0,(anonymous_6)
FNDA:0,(anonymous_7)
FNDA:0,(anonymous_8)
FNDA:0,(anonymous_9)
FNDA:0,(anonymous_10)
FNDA:0,(anonymous_11)
FNDA:0,(anonymous_12)
FNDA:0,(anonymous_13)
FNDA:0,(anonymous_14)
FNDA:0,(anonymous_15)
FNDA:0,(anonymous_16)
FNDA:0,(anonymous_17)
FNDA:0,(anonymous_18)
FNDA:0,(anonymous_19)
FNDA:0,(anonymous_20)
FNDA:0,(anonymous_21)
FNDA:0,(anonymous_22)
FNDA:0,(anonymous_23)
FNDA:0,(anonymous_24)
FNDA:0,(anonymous_25)
FNDA:0,(anonymous_26)
DA:11,0
DA:12,0
DA:13,0
DA:14,0
DA:15,0
DA:16,0
DA:18,0
DA:20,0
DA:22,0
DA:23,0
DA:24,0
DA:26,0
DA:29,0
DA:30,0
DA:37,0
DA:38,0
DA:39,0
DA:47,0
DA:49,0
DA:50,0
DA:52,0
DA:56,0
DA:57,0
DA:59,0
DA:60,0
DA:63,0
DA:67,0
DA:68,0
DA:69,0
DA:70,0
DA:73,0
DA:80,0
DA:81,0
DA:85,0
DA:87,0
DA:88,0
DA:91,0
DA:96,0
DA:100,0
DA:102,0
DA:103,0
DA:106,0
DA:111,0
DA:116,0
DA:120,0
DA:124,0
DA:125,0
DA:130,0
DA:131,0
DA:133,0
DA:134,0
DA:136,0
DA:140,0
DA:141,0
DA:142,0
DA:143,0
DA:147,0
DA:148,0
DA:150,0
DA:151,0
DA:160,0
DA:162,0
DA:163,0
DA:164,0
DA:173,0
DA:180,0
DA:181,0
DA:189,0
DA:191,0
DA:197,0
DA:203,0
DA:205,0
DA:206,0
DA:211,0
DA:212,0
DA:214,0
DA:215,0
DA:219,0
DA:221,0
DA:222,0
DA:227,0
DA:228,0
DA:229,0
DA:231,0
DA:232,0
DA:234,0
DA:237,0
DA:239,0
DA:240,0
DA:253,0
DA:254,0
DA:255,0
DA:257,0
DA:258,0
DA:259,0
DA:261,0
DA:262,0
DA:264,0
DA:265,0
DA:266,0
DA:267,0
DA:268,0
DA:271,0
DA:273,0
DA:274,0
DA:275,0
DA:285,0
DA:288,0
DA:289,0
DA:290,0
DA:300,0
DA:303,0
DA:304,0
DA:308,0
DA:309,0
DA:311,0
DA:316,0
DA:317,0
DA:323,0
DA:341,0
DA:342,0
DA:343,0
DA:347,0
DA:351,0
DA:356,0
DA:365,0
DA:367,0
DA:369,0
DA:370,0
DA:372,0
DA:373,0
DA:374,0
DA:375,0
DA:378,0
DA:380,0
DA:381,0
DA:385,0
DA:386,0
DA:389,0
DA:395,0
DA:403,0
DA:405,0
DA:406,0
DA:408,0
DA:410,0
DA:415,0
DA:416,0
DA:417,0
DA:418,0
DA:421,0
LF:150
LH:0
BRDA:57,0,0,0
BRDA:68,1,0,0
BRDA:85,2,0,0
BRDA:87,3,0,0
BRDA:87,4,0,0
BRDA:87,4,1,0
BRDA:100,5,0,0
BRDA:102,6,0,0
BRDA:102,7,0,0
BRDA:102,7,1,0
BRDA:124,8,0,0
BRDA:162,9,0,0
BRDA:219,10,0,0
BRDA:221,11,0,0
BRDA:227,12,0,0
BRDA:247,13,0,0
BRDA:248,14,0,0
BRDA:251,15,0,0
BRDA:274,16,0,0
BRDA:281,17,0,0
BRDA:281,17,1,0
BRDA:289,18,0,0
BRDA:338,19,0,0
BRDA:341,20,0,0
BRDA:343,21,0,0
BRDA:344,22,0,0
BRDA:344,22,1,0
BRDA:361,23,0,0
BRDA:362,24,0,0
BRDA:373,25,0,0
BRDA:381,26,0,0
BRDA:382,27,0,0
BRDA:382,27,1,0
BRDA:401,28,0,0
BRDA:416,29,0,0
BRDA:416,29,1,0
BRDA:417,30,0,0
BRDA:421,31,0,0
BRDA:421,31,1,0
BRF:39
BRH:0
end_of_record
TN:
SF:src\lib\engine\worker.ts
FN:4,(anonymous_4)
FN:11,(anonymous_5)
FN:12,(anonymous_6)
FN:13,(anonymous_7)
FN:16,(anonymous_8)
FN:23,(anonymous_9)
FN:29,(anonymous_10)
FN:32,(anonymous_11)
FN:47,(anonymous_12)
FNF:9
FNH:0
FNDA:0,(anonymous_4)
FNDA:0,(anonymous_5)
FNDA:0,(anonymous_6)
FNDA:0,(anonymous_7)
FNDA:0,(anonymous_8)
FNDA:0,(anonymous_9)
FNDA:0,(anonymous_10)
FNDA:0,(anonymous_11)
FNDA:0,(anonymous_12)
DA:2,0
DA:4,0
DA:5,0
DA:7,0
DA:9,0
DA:11,0
DA:12,0
DA:13,0
DA:16,0
DA:17,0
DA:20,0
DA:23,0
DA:29,0
DA:30,0
DA:32,0
DA:33,0
DA:34,0
DA:36,0
DA:37,0
DA:41,0
DA:42,0
DA:47,0
DA:48,0
DA:55,0
DA:59,0
DA:61,0
LF:26
LH:0
BRDA:36,0,0,0
BRDA:55,1,0,0
BRDA:55,1,1,0
BRDA:55,2,0,0
BRDA:55,2,1,0
BRDA:59,3,0,0
BRDA:59,3,1,0
BRDA:59,4,0,0
BRDA:59,4,1,0
BRF:9
BRH:0
end_of_record
TN:
SF:src\lib\engine\helpers\accuracy.ts
FN:10,(anonymous_1)
FN:26,(anonymous_2)
FN:33,(anonymous_3)
FN:35,(anonymous_4)
FN:39,(anonymous_5)
FN:45,(anonymous_6)
FN:72,(anonymous_7)
FN:80,(anonymous_8)
FN:81,(anonymous_9)
FNF:9
FNH:0
FNDA:0,(anonymous_1)
FNDA:0,(anonymous_2)
FNDA:0,(anonymous_3)
FNDA:0,(anonymous_4)
FNDA:0,(anonymous_5)
FNDA:0,(anonymous_6)
FNDA:0,(anonymous_7)
FNDA:0,(anonymous_8)
FNDA:0,(anonymous_9)
DA:6,0
DA:8,0
DA:10,0
DA:11,0
DA:13,0
DA:15,0
DA:17,0
DA:18,0
DA:20,0
DA:26,0
DA:31,0
DA:32,0
DA:33,0
DA:35,0
DA:37,0
DA:38,0
DA:39,0
DA:42,0
DA:45,0
DA:46,0
DA:52,0
DA:53,0
DA:55,0
DA:56,0
DA:57,0
DA:59,0
DA:60,0
DA:61,0
DA:64,0
DA:65,0
DA:66,0
DA:69,0
DA:72,0
DA:73,0
DA:74,0
DA:77,0
DA:80,0
DA:81,0
DA:82,0
DA:83,0
DA:84,0
DA:90,0
DA:93,0
LF:43
LH:0
BRDA:31,0,0,0
BRDA:31,0,1,0
BRDA:59,1,0,0
BRDA:64,2,0,0
BRDA:84,3,0,0
BRDA:84,3,1,0
BRF:6
BRH:0
end_of_record
TN:
SF:src\lib\engine\helpers\estimateElo.ts
FN:4,(anonymous_1)
FN:27,(anonymous_2)
FN:41,(anonymous_3)
FN:47,(anonymous_4)
FN:69,(anonymous_5)
FN:72,(anonymous_6)
FN:75,(anonymous_7)
FNF:7
FNH:0
FNDA:0,(anonymous_1)
FNDA:0,(anonymous_2)
FNDA:0,(anonymous_3)
FNDA:0,(anonymous_4)
FNDA:0,(anonymous_5)
FNDA:0,(anonymous_6)
FNDA:0,(anonymous_7)
DA:1,0
DA:4,0
DA:9,0
DA:10,0
DA:13,0
DA:15,0
DA:19,0
DA:24,0
DA:27,0
DA:28,0
DA:30,0
DA:31,0
DA:34,0
DA:35,0
DA:38,0
DA:41,0
DA:44,0
DA:46,0
DA:48,0
DA:50,0
DA:51,0
DA:53,0
DA:56,0
DA:57,0
DA:62,0
DA:69,0
DA:70,0
DA:72,0
DA:73,0
DA:75,0
DA:79,0
DA:80,0
DA:82,0
DA:83,0
DA:84,0
DA:86,0
DA:87,0
DA:89,0
LF:38
LH:0
BRDA:9,0,0,0
BRDA:17,1,0,0
BRDA:17,1,1,0
BRDA:21,2,0,0
BRDA:21,2,1,0
BRDA:30,3,0,0
BRDA:34,4,0,0
BRDA:50,5,0,0
BRDA:50,5,1,0
BRDA:51,6,0,0
BRDA:51,6,1,0
BRDA:53,7,0,0
BRDA:53,7,1,0
BRDA:80,8,0,0
BRDA:84,9,0,0
BRDA:86,10,0,0
BRDA:86,10,1,0
BRF:17
BRH:0
end_of_record
TN:
SF:src\lib\engine\helpers\moveClassification.ts
FN:10,(anonymous_1)
FN:18,(anonymous_2)
FN:22,(anonymous_3)
FN:45,(anonymous_4)
FN:119,(anonymous_5)
FN:135,(anonymous_6)
FN:171,(anonymous_7)
FN:186,(anonymous_8)
FN:233,(anonymous_9)
FN:248,(anonymous_10)
FNF:10
FNH:0
FNDA:0,(anonymous_1)
FNDA:0,(anonymous_2)
FNDA:0,(anonymous_3)
FNDA:0,(anonymous_4)
FNDA:0,(anonymous_5)
FNDA:0,(anonymous_6)
FNDA:0,(anonymous_7)
FNDA:0,(anonymous_8)
FNDA:0,(anonymous_9)
FNDA:0,(anonymous_10)
DA:5,0
DA:6,0
DA:7,0
DA:8,0
DA:10,0
DA:15,0
DA:16,0
DA:18,0
DA:19,0
DA:21,0
DA:22,0
DA:23,0
DA:24,0
DA:25,0
DA:32,0
DA:34,0
DA:35,0
DA:42,0
DA:45,0
DA:46,0
DA:50,0
DA:52,0
DA:53,0
DA:54,0
DA:56,0
DA:67,0
DA:74,0
DA:76,0
DA:78,0
DA:88,0
DA:95,0
DA:96,0
DA:103,0
DA:109,0
DA:116,0
DA:119,0
DA:125,0
DA:128,0
DA:129,0
DA:130,0
DA:131,0
DA:132,0
DA:135,0
DA:144,0
DA:147,0
DA:149,0
DA:151,0
DA:156,0
DA:158,0
DA:165,0
DA:168,0
DA:171,0
DA:176,0
DA:179,0
DA:183,0
DA:186,0
DA:194,0
DA:197,0
DA:199,0
DA:201,0
DA:206,0
DA:208,0
DA:215,0
DA:218,0
DA:224,0
DA:230,0
DA:233,0
DA:239,0
DA:241,0
DA:248,0
DA:254,0
DA:256,0
LF:72
LH:0
BRDA:19,0,0,0
BRDA:23,1,0,0
BRDA:34,2,0,0
BRDA:46,3,0,0
BRDA:46,3,1,0
BRDA:56,4,0,0
BRDA:74,5,0,0
BRDA:74,5,1,0
BRDA:76,6,0,0
BRDA:76,6,1,0
BRDA:78,7,0,0
BRDA:95,8,0,0
BRDA:126,9,0,0
BRDA:126,9,1,0
BRDA:128,10,0,0
BRDA:129,11,0,0
BRDA:130,12,0,0
BRDA:131,13,0,0
BRDA:144,14,0,0
BRDA:148,15,0,0
BRDA:148,15,1,0
BRDA:149,16,0,0
BRDA:156,17,0,0
BRDA:158,18,0,0
BRDA:176,19,0,0
BRDA:176,19,1,0
BRDA:179,20,0,0
BRDA:179,20,1,0
BRDA:183,21,0,0
BRDA:183,21,1,0
BRDA:194,22,0,0
BRDA:198,23,0,0
BRDA:198,23,1,0
BRDA:199,24,0,0
BRDA:201,25,0,0
BRDA:202,26,0,0
BRDA:202,26,1,0
BRDA:202,26,2,0
BRDA:208,27,0,0
BRDA:230,28,0,0
BRDA:230,28,1,0
BRDA:240,29,0,0
BRDA:240,29,1,0
BRDA:242,30,0,0
BRDA:242,30,1,0
BRDA:242,30,2,0
BRDA:242,30,3,0
BRDA:242,30,4,0
BRDA:255,31,0,0
BRDA:255,31,1,0
BRF:50
BRH:0
end_of_record
TN:
SF:src\lib\engine\helpers\parseResults.ts
FN:4,(anonymous_4)
FN:51,(anonymous_5)
FN:61,(anonymous_6)
FN:79,(anonymous_7)
FN:93,(anonymous_8)
FNF:5
FNH:0
FNDA:0,(anonymous_4)
FNDA:0,(anonymous_5)
FNDA:0,(anonymous_6)
FNDA:0,(anonymous_7)
FNDA:0,(anonymous_8)
DA:1,0
DA:4,0
DA:8,0
DA:11,0
DA:13,0
DA:14,0
DA:15,0
DA:16,0
DA:17,0
DA:21,0
DA:22,0
DA:23,0
DA:24,0
DA:25,0
DA:27,0
DA:31,0
DA:34,0
DA:35,0
DA:37,0
DA:47,0
DA:49,0
DA:50,0
DA:51,0
DA:58,0
DA:61,0
DA:62,0
DA:63,0
DA:64,0
DA:65,0
DA:68,0
DA:69,0
DA:72,0
DA:73,0
DA:76,0
DA:79,0
DA:83,0
DA:84,0
DA:86,0
DA:87,0
DA:90,0
DA:93,0
DA:94,0
DA:95,0
DA:97,0
DA:98,0
DA:101,0
DA:102,0
LF:47
LH:0
BRDA:14,0,0,0
BRDA:16,1,0,0
BRDA:21,2,0,0
BRDA:25,3,0,0
BRDA:25,4,0,0
BRDA:25,4,1,0
BRDA:25,4,2,0
BRDA:27,5,0,0
BRDA:28,6,0,0
BRDA:28,6,1,0
BRDA:39,7,0,0
BRDA:39,7,1,0
BRDA:40,8,0,0
BRDA:40,8,1,0
BRDA:50,9,0,0
BRDA:53,10,0,0
BRDA:53,10,1,0
BRDA:54,11,0,0
BRDA:54,11,1,0
BRDA:62,12,0,0
BRDA:62,13,0,0
BRDA:62,13,1,0
BRDA:63,14,0,0
BRDA:63,15,0,0
BRDA:63,15,1,0
BRDA:64,16,0,0
BRDA:64,17,0,0
BRDA:64,17,1,0
BRDA:68,18,0,0
BRDA:72,19,0,0
BRDA:76,20,0,0
BRDA:76,20,1,0
BRDA:76,21,0,0
BRDA:76,21,1,0
BRDA:86,22,0,0
BRDA:86,23,0,0
BRDA:86,23,1,0
BRDA:97,24,0,0
BRDA:97,25,0,0
BRDA:97,25,1,0
BRF:40
BRH:0
end_of_record
TN:
SF:src\lib\engine\helpers\winPercentage.ts
FN:4,(anonymous_3)
FN:8,(anonymous_4)
FN:20,(anonymous_5)
FN:25,(anonymous_6)
FNF:4
FNH:4
FNDA:2,(anonymous_3)
FNDA:2,(anonymous_4)
FNDA:1,(anonymous_5)
FNDA:1,(anonymous_6)
DA:1,1
DA:4,2
DA:5,2
DA:8,1
DA:9,2
DA:10,1
DA:13,1
DA:14,1
DA:17,0
DA:20,1
DA:21,1
DA:25,1
DA:26,1
DA:27,1
DA:28,1
DA:29,1
LF:16
LH:15
BRDA:9,0,0,1
BRDA:13,1,0,1
BRDA:21,2,0,1
BRDA:21,2,1,0
BRF:4
BRH:3
end_of_record
TN:
SF:src\pages\database.tsx
FN:23,GameDatabase
FN:30,(anonymous_3)
FN:30,(anonymous_4)
FN:40,(anonymous_5)
FN:40,(anonymous_6)
FN:50,(anonymous_7)
FN:79,(anonymous_8)
FN:95,(anonymous_9)
FN:105,(anonymous_10)
FN:113,(anonymous_11)
FN:120,(anonymous_12)
FN:135,(anonymous_13)
FN:155,(anonymous_14)
FNF:13
FNH:0
FNDA:0,GameDatabase
FNDA:0,(anonymous_3)
FNDA:0,(anonymous_4)
FNDA:0,(anonymous_5)
FNDA:0,(anonymous_6)
FNDA:0,(anonymous_7)
FNDA:0,(anonymous_8)
FNDA:0,(anonymous_9)
FNDA:0,(anonymous_10)
FNDA:0,(anonymous_11)
FNDA:0,(anonymous_12)
FNDA:0,(anonymous_13)
FNDA:0,(anonymous_14)
DA:1,0
DA:2,0
DA:10,0
DA:11,0
DA:12,0
DA:13,0
DA:14,0
DA:15,0
DA:16,0
DA:18,0
DA:23,0
DA:24,0
DA:25,0
DA:27,0
DA:29,0
DA:30,0
DA:31,0
DA:32,0
DA:34,0
DA:39,0
DA:40,0
DA:41,0
DA:42,0
DA:44,0
DA:49,0
DA:50,0
DA:80,0
DA:96,0
DA:105,0
DA:114,0
DA:121,0
DA:136,0
DA:156,0
LF:33
LH:0
BRDA:31,0,0,0
BRDA:41,1,0,0
BRDA:80,2,0,0
BRDA:80,2,1,0
BRDA:80,3,0,0
BRDA:80,3,1,0
BRDA:96,4,0,0
BRDA:96,4,1,0
BRDA:96,5,0,0
BRDA:96,5,1,0
BRDA:189,6,0,0
BRDA:189,6,1,0
BRF:12
BRH:0
end_of_record
TN:
SF:src\pages\index.tsx
FN:23,GameAnalysis
FN:34,(anonymous_3)
FN:97,(anonymous_4)
FNF:3
FNH:0
FNDA:0,GameAnalysis
FNDA:0,(anonymous_3)
FNDA:0,(anonymous_4)
DA:1,0
DA:2,0
DA:3,0
DA:4,0
DA:5,0
DA:6,0
DA:15,0
DA:16,0
DA:17,0
DA:18,0
DA:19,0
DA:20,0
DA:21,0
DA:23,0
DA:24,0
DA:25,0
DA:26,0
DA:28,0
DA:29,0
DA:30,0
DA:32,0
DA:34,0
DA:35,0
DA:36,0
DA:97,0
LF:25
LH:0
BRDA:32,0,0,0
BRDA:32,0,1,0
BRDA:35,1,0,0
BRDA:35,2,0,0
BRDA:35,2,1,0
BRDA:36,3,0,0
BRDA:36,4,0,0
BRDA:36,4,1,0
BRDA:63,5,0,0
BRDA:63,5,1,0
BRDA:72,6,0,0
BRDA:72,6,1,0
BRDA:81,7,0,0
BRDA:81,7,1,0
BRDA:82,8,0,0
BRDA:82,8,1,0
BRDA:82,8,2,0
BRDA:86,9,0,0
BRDA:123,10,0,0
BRDA:123,10,1,0
BRDA:137,11,0,0
BRDA:137,11,1,0
BRDA:148,12,0,0
BRDA:148,12,1,0
BRDA:154,13,0,0
BRDA:154,13,1,0
BRDA:160,14,0,0
BRDA:160,14,1,0
BRDA:164,15,0,0
BRDA:171,16,0,0
BRDA:171,16,1,0
BRF:31
BRH:0
end_of_record
TN:
SF:src\pages\play.tsx
FN:10,Play
FNF:1
FNH:0
FNDA:0,Play
DA:1,0
DA:2,0
DA:3,0
DA:4,0
DA:5,0
DA:6,0
DA:7,0
DA:8,0
DA:10,0
DA:11,0
LF:10
LH:0
BRDA:44,0,0,0
BRDA:44,0,1,0
BRF:2
BRH:0
end_of_record
TN:
SF:src\sections\analysis\states.ts
FNF:0
FNH:0
DA:1,0
DA:2,0
DA:5,0
DA:6,0
DA:7,0
DA:9,0
DA:10,0
DA:11,0
DA:12,0
DA:14,0
DA:15,0
DA:16,0
DA:18,0
DA:19,0
DA:20,0
DA:21,0
DA:25,0
DA:27,0
LF:18
LH:0
BRF:0
BRH:0
end_of_record
TN:
SF:src\sections\analysis\board\index.tsx
FN:16,BoardContainer
FN:22,(anonymous_3)
FNF:2
FNH:0
FNDA:0,BoardContainer
FNDA:0,(anonymous_3)
DA:1,0
DA:9,0
DA:10,0
DA:11,0
DA:12,0
DA:13,0
DA:14,0
DA:16,0
DA:17,0
DA:18,0
DA:19,0
DA:20,0
DA:22,0
DA:23,0
DA:24,0
DA:27,0
DA:28,0
DA:31,0
LF:18
LH:0
BRDA:27,0,0,0
BRDA:42,1,0,0
BRDA:42,1,1,0
BRF:3
BRH:0
end_of_record
TN:
SF:src\sections\analysis\hooks\useCurrentPosition.ts
FN:18,(anonymous_1)
FN:27,(anonymous_2)
FN:38,(anonymous_3)
FN:65,(anonymous_4)
FN:82,(anonymous_5)
FN:111,(anonymous_6)
FN:119,(anonymous_7)
FN:120,(anonymous_8)
FN:135,(anonymous_9)
FN:166,(anonymous_10)
FNF:10
FNH:0
FNDA:0,(anonymous_1)
FNDA:0,(anonymous_2)
FNDA:0,(anonymous_3)
FNDA:0,(anonymous_4)
FNDA:0,(anonymous_5)
FNDA:0,(anonymous_6)
FNDA:0,(anonymous_7)
FNDA:0,(anonymous_8)
FNDA:0,(anonymous_9)
FNDA:0,(anonymous_10)
DA:9,0
DA:11,0
DA:12,0
DA:13,0
DA:14,0
DA:15,0
DA:18,0
DA:19,0
DA:20,0
DA:21,0
DA:22,0
DA:23,0
DA:24,0
DA:25,0
DA:27,0
DA:28,0
DA:29,0
DA:33,0
DA:35,0
DA:38,0
DA:40,0
DA:42,0
DA:43,0
DA:45,0
DA:49,0
DA:62,0
DA:63,0
DA:64,0
DA:65,0
DA:66,0
DA:67,0
DA:68,0
DA:73,0
DA:75,0
DA:82,0
DA:86,0
DA:87,0
DA:89,0
DA:90,0
DA:96,0
DA:100,0
DA:101,0
DA:104,0
DA:111,0
DA:116,0
DA:119,0
DA:120,0
DA:121,0
DA:123,0
DA:128,0
DA:130,0
DA:131,0
DA:132,0
DA:134,0
DA:135,0
DA:136,0
DA:137,0
DA:138,0
DA:150,0
DA:156,0
DA:163,0
DA:166,0
DA:167,0
DA:168,0
DA:174,0
LF:65
LH:0
BRDA:35,0,0,0
BRDA:36,1,0,0
BRDA:36,1,1,0
BRDA:42,2,0,0
BRDA:50,3,0,0
BRDA:50,3,1,0
BRDA:62,4,0,0
BRDA:66,5,0,0
BRDA:75,6,0,0
BRDA:76,7,0,0
BRDA:76,7,1,0
BRDA:76,7,2,0
BRDA:76,7,3,0
BRDA:76,7,4,0
BRDA:86,8,0,0
BRDA:90,9,0,0
BRDA:91,10,0,0
BRDA:91,10,1,0
BRDA:91,10,2,0
BRDA:91,10,3,0
BRDA:93,11,0,0
BRDA:93,11,1,0
BRDA:94,12,0,0
BRDA:94,12,1,0
BRDA:128,13,0,0
BRDA:131,14,0,0
BRDA:131,14,1,0
BRDA:132,15,0,0
BRDA:132,15,1,0
BRDA:136,16,0,0
BRDA:137,17,0,0
BRDA:167,18,0,0
BRF:32
BRH:0
end_of_record
TN:
SF:src\sections\analysis\panelBody\analysisTab\index.tsx
FN:14,AnalysisTab
FNF:1
FNH:0
FNDA:0,AnalysisTab
DA:6,0
DA:7,0
DA:8,0
DA:9,0
DA:10,0
DA:11,0
DA:12,0
DA:14,0
DA:15,0
DA:16,0
DA:17,0
DA:19,0
DA:20,0
DA:23,0
LF:14
LH:0
BRDA:23,0,0,0
BRDA:23,0,1,0
BRDA:23,0,2,0
BRDA:23,0,3,0
BRDA:32,1,0,0
BRDA:32,1,1,0
BRDA:34,2,0,0
BRDA:34,2,1,0
BRDA:36,3,0,0
BRDA:36,3,1,0
BRDA:39,4,0,0
BRDA:39,4,1,0
BRDA:45,5,0,0
BRDA:45,5,1,0
BRDA:47,6,0,0
BRDA:55,7,0,0
BRDA:67,8,0,0
BRDA:74,9,0,0
BRDA:74,9,1,0
BRF:19
BRH:0
end_of_record
TN:
SF:src\sections\analysis\panelBody\analysisTab\moveInfo.tsx
FN:10,MoveInfo
FN:16,(anonymous_3)
FNF:2
FNH:0
FNDA:0,MoveInfo
FNDA:0,(anonymous_3)
DA:1,0
DA:2,0
DA:3,0
DA:4,0
DA:5,0
DA:6,0
DA:7,0
DA:8,0
DA:10,0
DA:11,0
DA:12,0
DA:14,0
DA:16,0
DA:17,0
DA:19,0
DA:20,0
DA:22,0
DA:25,0
DA:27,0
DA:44,0
DA:47,0
DA:114,0
LF:22
LH:0
BRDA:17,0,0,0
BRDA:20,1,0,0
BRDA:25,2,0,0
BRDA:27,3,0,0
BRDA:47,4,0,0
BRDA:47,4,1,0
BRDA:47,4,2,0
BRDA:47,4,3,0
BRDA:47,4,4,0
BRDA:62,5,0,0
BRDA:79,6,0,0
BRDA:79,6,1,0
BRDA:80,7,0,0
BRDA:80,7,1,0
BRDA:88,8,0,0
BRDA:105,9,0,0
BRDA:105,9,1,0
BRF:17
BRH:0
end_of_record
TN:
SF:src\sections\analysis\panelBody\analysisTab\opening.tsx
FN:5,Opening
FNF:1
FNH:0
FNDA:0,Opening
DA:1,0
DA:2,0
DA:3,0
DA:5,0
DA:6,0
DA:8,0
DA:9,0
DA:11,0
DA:13,0
LF:9
LH:0
BRDA:9,0,0,0
BRDA:11,1,0,0
BRDA:11,1,1,0
BRDA:13,2,0,0
BRF:4
BRH:0
end_of_record
TN:
SF:src\sections\analysis\panelBody\analysisTab\playersMetric.tsx
FN:9,PlayersMetric
FN:32,(anonymous_2)
FNF:2
FNH:0
FNDA:0,PlayersMetric
FNDA:0,(anonymous_2)
DA:1,0
DA:9,0
DA:32,0
LF:3
LH:0
BRDA:44,0,0,0
BRDA:44,0,1,0
BRF:2
BRH:0
end_of_record
TN:
SF:src\sections\analysis\panelBody\analysisTab\engineLines\index.tsx
FN:11,EngineLines
FN:17,(anonymous_3)
FN:29,(anonymous_4)
FNF:3
FNH:0
FNDA:0,EngineLines
FNDA:0,(anonymous_3)
FNDA:0,(anonymous_4)
DA:1,0
DA:2,0
DA:7,0
DA:8,0
DA:11,0
DA:12,0
DA:13,0
DA:14,0
DA:16,0
DA:17,0
DA:20,0
DA:24,0
DA:30,0
LF:13
LH:0
BRDA:20,0,0,0
BRDA:20,0,1,0
BRDA:24,1,0,0
BRF:3
BRH:0
end_of_record
TN:
SF:src\sections\analysis\panelBody\analysisTab\engineLines\lineEvaluation.tsx
FN:13,LineEvaluation
FN:27,(anonymous_3)
FN:69,(anonymous_4)
FN:80,(anonymous_5)
FNF:4
FNH:0
FNDA:0,LineEvaluation
FNDA:0,(anonymous_3)
FNDA:0,(anonymous_4)
FNDA:0,(anonymous_5)
DA:2,0
DA:3,0
DA:4,0
DA:5,0
DA:6,0
DA:7,0
DA:13,0
DA:14,0
DA:15,0
DA:16,0
DA:19,0
DA:22,0
DA:24,0
DA:25,0
DA:27,0
DA:28,0
DA:29,0
DA:70,0
DA:71,0
DA:73,0
DA:81,0
LF:21
LH:0
BRDA:19,0,0,0
BRDA:19,0,1,0
BRDA:19,0,2,0
BRDA:19,0,3,0
BRDA:28,1,0,0
BRDA:28,1,1,0
BRDA:28,2,0,0
BRDA:28,2,1,0
BRDA:45,3,0,0
BRDA:45,3,1,0
BRDA:46,4,0,0
BRDA:46,4,1,0
BRDA:52,5,0,0
BRDA:52,5,1,0
BRDA:66,6,0,0
BRDA:66,6,1,0
BRDA:78,7,0,0
BRDA:78,7,1,0
BRDA:85,8,0,0
BRDA:85,8,1,0
BRF:20
BRH:0
end_of_record
TN:
SF:src\sections\analysis\panelBody\classificationTab\index.tsx
FN:5,ClassificationTab
FNF:1
FNH:0
FNDA:0,ClassificationTab
DA:1,0
DA:2,0
DA:3,0
DA:5,0
LF:4
LH:0
BRDA:15,0,0,0
BRDA:15,0,1,0
BRF:2
BRH:0
end_of_record
TN:
SF:src\sections\analysis\panelBody\classificationTab\movesClassificationsRecap\classificationRow.tsx
FN:15,ClassificationRow
FN:21,(anonymous_3)
FN:24,(anonymous_4)
FN:29,(anonymous_5)
FN:32,(anonymous_6)
FN:37,(anonymous_7)
FN:46,(anonymous_8)
FN:52,(anonymous_9)
FN:62,(anonymous_10)
FN:86,(anonymous_11)
FN:122,(anonymous_12)
FNF:11
FNH:0
FNDA:0,ClassificationRow
FNDA:0,(anonymous_3)
FNDA:0,(anonymous_4)
FNDA:0,(anonymous_5)
FNDA:0,(anonymous_6)
FNDA:0,(anonymous_7)
FNDA:0,(anonymous_8)
FNDA:0,(anonymous_9)
FNDA:0,(anonymous_10)
FNDA:0,(anonymous_11)
FNDA:0,(anonymous_12)
DA:1,0
DA:2,0
DA:3,0
DA:4,0
DA:5,0
DA:6,0
DA:7,0
DA:8,0
DA:9,0
DA:15,0
DA:16,0
DA:17,0
DA:18,0
DA:19,0
DA:21,0
DA:22,0
DA:23,0
DA:25,0
DA:29,0
DA:30,0
DA:31,0
DA:33,0
DA:37,0
DA:38,0
DA:43,0
DA:46,0
DA:47,0
DA:49,0
DA:51,0
DA:53,0
DA:58,0
DA:59,0
DA:61,0
DA:63,0
DA:65,0
DA:66,0
DA:86,0
DA:122,0
LF:38
LH:0
BRDA:22,0,0,0
BRDA:25,1,0,0
BRDA:25,1,1,0
BRDA:30,2,0,0
BRDA:33,3,0,0
BRDA:33,3,1,0
BRDA:38,4,0,0
BRDA:39,5,0,0
BRDA:39,5,1,0
BRDA:39,5,2,0
BRDA:39,5,3,0
BRDA:39,5,4,0
BRDA:47,6,0,0
BRDA:47,6,1,0
BRDA:47,6,2,0
BRDA:47,6,3,0
BRDA:53,7,0,0
BRDA:53,7,1,0
BRDA:53,7,2,0
BRDA:58,8,0,0
BRDA:58,8,1,0
BRDA:63,9,0,0
BRDA:63,9,1,0
BRDA:65,10,0,0
BRDA:65,11,0,0
BRDA:65,11,1,0
BRDA:85,12,0,0
BRDA:85,12,1,0
BRDA:121,13,0,0
BRDA:121,13,1,0
BRF:30
BRH:0
end_of_record
TN:
SF:src\sections\analysis\panelBody\classificationTab\movesClassificationsRecap\index.tsx
FN:8,MovesClassificationsRecap
FN:43,(anonymous_5)
FNF:2
FNH:0
FNDA:0,MovesClassificationsRecap
FNDA:0,(anonymous_5)
DA:1,0
DA:2,0
DA:3,0
DA:4,0
DA:5,0
DA:6,0
DA:8,0
DA:9,0
DA:10,0
DA:12,0
DA:44,0
DA:53,0
LF:12
LH:0
BRDA:12,0,0,0
BRF:1
BRH:0
end_of_record
TN:
SF:src\sections\analysis\panelBody\classificationTab\movesPanel\index.tsx
FN:8,MovesPanel
FN:13,(anonymous_3)
FN:62,(anonymous_4)
FN:64,(anonymous_5)
FNF:4
FNH:0
FNDA:0,MovesPanel
FNDA:0,(anonymous_3)
FNDA:0,(anonymous_4)
FNDA:0,(anonymous_5)
DA:1,0
DA:2,0
DA:3,0
DA:4,0
DA:5,0
DA:8,0
DA:9,0
DA:10,0
DA:11,0
DA:13,0
DA:14,0
DA:15,0
DA:16,0
DA:18,0
DA:21,0
DA:23,0
DA:24,0
DA:33,0
DA:34,0
DA:42,0
DA:45,0
DA:48,0
DA:63,0
DA:64,0
LF:24
LH:0
BRDA:16,0,0,0
BRDA:16,0,1,0
BRDA:18,1,0,0
BRDA:27,2,0,0
BRDA:27,2,1,0
BRDA:33,3,0,0
BRDA:36,4,0,0
BRDA:36,4,1,0
BRDA:48,5,0,0
BRF:9
BRH:0
end_of_record
TN:
SF:src\sections\analysis\panelBody\classificationTab\movesPanel\moveItem.tsx
FN:19,MoveItem
FN:33,(anonymous_3)
FN:44,(anonymous_4)
FN:60,(anonymous_5)
FN:96,(anonymous_6)
FNF:5
FNH:0
FNDA:0,MoveItem
FNDA:0,(anonymous_3)
FNDA:0,(anonymous_4)
FNDA:0,(anonymous_5)
FNDA:0,(anonymous_6)
DA:1,0
DA:2,0
DA:3,0
DA:4,0
DA:5,0
DA:6,0
DA:7,0
DA:8,0
DA:9,0
DA:10,0
DA:19,0
DA:25,0
DA:26,0
DA:27,0
DA:28,0
DA:29,0
DA:31,0
DA:33,0
DA:34,0
DA:35,0
DA:36,0
DA:38,0
DA:39,0
DA:41,0
DA:44,0
DA:45,0
DA:46,0
DA:47,0
DA:60,0
DA:96,0
DA:97,0
DA:101,0
DA:104,0
DA:107,0
LF:34
LH:0
BRDA:34,0,0,0
BRDA:36,1,0,0
BRDA:39,2,0,0
BRDA:39,3,0,0
BRDA:39,3,1,0
BRDA:45,4,0,0
BRDA:46,5,0,0
BRDA:46,5,1,0
BRDA:61,6,0,0
BRDA:61,6,1,0
BRDA:63,7,0,0
BRDA:63,7,1,0
BRDA:63,8,0,0
BRDA:63,8,1,0
BRDA:67,9,0,0
BRDA:67,9,1,0
BRDA:67,10,0,0
BRDA:67,10,1,0
BRDA:74,11,0,0
BRDA:97,12,0,0
BRDA:98,13,0,0
BRDA:98,13,1,0
BRF:22
BRH:0
end_of_record
TN:
SF:src\sections\analysis\panelBody\classificationTab\movesPanel\movesLine.tsx
FN:10,MovesLine
FNF:1
FNH:0
FNDA:0,MovesLine
DA:2,0
DA:3,0
DA:10,0
LF:3
LH:0
BRDA:26,0,0,0
BRF:1
BRH:0
end_of_record
TN:
SF:src\sections\analysis\panelBody\graphTab\dot.tsx
FN:5,CustomDot
FNF:1
FNH:0
FNDA:0,CustomDot
DA:3,0
DA:5,0
DA:11,0
LF:3
LH:0
BRDA:11,0,0,0
BRDA:11,0,1,0
BRF:2
BRH:0
end_of_record
TN:
SF:src\sections\analysis\panelBody\graphTab\index.tsx
FN:29,GraphTab
FN:36,(anonymous_3)
FN:40,(anonymous_4)
FN:42,(anonymous_5)
FN:45,(anonymous_6)
FN:59,(anonymous_7)
FN:113,(anonymous_8)
FN:163,(anonymous_9)
FNF:8
FNH:0
FNDA:0,GraphTab
FNDA:0,(anonymous_3)
FNDA:0,(anonymous_4)
FNDA:0,(anonymous_5)
FNDA:0,(anonymous_6)
FNDA:0,(anonymous_7)
FNDA:0,(anonymous_8)
FNDA:0,(anonymous_9)
DA:1,0
DA:2,0
DA:11,0
DA:18,0
DA:19,0
DA:21,0
DA:24,0
DA:25,0
DA:26,0
DA:27,0
DA:29,0
DA:30,0
DA:31,0
DA:32,0
DA:33,0
DA:35,0
DA:36,0
DA:40,0
DA:41,0
DA:42,0
DA:44,0
DA:45,0
DA:46,0
DA:47,0
DA:48,0
DA:50,0
DA:53,0
DA:58,0
DA:62,0
DA:63,0
DA:64,0
DA:66,0
DA:79,0
DA:84,0
DA:114,0
DA:117,0
DA:119,0
DA:163,0
DA:167,0
DA:169,0
DA:177,0
DA:178,0
DA:184,0
DA:185,0
DA:191,0
LF:45
LH:0
BRDA:36,0,0,0
BRDA:36,0,1,0
BRDA:53,1,0,0
BRDA:53,1,1,0
BRDA:64,2,0,0
BRDA:66,3,0,0
BRDA:67,4,0,0
BRDA:67,4,1,0
BRDA:67,4,2,0
BRDA:84,5,0,0
BRDA:95,6,0,0
BRDA:95,6,1,0
BRDA:117,7,0,0
BRDA:177,8,0,0
BRDA:180,9,0,0
BRDA:180,9,1,0
BRDA:184,10,0,0
BRF:17
BRH:0
end_of_record
TN:
SF:src\sections\analysis\panelBody\graphTab\tooltip.tsx
FN:5,CustomTooltip
FNF:1
FNH:0
FNDA:0,CustomTooltip
DA:3,0
DA:5,0
DA:9,0
DA:11,0
LF:4
LH:0
BRDA:9,0,0,0
BRDA:9,1,0,0
BRDA:9,1,1,0
BRF:3
BRH:0
end_of_record
TN:
SF:src\sections\analysis\panelHeader\analyzeButton.tsx
FN:24,AnalyzeButton
FN:43,(anonymous_2)
FN:72,(anonymous_3)
FN:76,(anonymous_4)
FN:104,(anonymous_5)
FN:109,(anonymous_6)
FNF:6
FNH:0
FNDA:0,AnalyzeButton
FNDA:0,(anonymous_2)
FNDA:0,(anonymous_3)
FNDA:0,(anonymous_4)
FNDA:0,(anonymous_5)
FNDA:0,(anonymous_6)
DA:1,0
DA:11,0
DA:12,0
DA:13,0
DA:14,0
DA:15,0
DA:16,0
DA:17,0
DA:19,0
DA:20,0
DA:21,0
DA:22,0
DA:24,0
DA:25,0
DA:26,0
DA:27,0
DA:28,0
DA:29,0
DA:32,0
DA:33,0
DA:34,0
DA:35,0
DA:36,0
DA:37,0
DA:38,0
DA:41,0
DA:43,0
DA:44,0
DA:45,0
DA:50,0
DA:53,0
DA:65,0
DA:66,0
DA:68,0
DA:69,0
DA:72,0
DA:73,0
DA:74,0
DA:76,0
DA:81,0
DA:104,0
DA:105,0
DA:109,0
DA:110,0
DA:111,0
DA:115,0
LF:46
LH:0
BRDA:41,0,0,0
BRDA:41,0,1,0
BRDA:41,0,2,0
BRDA:45,1,0,0
BRDA:46,2,0,0
BRDA:46,2,1,0
BRDA:46,2,2,0
BRDA:68,3,0,0
BRDA:110,4,0,0
BRDA:110,5,0,0
BRDA:110,5,1,0
BRDA:115,6,0,0
BRDA:126,7,0,0
BRDA:126,7,1,0
BRF:14
BRH:0
end_of_record
TN:
SF:src\sections\analysis\panelHeader\gamePanel.tsx
FN:6,GamePanel
FNF:1
FNH:0
FNDA:0,GamePanel
DA:1,0
DA:2,0
DA:3,0
DA:4,0
DA:6,0
DA:7,0
DA:8,0
DA:9,0
DA:12,0
DA:15,0
DA:18,0
DA:20,0
LF:12
LH:0
BRDA:12,0,0,0
BRDA:12,0,1,0
BRDA:12,0,2,0
BRDA:15,1,0,0
BRDA:18,2,0,0
BRDA:18,2,1,0
BRDA:18,2,2,0
BRDA:20,3,0,0
BRDA:20,3,1,0
BRDA:22,4,0,0
BRDA:22,4,1,0
BRDA:22,4,2,0
BRDA:35,5,0,0
BRDA:35,5,1,0
BRDA:35,5,2,0
BRDA:41,6,0,0
BRDA:41,6,1,0
BRDA:41,6,2,0
BRF:18
BRH:0
end_of_record
TN:
SF:src\sections\analysis\panelHeader\index.tsx
FN:10,PanelHeader
FNF:1
FNH:0
FNDA:0,PanelHeader
DA:1,0
DA:2,0
DA:3,0
DA:4,0
DA:5,0
DA:6,0
DA:7,0
DA:8,0
DA:10,0
DA:11,0
LF:10
LH:0
BRF:0
BRH:0
end_of_record
TN:
SF:src\sections\analysis\panelHeader\loadGame.tsx
FN:18,LoadGame
FN:28,(anonymous_3)
FN:31,(anonymous_4)
FN:46,(anonymous_5)
FN:47,(anonymous_6)
FN:64,(anonymous_7)
FN:65,(anonymous_8)
FN:79,(anonymous_9)
FN:95,(anonymous_10)
FNF:9
FNH:0
FNDA:0,LoadGame
FNDA:0,(anonymous_3)
FNDA:0,(anonymous_4)
FNDA:0,(anonymous_5)
FNDA:0,(anonymous_6)
FNDA:0,(anonymous_7)
FNDA:0,(anonymous_8)
FNDA:0,(anonymous_9)
FNDA:0,(anonymous_10)
DA:1,0
DA:2,0
DA:3,0
DA:10,0
DA:11,0
DA:12,0
DA:13,0
DA:14,0
DA:16,0
DA:18,0
DA:19,0
DA:20,0
DA:21,0
DA:22,0
DA:23,0
DA:24,0
DA:25,0
DA:26,0
DA:28,0
DA:30,0
DA:32,0
DA:33,0
DA:34,0
DA:36,0
DA:37,0
DA:38,0
DA:39,0
DA:44,0
DA:46,0
DA:47,0
DA:48,0
DA:49,0
DA:50,0
DA:54,0
DA:55,0
DA:58,0
DA:59,0
DA:60,0
DA:64,0
DA:65,0
DA:66,0
DA:67,0
DA:68,0
DA:72,0
DA:74,0
DA:77,0
DA:79,0
DA:80,0
DA:85,0
DA:89,0
DA:96,0
DA:104,0
LF:52
LH:0
BRDA:34,0,0,0
BRDA:39,1,0,0
BRDA:39,1,1,0
BRDA:49,2,0,0
BRDA:54,3,0,0
BRDA:54,3,1,0
BRDA:56,4,0,0
BRDA:56,4,1,0
BRDA:59,5,0,0
BRDA:59,6,0,0
BRDA:59,6,1,0
BRDA:67,7,0,0
BRDA:85,8,0,0
BRDA:85,8,1,0
BRDA:85,8,2,0
BRDA:85,8,3,0
BRDA:89,9,0,0
BRDA:93,10,0,0
BRDA:93,10,1,0
BRF:19
BRH:0
end_of_record
TN:
SF:src\sections\analysis\panelToolbar\flipBoardButton.tsx
FN:7,FlipBoardButton
FN:10,(anonymous_2)
FN:11,(anonymous_3)
FN:13,(anonymous_4)
FN:19,(anonymous_5)
FN:27,(anonymous_6)
FN:27,(anonymous_7)
FNF:7
FNH:0
FNDA:0,FlipBoardButton
FNDA:0,(anonymous_2)
FNDA:0,(anonymous_3)
FNDA:0,(anonymous_4)
FNDA:0,(anonymous_5)
FNDA:0,(anonymous_6)
FNDA:0,(anonymous_7)
DA:1,0
DA:2,0
DA:3,0
DA:4,0
DA:5,0
DA:7,0
DA:8,0
DA:10,0
DA:11,0
DA:12,0
DA:13,0
DA:17,0
DA:19,0
DA:20,0
DA:27,0
LF:15
LH:0
BRDA:12,0,0,0
BRF:1
BRH:0
end_of_record
TN:
SF:src\sections\analysis\panelToolbar\goToLastPositionButton.tsx
FN:8,GoToLastPositionButton
FN:18,(anonymous_2)
FN:19,(anonymous_3)
FN:28,(anonymous_4)
FN:37,(anonymous_5)
FNF:5
FNH:0
FNDA:0,GoToLastPositionButton
FNDA:0,(anonymous_2)
FNDA:0,(anonymous_3)
FNDA:0,(anonymous_4)
FNDA:0,(anonymous_5)
DA:1,0
DA:2,0
DA:3,0
DA:4,0
DA:5,0
DA:6,0
DA:8,0
DA:9,0
DA:10,0
DA:11,0
DA:13,0
DA:14,0
DA:16,0
DA:18,0
DA:19,0
DA:20,0
DA:21,0
DA:22,0
DA:26,0
DA:28,0
DA:29,0
DA:38,0
DA:39,0
LF:23
LH:0
BRDA:20,0,0,0
BRDA:21,1,0,0
BRDA:38,2,0,0
BRF:3
BRH:0
end_of_record
TN:
SF:src\sections\analysis\panelToolbar\index.tsx
FN:12,PanelToolBar
FN:20,(anonymous_3)
FN:21,(anonymous_4)
FN:32,(anonymous_5)
FN:44,(anonymous_6)
FN:56,(anonymous_7)
FN:73,(anonymous_8)
FNF:7
FNH:0
FNDA:0,PanelToolBar
FNDA:0,(anonymous_3)
FNDA:0,(anonymous_4)
FNDA:0,(anonymous_5)
FNDA:0,(anonymous_6)
FNDA:0,(anonymous_7)
FNDA:0,(anonymous_8)
DA:1,0
DA:2,0
DA:3,0
DA:4,0
DA:5,0
DA:6,0
DA:7,0
DA:8,0
DA:9,0
DA:10,0
DA:12,0
DA:13,0
DA:15,0
DA:17,0
DA:18,0
DA:20,0
DA:21,0
DA:22,0
DA:23,0
DA:24,0
DA:25,0
DA:26,0
DA:30,0
DA:32,0
DA:33,0
DA:44,0
DA:56,0
DA:74,0
LF:28
LH:0
BRDA:22,0,0,0
BRDA:23,1,0,0
BRDA:23,1,1,0
BRDA:25,2,0,0
BRF:4
BRH:0
end_of_record
TN:
SF:src\sections\analysis\panelToolbar\nextMoveButton.tsx
FN:8,NextMoveButton
FN:20,(anonymous_2)
FN:27,(anonymous_3)
FN:39,(anonymous_4)
FN:40,(anonymous_5)
FN:48,(anonymous_6)
FN:57,(anonymous_7)
FNF:7
FNH:0
FNDA:0,NextMoveButton
FNDA:0,(anonymous_2)
FNDA:0,(anonymous_3)
FNDA:0,(anonymous_4)
FNDA:0,(anonymous_5)
FNDA:0,(anonymous_6)
FNDA:0,(anonymous_7)
DA:1,0
DA:2,0
DA:3,0
DA:4,0
DA:5,0
DA:6,0
DA:8,0
DA:9,0
DA:10,0
DA:11,0
DA:13,0
DA:14,0
DA:17,0
DA:20,0
DA:21,0
DA:23,0
DA:24,0
DA:25,0
DA:27,0
DA:29,0
DA:30,0
DA:39,0
DA:40,0
DA:41,0
DA:42,0
DA:46,0
DA:48,0
DA:49,0
DA:57,0
LF:29
LH:0
BRDA:17,0,0,0
BRDA:17,0,1,0
BRDA:21,1,0,0
BRDA:29,2,0,0
BRDA:41,3,0,0
BRF:5
BRH:0
end_of_record
TN:
SF:src\sections\analysis\panelToolbar\saveButton.tsx
FN:9,SaveButton
FN:19,(anonymous_2)
FNF:2
FNH:0
FNDA:0,SaveButton
FNDA:0,(anonymous_2)
DA:1,0
DA:2,0
DA:3,0
DA:4,0
DA:5,0
DA:6,0
DA:7,0
DA:9,0
DA:10,0
DA:11,0
DA:12,0
DA:13,0
DA:14,0
DA:17,0
DA:19,0
DA:20,0
DA:22,0
DA:24,0
DA:25,0
DA:26,0
DA:29,0
LF:21
LH:0
BRDA:17,0,0,0
BRDA:17,0,1,0
BRDA:17,0,2,0
BRDA:20,1,0,0
BRDA:25,2,0,0
BRDA:42,3,0,0
BRF:6
BRH:0
end_of_record
TN:
SF:src\sections\engineSettings\arrowOptions.tsx
FN:8,ArrowOptions
FN:30,(anonymous_2)
FN:40,(anonymous_3)
FNF:3
FNH:0
FNDA:0,ArrowOptions
FNDA:0,(anonymous_2)
FNDA:0,(anonymous_3)
DA:1,0
DA:5,0
DA:6,0
DA:8,0
DA:9,0
DA:13,0
DA:30,0
DA:40,0
LF:8
LH:0
BRF:0
BRH:0
end_of_record
TN:
SF:src\sections\engineSettings\engineSettingsButton.tsx
FN:6,EngineSettingsButton
FN:22,(anonymous_3)
FN:29,(anonymous_4)
FNF:3
FNH:0
FNDA:0,EngineSettingsButton
FNDA:0,(anonymous_3)
FNDA:0,(anonymous_4)
DA:1,0
DA:2,0
DA:3,0
DA:4,0
DA:6,0
DA:7,0
DA:22,0
DA:29,0
LF:8
LH:0
BRF:0
BRH:0
end_of_record
TN:
SF:src\sections\engineSettings\engineSettingsDialog.tsx
FN:46,EngineSettingsDialog
FN:66,(anonymous_3)
FN:119,(anonymous_4)
FN:122,(anonymous_5)
FN:184,(anonymous_6)
FN:189,(anonymous_7)
FNF:6
FNH:0
FNDA:0,EngineSettingsDialog
FNDA:0,(anonymous_3)
FNDA:0,(anonymous_4)
FNDA:0,(anonymous_5)
FNDA:0,(anonymous_6)
FNDA:0,(anonymous_7)
DA:1,0
DA:2,0
DA:18,0
DA:24,0
DA:25,0
DA:26,0
DA:27,0
DA:28,0
DA:29,0
DA:30,0
DA:31,0
DA:32,0
DA:38,0
DA:39,0
DA:46,0
DA:47,0
DA:51,0
DA:55,0
DA:59,0
DA:60,0
DA:61,0
DA:63,0
DA:64,0
DA:66,0
DA:67,0
DA:68,0
DA:69,0
DA:71,0
DA:119,0
DA:123,0
DA:185,0
DA:190,0
LF:32
LH:0
BRDA:67,0,0,0
BRDA:68,1,0,0
BRDA:68,1,1,0
BRDA:194,2,0,0
BRDA:194,2,1,0
BRF:5
BRH:0
end_of_record
TN:
SF:src\sections\layout\NavBar.tsx
FN:31,NavBar
FN:35,(anonymous_3)
FN:44,(anonymous_4)
FN:57,(anonymous_5)
FN:57,(anonymous_6)
FN:118,(anonymous_7)
FNF:6
FNH:0
FNDA:0,NavBar
FNDA:0,(anonymous_3)
FNDA:0,(anonymous_4)
FNDA:0,(anonymous_5)
FNDA:0,(anonymous_6)
FNDA:0,(anonymous_7)
DA:1,0
DA:2,0
DA:3,0
DA:4,0
DA:5,0
DA:6,0
DA:7,0
DA:8,0
DA:9,0
DA:10,0
DA:11,0
DA:12,0
DA:20,0
DA:31,0
DA:32,0
DA:33,0
DA:35,0
DA:36,0
DA:44,0
DA:57,0
DA:118,0
LF:21
LH:0
BRDA:45,0,0,0
BRDA:45,0,1,0
BRDA:46,1,0,0
BRDA:46,1,1,0
BRDA:111,2,0,0
BRF:5
BRH:0
end_of_record
TN:
SF:src\sections\layout\NavMenu.tsx
FN:29,NavMenu
FN:35,(anonymous_3)
FNF:2
FNH:0
FNDA:0,NavMenu
FNDA:0,(anonymous_3)
DA:1,0
DA:2,0
DA:12,0
DA:14,0
DA:29,0
DA:36,0
LF:6
LH:0
BRF:0
BRH:0
end_of_record
TN:
SF:src\sections\layout\index.tsx
FN:8,Layout
FN:12,(anonymous_3)
FN:37,(anonymous_4)
FN:37,(anonymous_5)
FNF:4
FNH:0
FNDA:0,Layout
FNDA:0,(anonymous_3)
FNDA:0,(anonymous_4)
FNDA:0,(anonymous_5)
DA:1,0
DA:2,0
DA:3,0
DA:4,0
DA:5,0
DA:6,0
DA:8,0
DA:9,0
DA:11,0
DA:13,0
DA:30,0
DA:37,0
LF:12
LH:0
BRDA:15,0,0,0
BRDA:15,0,1,0
BRDA:23,1,0,0
BRDA:23,1,1,0
BRDA:30,2,0,0
BRF:5
BRH:0
end_of_record
TN:
SF:src\sections\loadGame\chessComInput.tsx
FN:21,ChessComInput
FN:29,(anonymous_2)
FN:33,(anonymous_3)
FN:49,(anonymous_4)
FN:56,(anonymous_5)
FN:62,(anonymous_6)
FN:63,(anonymous_7)
FN:67,(anonymous_8)
FN:82,(anonymous_9)
FN:96,(anonymous_10)
FN:113,(anonymous_11)
FN:152,(anonymous_13)
FN:164,(anonymous_14)
FNF:13
FNH:0
FNDA:0,ChessComInput
FNDA:0,(anonymous_2)
FNDA:0,(anonymous_3)
FNDA:0,(anonymous_4)
FNDA:0,(anonymous_5)
FNDA:0,(anonymous_6)
FNDA:0,(anonymous_7)
FNDA:0,(anonymous_8)
FNDA:0,(anonymous_9)
FNDA:0,(anonymous_10)
FNDA:0,(anonymous_11)
FNDA:0,(anonymous_13)
FNDA:0,(anonymous_14)
DA:1,0
DA:2,0
DA:10,0
DA:11,0
DA:12,0
DA:13,0
DA:14,0
DA:15,0
DA:21,0
DA:22,0
DA:26,0
DA:27,0
DA:29,0
DA:30,0
DA:31,0
DA:33,0
DA:37,0
DA:40,0
DA:46,0
DA:49,0
DA:50,0
DA:51,0
DA:52,0
DA:54,0
DA:56,0
DA:59,0
DA:62,0
DA:63,0
DA:64,0
DA:67,0
DA:68,0
DA:69,0
DA:70,0
DA:73,0
DA:79,0
DA:83,0
DA:97,0
DA:98,0
DA:114,0
DA:115,0
DA:154,0
DA:159,0
DA:166,0
DA:168,0
DA:169,0
LF:45
LH:0
BRDA:30,0,0,0
BRDA:40,1,0,0
BRDA:41,2,0,0
BRDA:41,2,1,0
BRDA:41,2,2,0
BRDA:51,3,0,0
BRDA:68,4,0,0
BRDA:68,4,1,0
BRDA:83,5,0,0
BRDA:83,5,1,0
BRDA:131,6,0,0
BRDA:141,7,0,0
BRDA:143,8,0,0
BRDA:147,9,0,0
BRDA:154,10,0,0
BRDA:154,10,1,0
BRF:16
BRH:0
end_of_record
TN:
SF:src\sections\loadGame\gamePgnInput.tsx
FN:10,GamePgnInput
FN:11,(anonymous_3)
FN:16,(anonymous_4)
FN:31,(anonymous_5)
FNF:4
FNH:0
FNDA:0,GamePgnInput
FNDA:0,(anonymous_3)
FNDA:0,(anonymous_4)
FNDA:0,(anonymous_5)
DA:1,0
DA:2,0
DA:3,0
DA:10,0
DA:11,0
DA:12,0
DA:13,0
DA:14,0
DA:16,0
DA:17,0
DA:18,0
DA:21,0
DA:31,0
LF:13
LH:0
BRDA:13,0,0,0
BRF:1
BRH:0
end_of_record
TN:
SF:src\sections\loadGame\lichessInput.tsx
FN:21,LichessInput
FN:29,(anonymous_2)
FN:33,(anonymous_3)
FN:48,(anonymous_4)
FN:55,(anonymous_5)
FN:61,(anonymous_6)
FN:62,(anonymous_7)
FN:66,(anonymous_8)
FN:81,(anonymous_9)
FN:95,(anonymous_10)
FN:112,(anonymous_11)
FN:151,(anonymous_13)
FN:163,(anonymous_14)
FNF:13
FNH:0
FNDA:0,LichessInput
FNDA:0,(anonymous_2)
FNDA:0,(anonymous_3)
FNDA:0,(anonymous_4)
FNDA:0,(anonymous_5)
FNDA:0,(anonymous_6)
FNDA:0,(anonymous_7)
FNDA:0,(anonymous_8)
FNDA:0,(anonymous_9)
FNDA:0,(anonymous_10)
FNDA:0,(anonymous_11)
FNDA:0,(anonymous_13)
FNDA:0,(anonymous_14)
DA:1,0
DA:2,0
DA:10,0
DA:11,0
DA:12,0
DA:13,0
DA:14,0
DA:15,0
DA:21,0
DA:22,0
DA:26,0
DA:27,0
DA:29,0
DA:30,0
DA:31,0
DA:33,0
DA:37,0
DA:40,0
DA:45,0
DA:48,0
DA:49,0
DA:50,0
DA:51,0
DA:53,0
DA:55,0
DA:58,0
DA:61,0
DA:62,0
DA:63,0
DA:66,0
DA:67,0
DA:68,0
DA:69,0
DA:72,0
DA:78,0
DA:82,0
DA:96,0
DA:97,0
DA:113,0
DA:114,0
DA:153,0
DA:158,0
DA:165,0
DA:167,0
DA:168,0
LF:45
LH:0
BRDA:30,0,0,0
BRDA:40,1,0,0
BRDA:41,2,0,0
BRDA:41,2,1,0
BRDA:41,2,2,0
BRDA:50,3,0,0
BRDA:67,4,0,0
BRDA:67,4,1,0
BRDA:82,5,0,0
BRDA:82,5,1,0
BRDA:130,6,0,0
BRDA:140,7,0,0
BRDA:142,8,0,0
BRDA:146,9,0,0
BRDA:153,10,0,0
BRDA:153,10,1,0
BRF:16
BRH:0
end_of_record
TN:
SF:src\sections\loadGame\loadGameButton.tsx
FN:12,LoadGameButton
FN:19,(anonymous_3)
FN:29,(anonymous_4)
FNF:3
FNH:0
FNDA:0,LoadGameButton
FNDA:0,(anonymous_3)
FNDA:0,(anonymous_4)
DA:1,0
DA:2,0
DA:3,0
DA:12,0
DA:13,0
DA:19,0
DA:29,0
LF:7
LH:0
BRDA:23,0,0,0
BRDA:23,0,1,0
BRF:2
BRH:0
end_of_record
TN:
SF:src\sections\loadGame\loadGameDialog.tsx
FN:35,NewGameDialog
FN:46,(anonymous_3)
FN:74,(anonymous_4)
FN:80,(anonymous_5)
FN:125,(anonymous_6)
FN:130,(anonymous_7)
FN:152,(anonymous_8)
FN:170,(anonymous_9)
FNF:8
FNH:0
FNDA:0,NewGameDialog
FNDA:0,(anonymous_3)
FNDA:0,(anonymous_4)
FNDA:0,(anonymous_5)
FNDA:0,(anonymous_6)
FNDA:0,(anonymous_7)
FNDA:0,(anonymous_8)
FNDA:0,(anonymous_9)
DA:1,0
DA:2,0
DA:3,0
DA:18,0
DA:19,0
DA:21,0
DA:22,0
DA:23,0
DA:24,0
DA:25,0
DA:26,0
DA:27,0
DA:35,0
DA:36,0
DA:37,0
DA:41,0
DA:42,0
DA:43,0
DA:44,0
DA:46,0
DA:47,0
DA:49,0
DA:50,0
DA:51,0
DA:53,0
DA:54,0
DA:56,0
DA:59,0
DA:60,0
DA:62,0
DA:64,0
DA:65,0
DA:68,0
DA:74,0
DA:75,0
DA:80,0
DA:81,0
DA:82,0
DA:83,0
DA:84,0
DA:86,0
DA:126,0
DA:127,0
DA:131,0
DA:152,0
DA:171,0
DA:182,0
LF:47
LH:0
BRDA:47,0,0,0
BRDA:53,1,0,0
BRDA:53,1,1,0
BRDA:59,2,0,0
BRDA:59,2,1,0
BRDA:64,3,0,0
BRDA:69,4,0,0
BRDA:69,4,1,0
BRDA:83,5,0,0
BRDA:107,6,0,0
BRDA:107,6,1,0
BRDA:124,7,0,0
BRDA:124,7,1,0
BRDA:138,8,0,0
BRDA:142,9,0,0
BRDA:146,10,0,0
BRDA:166,11,0,0
BRF:17
BRH:0
end_of_record
TN:
SF:src\sections\loadGame\gameItem\dateChip.tsx
FN:8,DateChip
FNF:1
FNH:0
FNDA:0,DateChip
DA:1,0
DA:2,0
DA:8,0
DA:9,0
LF:4
LH:0
BRDA:9,0,0,0
BRF:1
BRH:0
end_of_record
TN:
SF:src\sections\loadGame\gameItem\gameResultChip.tsx
FN:9,GameResultChip
FN:41,(anonymous_3)
FNF:2
FNH:0
FNDA:0,GameResultChip
FNDA:0,(anonymous_3)
DA:1,0
DA:2,0
DA:9,0
DA:13,0
DA:15,0
DA:41,0
DA:46,0
DA:50,0
DA:57,0
DA:61,0
DA:68,0
DA:69,0
DA:76,0
LF:13
LH:0
BRDA:46,0,0,0
BRDA:47,1,0,0
BRDA:47,1,1,0
BRDA:47,1,2,0
BRDA:47,1,3,0
BRDA:51,2,0,0
BRDA:51,2,1,0
BRDA:57,3,0,0
BRDA:58,4,0,0
BRDA:58,4,1,0
BRDA:58,4,2,0
BRDA:58,4,3,0
BRDA:62,5,0,0
BRDA:62,5,1,0
BRDA:68,6,0,0
BRF:15
BRH:0
end_of_record
TN:
SF:src\sections\loadGame\gameItem\index.tsx
FN:21,(anonymous_2)
FN:124,(anonymous_3)
FNF:2
FNH:0
FNDA:0,(anonymous_2)
FNDA:0,(anonymous_3)
DA:8,0
DA:10,0
DA:11,0
DA:12,0
DA:13,0
DA:21,0
DA:26,0
DA:27,0
DA:29,0
DA:30,0
DA:124,0
DA:125,0
LF:12
LH:0
BRDA:65,0,0,0
BRDA:65,0,1,0
BRDA:68,1,0,0
BRDA:68,1,1,0
BRDA:68,2,0,0
BRDA:68,2,1,0
BRDA:91,3,0,0
BRDA:91,3,1,0
BRDA:94,4,0,0
BRDA:94,4,1,0
BRDA:94,5,0,0
BRDA:94,5,1,0
BRDA:125,6,0,0
BRDA:125,6,1,0
BRF:14
BRH:0
end_of_record
TN:
SF:src\sections\loadGame\gameItem\movesNbChip.tsx
FN:8,MovesNbChip
FNF:1
FNH:0
FNDA:0,MovesNbChip
DA:1,0
DA:2,0
DA:8,0
DA:9,0
LF:4
LH:0
BRDA:9,0,0,0
BRF:1
BRH:0
end_of_record
TN:
SF:src\sections\loadGame\gameItem\timeControlChip.tsx
FN:8,TimeControlChip
FNF:1
FNH:0
FNDA:0,TimeControlChip
DA:1,0
DA:2,0
DA:8,0
DA:9,0
LF:4
LH:0
BRDA:9,0,0,0
BRF:1
BRH:0
end_of_record
TN:
SF:src\sections\play\board.tsx
FN:20,BoardContainer
FN:34,(anonymous_3)
FN:35,(anonymous_4)
FN:53,(anonymous_5)
FN:58,(anonymous_6)
FNF:5
FNH:0
FNDA:0,BoardContainer
FNDA:0,(anonymous_3)
FNDA:0,(anonymous_4)
FNDA:0,(anonymous_5)
FNDA:0,(anonymous_6)
DA:1,0
DA:9,0
DA:10,0
DA:11,0
DA:12,0
DA:13,0
DA:14,0
DA:15,0
DA:16,0
DA:17,0
DA:18,0
DA:20,0
DA:21,0
DA:22,0
DA:23,0
DA:24,0
DA:25,0
DA:26,0
DA:27,0
DA:28,0
DA:29,0
DA:31,0
DA:32,0
DA:34,0
DA:35,0
DA:36,0
DA:42,0
DA:45,0
DA:46,0
DA:47,0
DA:49,0
DA:51,0
DA:53,0
DA:54,0
DA:58,0
DA:59,0
DA:60,0
DA:63,0
DA:64,0
DA:67,0
DA:70,0
LF:41
LH:0
BRDA:36,0,0,0
BRDA:37,1,0,0
BRDA:37,1,1,0
BRDA:37,1,2,0
BRDA:37,1,3,0
BRDA:49,2,0,0
BRDA:63,3,0,0
BRDA:75,4,0,0
BRDA:75,4,1,0
BRF:9
BRH:0
end_of_record
TN:
SF:src\sections\play\gameInProgress.tsx
FN:12,GameInProgress
FN:16,(anonymous_3)
FN:20,(anonymous_4)
FNF:3
FNH:0
FNDA:0,GameInProgress
FNDA:0,(anonymous_3)
FNDA:0,(anonymous_4)
DA:6,0
DA:7,0
DA:8,0
DA:9,0
DA:10,0
DA:12,0
DA:13,0
DA:14,0
DA:16,0
DA:17,0
DA:20,0
DA:21,0
DA:24,0
LF:13
LH:0
BRDA:17,0,0,0
BRDA:24,1,0,0
BRF:2
BRH:0
end_of_record
TN:
SF:src\sections\play\gameRecap.tsx
FN:9,GameRecap
FN:18,(anonymous_2)
FN:32,(anonymous_3)
FNF:3
FNH:0
FNDA:0,GameRecap
FNDA:0,(anonymous_2)
FNDA:0,(anonymous_3)
DA:1,0
DA:2,0
DA:3,0
DA:4,0
DA:5,0
DA:6,0
DA:7,0
DA:9,0
DA:10,0
DA:11,0
DA:12,0
DA:13,0
DA:14,0
DA:16,0
DA:18,0
DA:19,0
DA:20,0
DA:21,0
DA:22,0
DA:24,0
DA:25,0
DA:26,0
DA:27,0
DA:29,0
DA:32,0
DA:33,0
DA:36,0
DA:38,0
LF:28
LH:0
BRDA:16,0,0,0
BRDA:16,1,0,0
BRDA:16,1,1,0
BRDA:19,2,0,0
BRDA:20,3,0,0
BRDA:20,3,1,0
BRDA:21,4,0,0
BRDA:21,4,1,0
BRDA:24,5,0,0
BRDA:25,6,0,0
BRDA:26,7,0,0
BRDA:27,8,0,0
BRDA:34,9,0,0
BRDA:34,9,1,0
BRF:14
BRH:0
end_of_record
TN:
SF:src\sections\play\states.ts
FNF:0
FNH:0
DA:1,0
DA:2,0
DA:4,0
DA:5,0
DA:7,0
DA:8,0
DA:9,0
DA:10,0
DA:11,0
DA:12,0
LF:10
LH:0
BRF:0
BRH:0
end_of_record
TN:
SF:src\sections\play\undoMoveButton.tsx
FN:7,UndoMoveButton
FN:12,(anonymous_2)
FNF:2
FNH:0
FNDA:0,UndoMoveButton
FNDA:0,(anonymous_2)
DA:1,0
DA:2,0
DA:3,0
DA:4,0
DA:5,0
DA:7,0
DA:8,0
DA:9,0
DA:10,0
DA:12,0
DA:13,0
DA:14,0
DA:15,0
DA:19,0
DA:20,0
DA:22,0
DA:23,0
LF:17
LH:0
BRDA:15,0,0,0
BRDA:15,0,1,0
BRDA:16,1,0,0
BRDA:16,1,1,0
BRDA:16,1,2,0
BRDA:16,1,3,0
BRDA:19,2,0,0
BRDA:22,3,0,0
BRF:8
BRH:0
end_of_record
TN:
SF:src\sections\play\gameSettings\gameSettingsButton.tsx
FN:7,GameSettingsButton
FN:13,(anonymous_3)
FN:19,(anonymous_4)
FNF:3
FNH:0
FNDA:0,GameSettingsButton
FNDA:0,(anonymous_3)
FNDA:0,(anonymous_4)
DA:1,0
DA:2,0
DA:3,0
DA:4,0
DA:5,0
DA:7,0
DA:8,0
DA:9,0
DA:13,0
DA:19,0
LF:10
LH:0
BRDA:14,0,0,0
BRDA:14,0,1,0
BRF:2
BRH:0
end_of_record
TN:
SF:src\sections\play\gameSettings\gameSettingsDialog.tsx
FN:43,GameSettingsDialog
FN:58,(anonymous_3)
FN:104,(anonymous_4)
FN:114,(anonymous_5)
FN:150,(anonymous_6)
FN:153,(anonymous_7)
FN:182,(anonymous_8)
FN:203,(anonymous_9)
FNF:8
FNH:0
FNDA:0,GameSettingsDialog
FNDA:0,(anonymous_3)
FNDA:0,(anonymous_4)
FNDA:0,(anonymous_5)
FNDA:0,(anonymous_6)
FNDA:0,(anonymous_7)
FNDA:0,(anonymous_8)
FNDA:0,(anonymous_9)
DA:1,0
DA:2,0
DA:20,0
DA:21,0
DA:22,0
DA:29,0
DA:30,0
DA:31,0
DA:32,0
DA:33,0
DA:34,0
DA:35,0
DA:36,0
DA:43,0
DA:44,0
DA:48,0
DA:52,0
DA:53,0
DA:54,0
DA:55,0
DA:56,0
DA:58,0
DA:59,0
DA:61,0
DA:62,0
DA:63,0
DA:67,0
DA:85,0
DA:86,0
DA:91,0
DA:94,0
DA:95,0
DA:97,0
DA:104,0
DA:105,0
DA:106,0
DA:107,0
DA:109,0
DA:114,0
DA:115,0
DA:116,0
DA:117,0
DA:150,0
DA:154,0
DA:183,0
DA:203,0
LF:46
LH:0
BRDA:63,0,0,0
BRDA:63,0,1,0
BRDA:65,1,0,0
BRDA:65,1,1,0
BRDA:70,2,0,0
BRDA:70,2,1,0
BRDA:73,3,0,0
BRDA:73,3,1,0
BRDA:77,4,0,0
BRDA:77,4,1,0
BRDA:80,5,0,0
BRDA:80,5,1,0
BRDA:87,6,0,0
BRDA:87,6,1,0
BRDA:105,7,0,0
BRDA:106,8,0,0
BRDA:106,8,1,0
BRDA:184,9,0,0
BRDA:184,9,1,0
BRDA:190,10,0,0
BRDA:190,10,1,0
BRDA:207,11,0,0
BRF:22
BRH:0
end_of_record
TN:
SF:src\types\enums.ts
FNF:0
FNH:0
DA:1,1
DA:7,1
DA:17,1
DA:30,7
LF:4
LH:4
BRF:0
BRH:0
end_of_record
TN:
SF:src\types\lichess.ts
FNF:0
FNH:0
DA:16,0
LF:1
LH:0
BRF:0
BRH:0
end_of_record
